{"D:\\Project\\Android\\src\\api\\agentLeads.ts": {"path":"D:\\Project\\Android\\src\\api\\agentLeads.ts","statementMap":{"0":{"start":{"line":5,"column":2},"end":{"line":9,"column":4}},"1":{"start":{"line":7,"column":6},"end":{"line":7,"column":66}}},"fnMap":{"0":{"name":"createAgentLeadsApi","decl":{"start":{"line":4,"column":16},"end":{"line":4,"column":35}},"loc":{"start":{"line":4,"column":80},"end":{"line":10,"column":1}},"line":4},"1":{"name":"(anonymous_1)","decl":{"start":{"line":6,"column":4},"end":{"line":6,"column":5}},"loc":{"start":{"line":6,"column":15},"end":{"line":8,"column":5}},"line":6}},"branchMap":{},"s":{"0":0,"1":0},"f":{"0":0,"1":0},"b":{}}
,"D:\\Project\\Android\\src\\api\\agentListings.ts": {"path":"D:\\Project\\Android\\src\\api\\agentListings.ts","statementMap":{"0":{"start":{"line":21,"column":2},"end":{"line":21,"column":45}},"1":{"start":{"line":21,"column":30},"end":{"line":21,"column":45}},"2":{"start":{"line":22,"column":2},"end":{"line":22,"column":57}},"3":{"start":{"line":22,"column":36},"end":{"line":22,"column":57}},"4":{"start":{"line":23,"column":2},"end":{"line":23,"column":63}},"5":{"start":{"line":23,"column":39},"end":{"line":23,"column":63}},"6":{"start":{"line":24,"column":2},"end":{"line":24,"column":55}},"7":{"start":{"line":24,"column":35},"end":{"line":24,"column":55}},"8":{"start":{"line":25,"column":2},"end":{"line":25,"column":61}},"9":{"start":{"line":25,"column":38},"end":{"line":25,"column":61}},"10":{"start":{"line":26,"column":2},"end":{"line":26,"column":12}},"11":{"start":{"line":30,"column":2},"end":{"line":107,"column":4}},"12":{"start":{"line":34,"column":25},"end":{"line":38,"column":16}},"13":{"start":{"line":41,"column":6},"end":{"line":53,"column":7}},"14":{"start":{"line":42,"column":8},"end":{"line":52,"column":9}},"15":{"start":{"line":43,"column":26},"end":{"line":43,"column":66}},"16":{"start":{"line":44,"column":10},"end":{"line":44,"column":37}},"17":{"start":{"line":46,"column":10},"end":{"line":46,"column":24}},"18":{"start":{"line":48,"column":10},"end":{"line":50,"column":11}},"19":{"start":{"line":49,"column":12},"end":{"line":49,"column":21}},"20":{"start":{"line":51,"column":10},"end":{"line":51,"column":18}},"21":{"start":{"line":55,"column":6},"end":{"line":55,"column":37}},"22":{"start":{"line":55,"column":21},"end":{"line":55,"column":37}},"23":{"start":{"line":56,"column":6},"end":{"line":56,"column":16}},"24":{"start":{"line":64,"column":19},"end":{"line":64,"column":33}},"25":{"start":{"line":65,"column":19},"end":{"line":65,"column":60}},"26":{"start":{"line":66,"column":19},"end":{"line":66,"column":48}},"27":{"start":{"line":67,"column":6},"end":{"line":67,"column":76}},"28":{"start":{"line":68,"column":6},"end":{"line":71,"column":8}},"29":{"start":{"line":75,"column":6},"end":{"line":75,"column":75}},"30":{"start":{"line":79,"column":6},"end":{"line":79,"column":80}},"31":{"start":{"line":84,"column":6},"end":{"line":84,"column":74}},"32":{"start":{"line":89,"column":6},"end":{"line":91,"column":9}},"33":{"start":{"line":96,"column":6},"end":{"line":105,"column":7}},"34":{"start":{"line":97,"column":8},"end":{"line":97,"column":82}},"35":{"start":{"line":99,"column":8},"end":{"line":103,"column":9}},"36":{"start":{"line":100,"column":10},"end":{"line":102,"column":13}},"37":{"start":{"line":104,"column":8},"end":{"line":104,"column":16}}},"fnMap":{"0":{"name":"toListings","decl":{"start":{"line":20,"column":9},"end":{"line":20,"column":19}},"loc":{"start":{"line":20,"column":70},"end":{"line":27,"column":1}},"line":20},"1":{"name":"createAgentListingsApi","decl":{"start":{"line":29,"column":16},"end":{"line":29,"column":38}},"loc":{"start":{"line":29,"column":83},"end":{"line":108,"column":1}},"line":29},"2":{"name":"(anonymous_2)","decl":{"start":{"line":31,"column":4},"end":{"line":31,"column":5}},"loc":{"start":{"line":31,"column":21},"end":{"line":57,"column":5}},"line":31},"3":{"name":"(anonymous_3)","decl":{"start":{"line":63,"column":4},"end":{"line":63,"column":5}},"loc":{"start":{"line":63,"column":54},"end":{"line":72,"column":5}},"line":63},"4":{"name":"(anonymous_4)","decl":{"start":{"line":74,"column":4},"end":{"line":74,"column":5}},"loc":{"start":{"line":74,"column":44},"end":{"line":76,"column":5}},"line":74},"5":{"name":"(anonymous_5)","decl":{"start":{"line":78,"column":4},"end":{"line":78,"column":5}},"loc":{"start":{"line":78,"column":56},"end":{"line":80,"column":5}},"line":78},"6":{"name":"(anonymous_6)","decl":{"start":{"line":83,"column":4},"end":{"line":83,"column":5}},"loc":{"start":{"line":83,"column":24},"end":{"line":85,"column":5}},"line":83},"7":{"name":"(anonymous_7)","decl":{"start":{"line":88,"column":4},"end":{"line":88,"column":5}},"loc":{"start":{"line":88,"column":30},"end":{"line":92,"column":5}},"line":88},"8":{"name":"(anonymous_8)","decl":{"start":{"line":95,"column":4},"end":{"line":95,"column":5}},"loc":{"start":{"line":95,"column":34},"end":{"line":106,"column":5}},"line":95}},"branchMap":{"0":{"loc":{"start":{"line":21,"column":2},"end":{"line":21,"column":45}},"type":"if","locations":[{"start":{"line":21,"column":2},"end":{"line":21,"column":45}},{"start":{},"end":{}}],"line":21},"1":{"loc":{"start":{"line":22,"column":2},"end":{"line":22,"column":57}},"type":"if","locations":[{"start":{"line":22,"column":2},"end":{"line":22,"column":57}},{"start":{},"end":{}}],"line":22},"2":{"loc":{"start":{"line":23,"column":2},"end":{"line":23,"column":63}},"type":"if","locations":[{"start":{"line":23,"column":2},"end":{"line":23,"column":63}},{"start":{},"end":{}}],"line":23},"3":{"loc":{"start":{"line":24,"column":2},"end":{"line":24,"column":55}},"type":"if","locations":[{"start":{"line":24,"column":2},"end":{"line":24,"column":55}},{"start":{},"end":{}}],"line":24},"4":{"loc":{"start":{"line":25,"column":2},"end":{"line":25,"column":61}},"type":"if","locations":[{"start":{"line":25,"column":2},"end":{"line":25,"column":61}},{"start":{},"end":{}}],"line":25},"5":{"loc":{"start":{"line":48,"column":10},"end":{"line":50,"column":11}},"type":"if","locations":[{"start":{"line":48,"column":10},"end":{"line":50,"column":11}},{"start":{},"end":{}}],"line":48},"6":{"loc":{"start":{"line":48,"column":14},"end":{"line":48,"column":55}},"type":"binary-expr","locations":[{"start":{"line":48,"column":14},"end":{"line":48,"column":35}},{"start":{"line":48,"column":39},"end":{"line":48,"column":55}}],"line":48},"7":{"loc":{"start":{"line":55,"column":6},"end":{"line":55,"column":37}},"type":"if","locations":[{"start":{"line":55,"column":6},"end":{"line":55,"column":37}},{"start":{},"end":{}}],"line":55},"8":{"loc":{"start":{"line":65,"column":19},"end":{"line":65,"column":60}},"type":"binary-expr","locations":[{"start":{"line":65,"column":19},"end":{"line":65,"column":32}},{"start":{"line":65,"column":36},"end":{"line":65,"column":60}}],"line":65},"9":{"loc":{"start":{"line":66,"column":19},"end":{"line":66,"column":48}},"type":"binary-expr","locations":[{"start":{"line":66,"column":19},"end":{"line":66,"column":32}},{"start":{"line":66,"column":36},"end":{"line":66,"column":48}}],"line":66},"10":{"loc":{"start":{"line":99,"column":8},"end":{"line":103,"column":9}},"type":"if","locations":[{"start":{"line":99,"column":8},"end":{"line":103,"column":9}},{"start":{},"end":{}}],"line":99},"11":{"loc":{"start":{"line":99,"column":12},"end":{"line":99,"column":95}},"type":"binary-expr","locations":[{"start":{"line":99,"column":12},"end":{"line":99,"column":33}},{"start":{"line":99,"column":38},"end":{"line":99,"column":54}},{"start":{"line":99,"column":58},"end":{"line":99,"column":74}},{"start":{"line":99,"column":78},"end":{"line":99,"column":94}}],"line":99}},"s":{"0":0,"1":0,"2":0,"3":0,"4":0,"5":0,"6":0,"7":0,"8":0,"9":0,"10":0,"11":0,"12":0,"13":0,"14":0,"15":0,"16":0,"17":0,"18":0,"19":0,"20":0,"21":0,"22":0,"23":0,"24":0,"25":0,"26":0,"27":0,"28":0,"29":0,"30":0,"31":0,"32":0,"33":0,"34":0,"35":0,"36":0,"37":0},"f":{"0":0,"1":0,"2":0,"3":0,"4":0,"5":0,"6":0,"7":0,"8":0},"b":{"0":[0,0],"1":[0,0],"2":[0,0],"3":[0,0],"4":[0,0],"5":[0,0],"6":[0,0],"7":[0,0],"8":[0,0],"9":[0,0],"10":[0,0],"11":[0,0,0,0]}}
,"D:\\Project\\Android\\src\\api\\agentProfiles.ts": {"path":"D:\\Project\\Android\\src\\api\\agentProfiles.ts","statementMap":{"0":{"start":{"line":5,"column":2},"end":{"line":17,"column":4}},"1":{"start":{"line":7,"column":6},"end":{"line":7,"column":64}},"2":{"start":{"line":11,"column":6},"end":{"line":11,"column":70}},"3":{"start":{"line":15,"column":6},"end":{"line":15,"column":80}}},"fnMap":{"0":{"name":"createAgentProfilesApi","decl":{"start":{"line":4,"column":16},"end":{"line":4,"column":38}},"loc":{"start":{"line":4,"column":83},"end":{"line":18,"column":1}},"line":4},"1":{"name":"(anonymous_1)","decl":{"start":{"line":6,"column":4},"end":{"line":6,"column":5}},"loc":{"start":{"line":6,"column":12},"end":{"line":8,"column":5}},"line":6},"2":{"name":"(anonymous_2)","decl":{"start":{"line":10,"column":4},"end":{"line":10,"column":5}},"loc":{"start":{"line":10,"column":43},"end":{"line":12,"column":5}},"line":10},"3":{"name":"(anonymous_3)","decl":{"start":{"line":14,"column":4},"end":{"line":14,"column":5}},"loc":{"start":{"line":14,"column":47},"end":{"line":16,"column":5}},"line":14}},"branchMap":{},"s":{"0":0,"1":0,"2":0,"3":0},"f":{"0":0,"1":0,"2":0,"3":0},"b":{}}
,"D:\\Project\\Android\\src\\api\\agentTypes.ts": {"path":"D:\\Project\\Android\\src\\api\\agentTypes.ts","statementMap":{},"fnMap":{},"branchMap":{},"s":{},"f":{},"b":{}}
,"D:\\Project\\Android\\src\\api\\ai.ts": {"path":"D:\\Project\\Android\\src\\api\\ai.ts","statementMap":{"0":{"start":{"line":29,"column":2},"end":{"line":132,"column":4}},"1":{"start":{"line":31,"column":16},"end":{"line":31,"column":57}},"2":{"start":{"line":32,"column":6},"end":{"line":35,"column":8}},"3":{"start":{"line":39,"column":6},"end":{"line":42,"column":8}},"4":{"start":{"line":46,"column":6},"end":{"line":49,"column":8}},"5":{"start":{"line":54,"column":6},"end":{"line":58,"column":8}},"6":{"start":{"line":62,"column":18},"end":{"line":66,"column":7}},"7":{"start":{"line":67,"column":6},"end":{"line":67,"column":76}},"8":{"start":{"line":67,"column":35},"end":{"line":67,"column":60}},"9":{"start":{"line":71,"column":6},"end":{"line":75,"column":8}},"10":{"start":{"line":79,"column":6},"end":{"line":79,"column":87}},"11":{"start":{"line":83,"column":40},"end":{"line":83,"column":42}},"12":{"start":{"line":84,"column":6},"end":{"line":84,"column":36}},"13":{"start":{"line":84,"column":17},"end":{"line":84,"column":36}},"14":{"start":{"line":85,"column":6},"end":{"line":85,"column":56}},"15":{"start":{"line":85,"column":29},"end":{"line":85,"column":56}},"16":{"start":{"line":86,"column":6},"end":{"line":86,"column":86}},"17":{"start":{"line":90,"column":6},"end":{"line":93,"column":8}},"18":{"start":{"line":97,"column":6},"end":{"line":97,"column":90}},"19":{"start":{"line":101,"column":6},"end":{"line":103,"column":9}},"20":{"start":{"line":107,"column":6},"end":{"line":107,"column":94}},"21":{"start":{"line":111,"column":16},"end":{"line":111,"column":48}},"22":{"start":{"line":112,"column":6},"end":{"line":114,"column":9}},"23":{"start":{"line":118,"column":6},"end":{"line":118,"column":83}},"24":{"start":{"line":122,"column":6},"end":{"line":122,"column":89}},"25":{"start":{"line":126,"column":6},"end":{"line":126,"column":87}},"26":{"start":{"line":130,"column":6},"end":{"line":130,"column":97}}},"fnMap":{"0":{"name":"createAiApi","decl":{"start":{"line":28,"column":16},"end":{"line":28,"column":27}},"loc":{"start":{"line":28,"column":72},"end":{"line":133,"column":1}},"line":28},"1":{"name":"(anonymous_1)","decl":{"start":{"line":30,"column":4},"end":{"line":30,"column":5}},"loc":{"start":{"line":30,"column":60},"end":{"line":36,"column":5}},"line":30},"2":{"name":"(anonymous_2)","decl":{"start":{"line":38,"column":4},"end":{"line":38,"column":5}},"loc":{"start":{"line":38,"column":47},"end":{"line":43,"column":5}},"line":38},"3":{"name":"(anonymous_3)","decl":{"start":{"line":45,"column":4},"end":{"line":45,"column":5}},"loc":{"start":{"line":45,"column":53},"end":{"line":50,"column":5}},"line":45},"4":{"name":"(anonymous_4)","decl":{"start":{"line":53,"column":4},"end":{"line":53,"column":5}},"loc":{"start":{"line":53,"column":89},"end":{"line":59,"column":5}},"line":53},"5":{"name":"(anonymous_5)","decl":{"start":{"line":61,"column":4},"end":{"line":61,"column":5}},"loc":{"start":{"line":61,"column":91},"end":{"line":68,"column":5}},"line":61},"6":{"name":"(anonymous_6)","decl":{"start":{"line":67,"column":28},"end":{"line":67,"column":29}},"loc":{"start":{"line":67,"column":35},"end":{"line":67,"column":60}},"line":67},"7":{"name":"(anonymous_7)","decl":{"start":{"line":70,"column":4},"end":{"line":70,"column":5}},"loc":{"start":{"line":70,"column":31},"end":{"line":76,"column":5}},"line":70},"8":{"name":"(anonymous_8)","decl":{"start":{"line":78,"column":4},"end":{"line":78,"column":5}},"loc":{"start":{"line":78,"column":53},"end":{"line":80,"column":5}},"line":78},"9":{"name":"(anonymous_9)","decl":{"start":{"line":82,"column":4},"end":{"line":82,"column":5}},"loc":{"start":{"line":82,"column":65},"end":{"line":87,"column":5}},"line":82},"10":{"name":"(anonymous_10)","decl":{"start":{"line":89,"column":4},"end":{"line":89,"column":5}},"loc":{"start":{"line":89,"column":64},"end":{"line":94,"column":5}},"line":89},"11":{"name":"(anonymous_11)","decl":{"start":{"line":96,"column":4},"end":{"line":96,"column":5}},"loc":{"start":{"line":96,"column":56},"end":{"line":98,"column":5}},"line":96},"12":{"name":"(anonymous_12)","decl":{"start":{"line":100,"column":4},"end":{"line":100,"column":5}},"loc":{"start":{"line":100,"column":49},"end":{"line":104,"column":5}},"line":100},"13":{"name":"(anonymous_13)","decl":{"start":{"line":106,"column":4},"end":{"line":106,"column":5}},"loc":{"start":{"line":106,"column":43},"end":{"line":108,"column":5}},"line":106},"14":{"name":"(anonymous_14)","decl":{"start":{"line":110,"column":4},"end":{"line":110,"column":5}},"loc":{"start":{"line":110,"column":46},"end":{"line":115,"column":5}},"line":110},"15":{"name":"(anonymous_15)","decl":{"start":{"line":117,"column":4},"end":{"line":117,"column":5}},"loc":{"start":{"line":117,"column":48},"end":{"line":119,"column":5}},"line":117},"16":{"name":"(anonymous_16)","decl":{"start":{"line":121,"column":4},"end":{"line":121,"column":5}},"loc":{"start":{"line":121,"column":40},"end":{"line":123,"column":5}},"line":121},"17":{"name":"(anonymous_17)","decl":{"start":{"line":125,"column":4},"end":{"line":125,"column":5}},"loc":{"start":{"line":125,"column":42},"end":{"line":127,"column":5}},"line":125},"18":{"name":"(anonymous_18)","decl":{"start":{"line":129,"column":4},"end":{"line":129,"column":5}},"loc":{"start":{"line":129,"column":62},"end":{"line":131,"column":5}},"line":129}},"branchMap":{"0":{"loc":{"start":{"line":31,"column":16},"end":{"line":31,"column":57}},"type":"cond-expr","locations":[{"start":{"line":31,"column":33},"end":{"line":31,"column":52}},{"start":{"line":31,"column":55},"end":{"line":31,"column":57}}],"line":31},"1":{"loc":{"start":{"line":67,"column":13},"end":{"line":67,"column":75}},"type":"binary-expr","locations":[{"start":{"line":67,"column":13},"end":{"line":67,"column":67}},{"start":{"line":67,"column":71},"end":{"line":67,"column":75}}],"line":67},"2":{"loc":{"start":{"line":84,"column":6},"end":{"line":84,"column":36}},"type":"if","locations":[{"start":{"line":84,"column":6},"end":{"line":84,"column":36}},{"start":{},"end":{}}],"line":84},"3":{"loc":{"start":{"line":85,"column":6},"end":{"line":85,"column":56}},"type":"if","locations":[{"start":{"line":85,"column":6},"end":{"line":85,"column":56}},{"start":{},"end":{}}],"line":85},"4":{"loc":{"start":{"line":110,"column":35},"end":{"line":110,"column":44}},"type":"default-arg","locations":[{"start":{"line":110,"column":43},"end":{"line":110,"column":44}}],"line":110}},"s":{"0":0,"1":0,"2":0,"3":0,"4":0,"5":0,"6":0,"7":0,"8":0,"9":0,"10":0,"11":0,"12":0,"13":0,"14":0,"15":0,"16":0,"17":0,"18":0,"19":0,"20":0,"21":0,"22":0,"23":0,"24":0,"25":0,"26":0},"f":{"0":0,"1":0,"2":0,"3":0,"4":0,"5":0,"6":0,"7":0,"8":0,"9":0,"10":0,"11":0,"12":0,"13":0,"14":0,"15":0,"16":0,"17":0,"18":0},"b":{"0":[0,0],"1":[0,0],"2":[0,0],"3":[0,0],"4":[0]}}
,"D:\\Project\\Android\\src\\api\\aiTypes.ts": {"path":"D:\\Project\\Android\\src\\api\\aiTypes.ts","statementMap":{},"fnMap":{},"branchMap":{},"s":{},"f":{},"b":{}}
,"D:\\Project\\Android\\src\\api\\auth.ts": {"path":"D:\\Project\\Android\\src\\api\\auth.ts","statementMap":{"0":{"start":{"line":12,"column":2},"end":{"line":64,"column":4}},"1":{"start":{"line":14,"column":6},"end":{"line":14,"column":81}},"2":{"start":{"line":18,"column":6},"end":{"line":22,"column":8}},"3":{"start":{"line":26,"column":16},"end":{"line":26,"column":51}},"4":{"start":{"line":27,"column":6},"end":{"line":30,"column":8}},"5":{"start":{"line":34,"column":16},"end":{"line":34,"column":48}},"6":{"start":{"line":35,"column":6},"end":{"line":38,"column":8}},"7":{"start":{"line":47,"column":6},"end":{"line":47,"column":88}},"8":{"start":{"line":51,"column":6},"end":{"line":55,"column":8}},"9":{"start":{"line":59,"column":6},"end":{"line":62,"column":8}}},"fnMap":{"0":{"name":"createAuthApi","decl":{"start":{"line":11,"column":16},"end":{"line":11,"column":29}},"loc":{"start":{"line":11,"column":74},"end":{"line":65,"column":1}},"line":11},"1":{"name":"(anonymous_1)","decl":{"start":{"line":13,"column":4},"end":{"line":13,"column":5}},"loc":{"start":{"line":13,"column":27},"end":{"line":15,"column":5}},"line":13},"2":{"name":"(anonymous_2)","decl":{"start":{"line":17,"column":4},"end":{"line":17,"column":5}},"loc":{"start":{"line":17,"column":33},"end":{"line":23,"column":5}},"line":17},"3":{"name":"(anonymous_3)","decl":{"start":{"line":25,"column":4},"end":{"line":25,"column":5}},"loc":{"start":{"line":25,"column":36},"end":{"line":31,"column":5}},"line":25},"4":{"name":"(anonymous_4)","decl":{"start":{"line":33,"column":4},"end":{"line":33,"column":5}},"loc":{"start":{"line":33,"column":30},"end":{"line":39,"column":5}},"line":33},"5":{"name":"(anonymous_5)","decl":{"start":{"line":41,"column":4},"end":{"line":41,"column":5}},"loc":{"start":{"line":46,"column":7},"end":{"line":48,"column":5}},"line":46},"6":{"name":"(anonymous_6)","decl":{"start":{"line":50,"column":4},"end":{"line":50,"column":5}},"loc":{"start":{"line":50,"column":34},"end":{"line":56,"column":5}},"line":50},"7":{"name":"(anonymous_7)","decl":{"start":{"line":58,"column":4},"end":{"line":58,"column":5}},"loc":{"start":{"line":58,"column":25},"end":{"line":63,"column":5}},"line":58}},"branchMap":{},"s":{"0":0,"1":0,"2":0,"3":0,"4":0,"5":0,"6":0,"7":0,"8":0,"9":0},"f":{"0":0,"1":0,"2":0,"3":0,"4":0,"5":0,"6":0,"7":0},"b":{}}
,"D:\\Project\\Android\\src\\api\\builderProjects.ts": {"path":"D:\\Project\\Android\\src\\api\\builderProjects.ts","statementMap":{"0":{"start":{"line":23,"column":2},"end":{"line":23,"column":25}},"1":{"start":{"line":23,"column":15},"end":{"line":23,"column":25}},"2":{"start":{"line":24,"column":12},"end":{"line":24,"column":33}},"3":{"start":{"line":25,"column":2},"end":{"line":25,"column":67}},"4":{"start":{"line":25,"column":29},"end":{"line":25,"column":67}},"5":{"start":{"line":26,"column":2},"end":{"line":26,"column":62}},"6":{"start":{"line":26,"column":27},"end":{"line":26,"column":62}},"7":{"start":{"line":27,"column":2},"end":{"line":27,"column":74}},"8":{"start":{"line":27,"column":31},"end":{"line":27,"column":74}},"9":{"start":{"line":28,"column":12},"end":{"line":28,"column":24}},"10":{"start":{"line":29,"column":2},"end":{"line":29,"column":26}},"11":{"start":{"line":33,"column":16},"end":{"line":33,"column":63}},"12":{"start":{"line":34,"column":2},"end":{"line":34,"column":51}},"13":{"start":{"line":34,"column":26},"end":{"line":34,"column":49}},"14":{"start":{"line":38,"column":2},"end":{"line":90,"column":4}},"15":{"start":{"line":40,"column":19},"end":{"line":43,"column":7}},"16":{"start":{"line":44,"column":6},"end":{"line":44,"column":33}},"17":{"start":{"line":49,"column":16},"end":{"line":49,"column":37}},"18":{"start":{"line":50,"column":6},"end":{"line":50,"column":72}},"19":{"start":{"line":50,"column":34},"end":{"line":50,"column":72}},"20":{"start":{"line":51,"column":6},"end":{"line":51,"column":67}},"21":{"start":{"line":51,"column":32},"end":{"line":51,"column":67}},"22":{"start":{"line":52,"column":17},"end":{"line":52,"column":29}},"23":{"start":{"line":53,"column":19},"end":{"line":55,"column":7}},"24":{"start":{"line":56,"column":6},"end":{"line":56,"column":33}},"25":{"start":{"line":60,"column":6},"end":{"line":60,"column":83}},"26":{"start":{"line":64,"column":21},"end":{"line":67,"column":7}},"27":{"start":{"line":68,"column":6},"end":{"line":68,"column":48}},"28":{"start":{"line":72,"column":6},"end":{"line":76,"column":8}},"29":{"start":{"line":80,"column":6},"end":{"line":80,"column":83}},"30":{"start":{"line":84,"column":6},"end":{"line":84,"column":78}},"31":{"start":{"line":88,"column":6},"end":{"line":88,"column":83}}},"fnMap":{"0":{"name":"queryString","decl":{"start":{"line":22,"column":9},"end":{"line":22,"column":20}},"loc":{"start":{"line":22,"column":64},"end":{"line":30,"column":1}},"line":22},"1":{"name":"mapPagedItems","decl":{"start":{"line":32,"column":9},"end":{"line":32,"column":22}},"loc":{"start":{"line":32,"column":91},"end":{"line":35,"column":1}},"line":32},"2":{"name":"(anonymous_2)","decl":{"start":{"line":34,"column":19},"end":{"line":34,"column":20}},"loc":{"start":{"line":34,"column":26},"end":{"line":34,"column":49}},"line":34},"3":{"name":"createBuilderProjectsApi","decl":{"start":{"line":37,"column":16},"end":{"line":37,"column":40}},"loc":{"start":{"line":37,"column":85},"end":{"line":91,"column":1}},"line":37},"4":{"name":"(anonymous_4)","decl":{"start":{"line":39,"column":4},"end":{"line":39,"column":5}},"loc":{"start":{"line":39,"column":50},"end":{"line":45,"column":5}},"line":39},"5":{"name":"(anonymous_5)","decl":{"start":{"line":48,"column":4},"end":{"line":48,"column":5}},"loc":{"start":{"line":48,"column":79},"end":{"line":57,"column":5}},"line":48},"6":{"name":"(anonymous_6)","decl":{"start":{"line":59,"column":4},"end":{"line":59,"column":5}},"loc":{"start":{"line":59,"column":19},"end":{"line":61,"column":5}},"line":59},"7":{"name":"(anonymous_7)","decl":{"start":{"line":63,"column":4},"end":{"line":63,"column":5}},"loc":{"start":{"line":63,"column":30},"end":{"line":69,"column":5}},"line":63},"8":{"name":"(anonymous_8)","decl":{"start":{"line":71,"column":4},"end":{"line":71,"column":5}},"loc":{"start":{"line":71,"column":57},"end":{"line":77,"column":5}},"line":71},"9":{"name":"(anonymous_9)","decl":{"start":{"line":79,"column":4},"end":{"line":79,"column":5}},"loc":{"start":{"line":79,"column":32},"end":{"line":81,"column":5}},"line":79},"10":{"name":"(anonymous_10)","decl":{"start":{"line":83,"column":4},"end":{"line":83,"column":5}},"loc":{"start":{"line":83,"column":46},"end":{"line":85,"column":5}},"line":83},"11":{"name":"(anonymous_11)","decl":{"start":{"line":87,"column":4},"end":{"line":87,"column":5}},"loc":{"start":{"line":87,"column":58},"end":{"line":89,"column":5}},"line":87}},"branchMap":{"0":{"loc":{"start":{"line":23,"column":2},"end":{"line":23,"column":25}},"type":"if","locations":[{"start":{"line":23,"column":2},"end":{"line":23,"column":25}},{"start":{},"end":{}}],"line":23},"1":{"loc":{"start":{"line":25,"column":2},"end":{"line":25,"column":67}},"type":"if","locations":[{"start":{"line":25,"column":2},"end":{"line":25,"column":67}},{"start":{},"end":{}}],"line":25},"2":{"loc":{"start":{"line":26,"column":2},"end":{"line":26,"column":62}},"type":"if","locations":[{"start":{"line":26,"column":2},"end":{"line":26,"column":62}},{"start":{},"end":{}}],"line":26},"3":{"loc":{"start":{"line":27,"column":2},"end":{"line":27,"column":74}},"type":"if","locations":[{"start":{"line":27,"column":2},"end":{"line":27,"column":74}},{"start":{},"end":{}}],"line":27},"4":{"loc":{"start":{"line":29,"column":9},"end":{"line":29,"column":25}},"type":"cond-expr","locations":[{"start":{"line":29,"column":13},"end":{"line":29,"column":20}},{"start":{"line":29,"column":23},"end":{"line":29,"column":25}}],"line":29},"5":{"loc":{"start":{"line":33,"column":16},"end":{"line":33,"column":63}},"type":"cond-expr","locations":[{"start":{"line":33,"column":38},"end":{"line":33,"column":42}},{"start":{"line":33,"column":46},"end":{"line":33,"column":62}}],"line":33},"6":{"loc":{"start":{"line":33,"column":46},"end":{"line":33,"column":62}},"type":"binary-expr","locations":[{"start":{"line":33,"column":46},"end":{"line":33,"column":56}},{"start":{"line":33,"column":60},"end":{"line":33,"column":62}}],"line":33},"7":{"loc":{"start":{"line":50,"column":6},"end":{"line":50,"column":72}},"type":"if","locations":[{"start":{"line":50,"column":6},"end":{"line":50,"column":72}},{"start":{},"end":{}}],"line":50},"8":{"loc":{"start":{"line":51,"column":6},"end":{"line":51,"column":67}},"type":"if","locations":[{"start":{"line":51,"column":6},"end":{"line":51,"column":67}},{"start":{},"end":{}}],"line":51},"9":{"loc":{"start":{"line":54,"column":37},"end":{"line":54,"column":55}},"type":"cond-expr","locations":[{"start":{"line":54,"column":42},"end":{"line":54,"column":50}},{"start":{"line":54,"column":53},"end":{"line":54,"column":55}}],"line":54}},"s":{"0":0,"1":0,"2":0,"3":0,"4":0,"5":0,"6":0,"7":0,"8":0,"9":0,"10":0,"11":0,"12":0,"13":0,"14":0,"15":0,"16":0,"17":0,"18":0,"19":0,"20":0,"21":0,"22":0,"23":0,"24":0,"25":0,"26":0,"27":0,"28":0,"29":0,"30":0,"31":0},"f":{"0":0,"1":0,"2":0,"3":0,"4":0,"5":0,"6":0,"7":0,"8":0,"9":0,"10":0,"11":0},"b":{"0":[0,0],"1":[0,0],"2":[0,0],"3":[0,0],"4":[0,0],"5":[0,0],"6":[0,0],"7":[0,0],"8":[0,0],"9":[0,0]}}
,"D:\\Project\\Android\\src\\api\\builderTypes.ts": {"path":"D:\\Project\\Android\\src\\api\\builderTypes.ts","statementMap":{},"fnMap":{},"branchMap":{},"s":{},"f":{},"b":{}}
,"D:\\Project\\Android\\src\\api\\client.ts": {"path":"D:\\Project\\Android\\src\\api\\client.ts","statementMap":{"0":{"start":{"line":11,"column":12},"end":{"line":11,"column":36}},"1":{"start":{"line":12,"column":12},"end":{"line":12,"column":52}},"2":{"start":{"line":13,"column":2},"end":{"line":13,"column":20}},"3":{"start":{"line":22,"column":16},"end":{"line":22,"column":43}},"4":{"start":{"line":23,"column":20},"end":{"line":23,"column":45}},"5":{"start":{"line":24,"column":4},"end":{"line":26,"column":5}},"6":{"start":{"line":25,"column":6},"end":{"line":25,"column":54}},"7":{"start":{"line":27,"column":4},"end":{"line":29,"column":5}},"8":{"start":{"line":28,"column":6},"end":{"line":28,"column":64}},"9":{"start":{"line":31,"column":20},"end":{"line":31,"column":39}},"10":{"start":{"line":32,"column":4},"end":{"line":37,"column":5}},"11":{"start":{"line":33,"column":20},"end":{"line":33,"column":55}},"12":{"start":{"line":34,"column":6},"end":{"line":36,"column":7}},"13":{"start":{"line":35,"column":8},"end":{"line":35,"column":56}},"14":{"start":{"line":40,"column":4},"end":{"line":50,"column":5}},"15":{"start":{"line":41,"column":6},"end":{"line":41,"column":51}},"16":{"start":{"line":43,"column":23},"end":{"line":47,"column":17}},"17":{"start":{"line":48,"column":22},"end":{"line":48,"column":100}},"18":{"start":{"line":49,"column":6},"end":{"line":49,"column":31}},"19":{"start":{"line":52,"column":17},"end":{"line":52,"column":33}},"20":{"start":{"line":53,"column":15},"end":{"line":53,"column":52}},"21":{"start":{"line":54,"column":19},"end":{"line":54,"column":69}},"22":{"start":{"line":56,"column":4},"end":{"line":67,"column":5}},"23":{"start":{"line":57,"column":20},"end":{"line":57,"column":42}},"24":{"start":{"line":58,"column":6},"end":{"line":65,"column":7}},"25":{"start":{"line":59,"column":8},"end":{"line":64,"column":9}},"26":{"start":{"line":60,"column":26},"end":{"line":60,"column":82}},"27":{"start":{"line":61,"column":10},"end":{"line":61,"column":64}},"28":{"start":{"line":66,"column":6},"end":{"line":66,"column":52}},"29":{"start":{"line":69,"column":4},"end":{"line":71,"column":5}},"30":{"start":{"line":70,"column":6},"end":{"line":70,"column":28}},"31":{"start":{"line":73,"column":4},"end":{"line":75,"column":5}},"32":{"start":{"line":74,"column":6},"end":{"line":74,"column":35}},"33":{"start":{"line":77,"column":4},"end":{"line":77,"column":32}},"34":{"start":{"line":80,"column":2},"end":{"line":108,"column":4}},"35":{"start":{"line":83,"column":6},"end":{"line":83,"column":50}},"36":{"start":{"line":85,"column":6},"end":{"line":94,"column":8}},"37":{"start":{"line":96,"column":6},"end":{"line":105,"column":8}},"38":{"start":{"line":107,"column":6},"end":{"line":107,"column":53}},"39":{"start":{"line":117,"column":4},"end":{"line":117,"column":19}},"40":{"start":{"line":118,"column":4},"end":{"line":118,"column":27}}},"fnMap":{"0":{"name":"joinUrl","decl":{"start":{"line":10,"column":9},"end":{"line":10,"column":16}},"loc":{"start":{"line":10,"column":53},"end":{"line":14,"column":1}},"line":10},"1":{"name":"createApiClient","decl":{"start":{"line":20,"column":16},"end":{"line":20,"column":31}},"loc":{"start":{"line":20,"column":60},"end":{"line":109,"column":1}},"line":20},"2":{"name":"request","decl":{"start":{"line":21,"column":17},"end":{"line":21,"column":24}},"loc":{"start":{"line":21,"column":81},"end":{"line":78,"column":3}},"line":21},"3":{"name":"(anonymous_3)","decl":{"start":{"line":82,"column":9},"end":{"line":82,"column":10}},"loc":{"start":{"line":83,"column":6},"end":{"line":83,"column":50}},"line":83},"4":{"name":"(anonymous_4)","decl":{"start":{"line":84,"column":10},"end":{"line":84,"column":11}},"loc":{"start":{"line":85,"column":6},"end":{"line":94,"column":8}},"line":85},"5":{"name":"(anonymous_5)","decl":{"start":{"line":95,"column":9},"end":{"line":95,"column":10}},"loc":{"start":{"line":96,"column":6},"end":{"line":105,"column":8}},"line":96},"6":{"name":"(anonymous_6)","decl":{"start":{"line":106,"column":12},"end":{"line":106,"column":13}},"loc":{"start":{"line":107,"column":6},"end":{"line":107,"column":53}},"line":107},"7":{"name":"(anonymous_7)","decl":{"start":{"line":112,"column":2},"end":{"line":112,"column":3}},"loc":{"start":{"line":116,"column":4},"end":{"line":119,"column":3}},"line":116}},"branchMap":{"0":{"loc":{"start":{"line":12,"column":12},"end":{"line":12,"column":52}},"type":"cond-expr","locations":[{"start":{"line":12,"column":35},"end":{"line":12,"column":39}},{"start":{"line":12,"column":42},"end":{"line":12,"column":52}}],"line":12},"1":{"loc":{"start":{"line":21,"column":42},"end":{"line":21,"column":67}},"type":"default-arg","locations":[{"start":{"line":21,"column":65},"end":{"line":21,"column":67}}],"line":21},"2":{"loc":{"start":{"line":24,"column":4},"end":{"line":26,"column":5}},"type":"if","locations":[{"start":{"line":24,"column":4},"end":{"line":26,"column":5}},{"start":{},"end":{}}],"line":24},"3":{"loc":{"start":{"line":24,"column":8},"end":{"line":24,"column":93}},"type":"binary-expr","locations":[{"start":{"line":24,"column":8},"end":{"line":24,"column":36}},{"start":{"line":24,"column":40},"end":{"line":24,"column":57}},{"start":{"line":24,"column":61},"end":{"line":24,"column":93}}],"line":24},"4":{"loc":{"start":{"line":27,"column":4},"end":{"line":29,"column":5}},"type":"if","locations":[{"start":{"line":27,"column":4},"end":{"line":29,"column":5}},{"start":{},"end":{}}],"line":27},"5":{"loc":{"start":{"line":32,"column":4},"end":{"line":37,"column":5}},"type":"if","locations":[{"start":{"line":32,"column":4},"end":{"line":37,"column":5}},{"start":{},"end":{}}],"line":32},"6":{"loc":{"start":{"line":34,"column":6},"end":{"line":36,"column":7}},"type":"if","locations":[{"start":{"line":34,"column":6},"end":{"line":36,"column":7}},{"start":{},"end":{}}],"line":34},"7":{"loc":{"start":{"line":48,"column":22},"end":{"line":48,"column":100}},"type":"cond-expr","locations":[{"start":{"line":48,"column":45},"end":{"line":48,"column":89}},{"start":{"line":48,"column":92},"end":{"line":48,"column":100}}],"line":48},"8":{"loc":{"start":{"line":53,"column":15},"end":{"line":53,"column":52}},"type":"binary-expr","locations":[{"start":{"line":53,"column":15},"end":{"line":53,"column":46}},{"start":{"line":53,"column":50},"end":{"line":53,"column":52}}],"line":53},"9":{"loc":{"start":{"line":54,"column":19},"end":{"line":54,"column":69}},"type":"binary-expr","locations":[{"start":{"line":54,"column":19},"end":{"line":54,"column":50}},{"start":{"line":54,"column":54},"end":{"line":54,"column":69}}],"line":54},"10":{"loc":{"start":{"line":56,"column":4},"end":{"line":67,"column":5}},"type":"if","locations":[{"start":{"line":56,"column":4},"end":{"line":67,"column":5}},{"start":{},"end":{}}],"line":56},"11":{"loc":{"start":{"line":57,"column":20},"end":{"line":57,"column":42}},"type":"binary-expr","locations":[{"start":{"line":57,"column":20},"end":{"line":57,"column":24}},{"start":{"line":57,"column":28},"end":{"line":57,"column":42}}],"line":57},"12":{"loc":{"start":{"line":58,"column":6},"end":{"line":65,"column":7}},"type":"if","locations":[{"start":{"line":58,"column":6},"end":{"line":65,"column":7}},{"start":{},"end":{}}],"line":58},"13":{"loc":{"start":{"line":61,"column":20},"end":{"line":61,"column":63}},"type":"binary-expr","locations":[{"start":{"line":61,"column":20},"end":{"line":61,"column":35}},{"start":{"line":61,"column":39},"end":{"line":61,"column":52}},{"start":{"line":61,"column":56},"end":{"line":61,"column":63}}],"line":61},"14":{"loc":{"start":{"line":69,"column":4},"end":{"line":71,"column":5}},"type":"if","locations":[{"start":{"line":69,"column":4},"end":{"line":71,"column":5}},{"start":{},"end":{}}],"line":69},"15":{"loc":{"start":{"line":73,"column":4},"end":{"line":75,"column":5}},"type":"if","locations":[{"start":{"line":73,"column":4},"end":{"line":75,"column":5}},{"start":{},"end":{}}],"line":73},"16":{"loc":{"start":{"line":89,"column":10},"end":{"line":93,"column":25}},"type":"cond-expr","locations":[{"start":{"line":90,"column":14},"end":{"line":90,"column":18}},{"start":{"line":91,"column":14},"end":{"line":93,"column":25}}],"line":89},"17":{"loc":{"start":{"line":91,"column":14},"end":{"line":93,"column":25}},"type":"cond-expr","locations":[{"start":{"line":92,"column":16},"end":{"line":92,"column":36}},{"start":{"line":93,"column":16},"end":{"line":93,"column":25}}],"line":91},"18":{"loc":{"start":{"line":100,"column":10},"end":{"line":104,"column":25}},"type":"cond-expr","locations":[{"start":{"line":101,"column":14},"end":{"line":101,"column":18}},{"start":{"line":102,"column":14},"end":{"line":104,"column":25}}],"line":100},"19":{"loc":{"start":{"line":102,"column":14},"end":{"line":104,"column":25}},"type":"cond-expr","locations":[{"start":{"line":103,"column":16},"end":{"line":103,"column":36}},{"start":{"line":104,"column":16},"end":{"line":104,"column":25}}],"line":102}},"s":{"0":0,"1":0,"2":0,"3":0,"4":0,"5":0,"6":0,"7":0,"8":0,"9":0,"10":0,"11":0,"12":0,"13":0,"14":0,"15":0,"16":0,"17":0,"18":0,"19":0,"20":0,"21":0,"22":0,"23":0,"24":0,"25":0,"26":0,"27":0,"28":0,"29":0,"30":0,"31":0,"32":0,"33":0,"34":0,"35":0,"36":0,"37":0,"38":0,"39":2,"40":2},"f":{"0":0,"1":0,"2":0,"3":0,"4":0,"5":0,"6":0,"7":2},"b":{"0":[0,0],"1":[0],"2":[0,0],"3":[0,0,0],"4":[0,0],"5":[0,0],"6":[0,0],"7":[0,0],"8":[0,0],"9":[0,0],"10":[0,0],"11":[0,0],"12":[0,0],"13":[0,0,0],"14":[0,0],"15":[0,0],"16":[0,0],"17":[0,0],"18":[0,0],"19":[0,0]},"_coverageSchema":"1a1c01bbd47fc00a2c39e90264f33305004495a9","hash":"8c56bd601fb677c90d50354ca1414ddf86b038e5"}
,"D:\\Project\\Android\\src\\api\\createPropertyTypes.ts": {"path":"D:\\Project\\Android\\src\\api\\createPropertyTypes.ts","statementMap":{},"fnMap":{},"branchMap":{},"s":{},"f":{},"b":{}}
,"D:\\Project\\Android\\src\\api\\favoriteTypes.ts": {"path":"D:\\Project\\Android\\src\\api\\favoriteTypes.ts","statementMap":{},"fnMap":{},"branchMap":{},"s":{},"f":{},"b":{}}
,"D:\\Project\\Android\\src\\api\\favorites.ts": {"path":"D:\\Project\\Android\\src\\api\\favorites.ts","statementMap":{"0":{"start":{"line":10,"column":2},"end":{"line":27,"column":4}},"1":{"start":{"line":12,"column":6},"end":{"line":12,"column":67}},"2":{"start":{"line":16,"column":6},"end":{"line":18,"column":8}},"3":{"start":{"line":22,"column":6},"end":{"line":25,"column":9}}},"fnMap":{"0":{"name":"createFavoritesApi","decl":{"start":{"line":9,"column":16},"end":{"line":9,"column":34}},"loc":{"start":{"line":9,"column":79},"end":{"line":28,"column":1}},"line":9},"1":{"name":"(anonymous_1)","decl":{"start":{"line":11,"column":4},"end":{"line":11,"column":5}},"loc":{"start":{"line":11,"column":11},"end":{"line":13,"column":5}},"line":11},"2":{"name":"(anonymous_2)","decl":{"start":{"line":15,"column":4},"end":{"line":15,"column":5}},"loc":{"start":{"line":15,"column":67},"end":{"line":19,"column":5}},"line":15},"3":{"name":"(anonymous_3)","decl":{"start":{"line":21,"column":4},"end":{"line":21,"column":5}},"loc":{"start":{"line":21,"column":67},"end":{"line":26,"column":5}},"line":21}},"branchMap":{},"s":{"0":0,"1":0,"2":0,"3":0},"f":{"0":0,"1":0,"2":0,"3":0},"b":{}}
,"D:\\Project\\Android\\src\\api\\health.ts": {"path":"D:\\Project\\Android\\src\\api\\health.ts","statementMap":{"0":{"start":{"line":11,"column":18},"end":{"line":11,"column":30}},"1":{"start":{"line":12,"column":14},"end":{"line":12,"column":34}},"2":{"start":{"line":14,"column":2},"end":{"line":32,"column":3}},"3":{"start":{"line":15,"column":16},"end":{"line":15,"column":51}},"4":{"start":{"line":16,"column":17},"end":{"line":16,"column":42}},"5":{"start":{"line":17,"column":4},"end":{"line":19,"column":5}},"6":{"start":{"line":18,"column":6},"end":{"line":18,"column":61}},"7":{"start":{"line":20,"column":4},"end":{"line":24,"column":6}},"8":{"start":{"line":26,"column":19},"end":{"line":26,"column":67}},"9":{"start":{"line":27,"column":4},"end":{"line":31,"column":6}}},"fnMap":{"0":{"name":"checkApiHealth","decl":{"start":{"line":10,"column":22},"end":{"line":10,"column":36}},"loc":{"start":{"line":10,"column":65},"end":{"line":33,"column":1}},"line":10}},"branchMap":{"0":{"loc":{"start":{"line":17,"column":4},"end":{"line":19,"column":5}},"type":"if","locations":[{"start":{"line":17,"column":4},"end":{"line":19,"column":5}},{"start":{},"end":{}}],"line":17},"1":{"loc":{"start":{"line":17,"column":8},"end":{"line":17,"column":59}},"type":"binary-expr","locations":[{"start":{"line":17,"column":8},"end":{"line":17,"column":14}},{"start":{"line":17,"column":19},"end":{"line":17,"column":32}},{"start":{"line":17,"column":36},"end":{"line":17,"column":58}}],"line":17},"2":{"loc":{"start":{"line":23,"column":44},"end":{"line":23,"column":80}},"type":"cond-expr","locations":[{"start":{"line":23,"column":51},"end":{"line":23,"column":75}},{"start":{"line":23,"column":78},"end":{"line":23,"column":80}}],"line":23},"3":{"loc":{"start":{"line":26,"column":19},"end":{"line":26,"column":67}},"type":"cond-expr","locations":[{"start":{"line":26,"column":40},"end":{"line":26,"column":49}},{"start":{"line":26,"column":52},"end":{"line":26,"column":67}}],"line":26}},"s":{"0":0,"1":0,"2":0,"3":0,"4":0,"5":0,"6":0,"7":0,"8":0,"9":0},"f":{"0":0},"b":{"0":[0,0],"1":[0,0,0],"2":[0,0],"3":[0,0]}}
,"D:\\Project\\Android\\src\\api\\inquiryTypes.ts": {"path":"D:\\Project\\Android\\src\\api\\inquiryTypes.ts","statementMap":{},"fnMap":{},"branchMap":{},"s":{},"f":{},"b":{}}
,"D:\\Project\\Android\\src\\api\\invoices.ts": {"path":"D:\\Project\\Android\\src\\api\\invoices.ts","statementMap":{"0":{"start":{"line":4,"column":2},"end":{"line":9,"column":4}},"1":{"start":{"line":7,"column":6},"end":{"line":7,"column":76}}},"fnMap":{"0":{"name":"createInvoicesApi","decl":{"start":{"line":3,"column":16},"end":{"line":3,"column":33}},"loc":{"start":{"line":3,"column":78},"end":{"line":10,"column":1}},"line":3},"1":{"name":"(anonymous_1)","decl":{"start":{"line":6,"column":4},"end":{"line":6,"column":5}},"loc":{"start":{"line":6,"column":51},"end":{"line":8,"column":5}},"line":6}},"branchMap":{},"s":{"0":0,"1":0},"f":{"0":0,"1":0},"b":{}}
,"D:\\Project\\Android\\src\\api\\localeHeader.ts": {"path":"D:\\Project\\Android\\src\\api\\localeHeader.ts","statementMap":{"0":{"start":{"line":4,"column":31},"end":{"line":4,"column":45}},"1":{"start":{"line":7,"column":2},"end":{"line":7,"column":25}},"2":{"start":{"line":11,"column":2},"end":{"line":11,"column":23}},"3":{"start":{"line":15,"column":2},"end":{"line":15,"column":40}},"4":{"start":{"line":20,"column":2},"end":{"line":20,"column":46}}},"fnMap":{"0":{"name":"setApiCulture","decl":{"start":{"line":6,"column":16},"end":{"line":6,"column":29}},"loc":{"start":{"line":6,"column":55},"end":{"line":8,"column":1}},"line":6},"1":{"name":"getAppLocale","decl":{"start":{"line":10,"column":16},"end":{"line":10,"column":28}},"loc":{"start":{"line":10,"column":42},"end":{"line":12,"column":1}},"line":10},"2":{"name":"getAcceptLanguageHeader","decl":{"start":{"line":14,"column":16},"end":{"line":14,"column":39}},"loc":{"start":{"line":14,"column":50},"end":{"line":16,"column":1}},"line":14},"3":{"name":"getGooglePlacesLanguage","decl":{"start":{"line":19,"column":16},"end":{"line":19,"column":39}},"loc":{"start":{"line":19,"column":50},"end":{"line":21,"column":1}},"line":19}},"branchMap":{"0":{"loc":{"start":{"line":20,"column":9},"end":{"line":20,"column":45}},"type":"cond-expr","locations":[{"start":{"line":20,"column":34},"end":{"line":20,"column":38}},{"start":{"line":20,"column":41},"end":{"line":20,"column":45}}],"line":20}},"s":{"0":2,"1":0,"2":0,"3":0,"4":0},"f":{"0":0,"1":0,"2":0,"3":0},"b":{"0":[0,0]},"_coverageSchema":"1a1c01bbd47fc00a2c39e90264f33305004495a9","hash":"9a95880aba393f54dea2b3bd33eccf2b65b0855d"}
,"D:\\Project\\Android\\src\\api\\normalizeOwnerDashboard.ts": {"path":"D:\\Project\\Android\\src\\api\\normalizeOwnerDashboard.ts","statementMap":{"0":{"start":{"line":4,"column":12},"end":{"line":4,"column":37}},"1":{"start":{"line":5,"column":2},"end":{"line":5,"column":36}},"2":{"start":{"line":13,"column":12},"end":{"line":13,"column":37}},"3":{"start":{"line":14,"column":2},"end":{"line":14,"column":29}},"4":{"start":{"line":14,"column":17},"end":{"line":14,"column":29}},"5":{"start":{"line":15,"column":12},"end":{"line":15,"column":28}},"6":{"start":{"line":16,"column":2},"end":{"line":16,"column":29}},"7":{"start":{"line":20,"column":12},"end":{"line":20,"column":37}},"8":{"start":{"line":21,"column":2},"end":{"line":21,"column":20}},"9":{"start":{"line":25,"column":12},"end":{"line":25,"column":37}},"10":{"start":{"line":26,"column":2},"end":{"line":26,"column":52}},"11":{"start":{"line":34,"column":12},"end":{"line":34,"column":37}},"12":{"start":{"line":35,"column":2},"end":{"line":35,"column":29}},"13":{"start":{"line":35,"column":17},"end":{"line":35,"column":29}},"14":{"start":{"line":36,"column":12},"end":{"line":36,"column":49}},"15":{"start":{"line":37,"column":2},"end":{"line":37,"column":39}},"16":{"start":{"line":42,"column":12},"end":{"line":42,"column":50}},"17":{"start":{"line":43,"column":2},"end":{"line":72,"column":4}},"18":{"start":{"line":76,"column":2},"end":{"line":76,"column":47}},"19":{"start":{"line":80,"column":12},"end":{"line":80,"column":50}},"20":{"start":{"line":81,"column":14},"end":{"line":81,"column":36}},"21":{"start":{"line":82,"column":2},"end":{"line":82,"column":40}},"22":{"start":{"line":86,"column":12},"end":{"line":86,"column":50}},"23":{"start":{"line":87,"column":12},"end":{"line":87,"column":34}},"24":{"start":{"line":88,"column":2},"end":{"line":88,"column":29}},"25":{"start":{"line":88,"column":17},"end":{"line":88,"column":29}},"26":{"start":{"line":89,"column":12},"end":{"line":89,"column":28}},"27":{"start":{"line":90,"column":2},"end":{"line":90,"column":29}},"28":{"start":{"line":94,"column":12},"end":{"line":94,"column":50}},"29":{"start":{"line":95,"column":2},"end":{"line":95,"column":48}}},"fnMap":{"0":{"name":"readString","decl":{"start":{"line":3,"column":9},"end":{"line":3,"column":19}},"loc":{"start":{"line":3,"column":89},"end":{"line":6,"column":1}},"line":3},"1":{"name":"readNullableString","decl":{"start":{"line":8,"column":9},"end":{"line":8,"column":27}},"loc":{"start":{"line":12,"column":17},"end":{"line":17,"column":1}},"line":12},"2":{"name":"readBool","decl":{"start":{"line":19,"column":9},"end":{"line":19,"column":17}},"loc":{"start":{"line":19,"column":88},"end":{"line":22,"column":1}},"line":19},"3":{"name":"readNumber","decl":{"start":{"line":24,"column":9},"end":{"line":24,"column":19}},"loc":{"start":{"line":24,"column":89},"end":{"line":27,"column":1}},"line":24},"4":{"name":"readNullableNumber","decl":{"start":{"line":29,"column":9},"end":{"line":29,"column":27}},"loc":{"start":{"line":33,"column":17},"end":{"line":38,"column":1}},"line":33},"5":{"name":"normalizeOwnerDashboardItem","decl":{"start":{"line":41,"column":16},"end":{"line":41,"column":43}},"loc":{"start":{"line":41,"column":78},"end":{"line":73,"column":1}},"line":41},"6":{"name":"normalizeOwnerDashboard","decl":{"start":{"line":75,"column":16},"end":{"line":75,"column":39}},"loc":{"start":{"line":75,"column":79},"end":{"line":77,"column":1}},"line":75},"7":{"name":"readApiMessage","decl":{"start":{"line":79,"column":16},"end":{"line":79,"column":30}},"loc":{"start":{"line":79,"column":53},"end":{"line":83,"column":1}},"line":79},"8":{"name":"readApiOutcome","decl":{"start":{"line":85,"column":16},"end":{"line":85,"column":30}},"loc":{"start":{"line":85,"column":60},"end":{"line":91,"column":1}},"line":85},"9":{"name":"readApiHidden","decl":{"start":{"line":93,"column":16},"end":{"line":93,"column":29}},"loc":{"start":{"line":93,"column":53},"end":{"line":96,"column":1}},"line":93}},"branchMap":{"0":{"loc":{"start":{"line":4,"column":12},"end":{"line":4,"column":37}},"type":"binary-expr","locations":[{"start":{"line":4,"column":12},"end":{"line":4,"column":22}},{"start":{"line":4,"column":26},"end":{"line":4,"column":37}}],"line":4},"1":{"loc":{"start":{"line":5,"column":9},"end":{"line":5,"column":35}},"type":"cond-expr","locations":[{"start":{"line":5,"column":21},"end":{"line":5,"column":23}},{"start":{"line":5,"column":26},"end":{"line":5,"column":35}}],"line":5},"2":{"loc":{"start":{"line":13,"column":12},"end":{"line":13,"column":37}},"type":"binary-expr","locations":[{"start":{"line":13,"column":12},"end":{"line":13,"column":22}},{"start":{"line":13,"column":26},"end":{"line":13,"column":37}}],"line":13},"3":{"loc":{"start":{"line":14,"column":2},"end":{"line":14,"column":29}},"type":"if","locations":[{"start":{"line":14,"column":2},"end":{"line":14,"column":29}},{"start":{},"end":{}}],"line":14},"4":{"loc":{"start":{"line":16,"column":9},"end":{"line":16,"column":28}},"type":"cond-expr","locations":[{"start":{"line":16,"column":20},"end":{"line":16,"column":21}},{"start":{"line":16,"column":24},"end":{"line":16,"column":28}}],"line":16},"5":{"loc":{"start":{"line":20,"column":12},"end":{"line":20,"column":37}},"type":"binary-expr","locations":[{"start":{"line":20,"column":12},"end":{"line":20,"column":22}},{"start":{"line":20,"column":26},"end":{"line":20,"column":37}}],"line":20},"6":{"loc":{"start":{"line":25,"column":12},"end":{"line":25,"column":37}},"type":"binary-expr","locations":[{"start":{"line":25,"column":12},"end":{"line":25,"column":22}},{"start":{"line":25,"column":26},"end":{"line":25,"column":37}}],"line":25},"7":{"loc":{"start":{"line":26,"column":9},"end":{"line":26,"column":51}},"type":"cond-expr","locations":[{"start":{"line":26,"column":33},"end":{"line":26,"column":34}},{"start":{"line":26,"column":37},"end":{"line":26,"column":51}}],"line":26},"8":{"loc":{"start":{"line":26,"column":37},"end":{"line":26,"column":51}},"type":"binary-expr","locations":[{"start":{"line":26,"column":37},"end":{"line":26,"column":46}},{"start":{"line":26,"column":50},"end":{"line":26,"column":51}}],"line":26},"9":{"loc":{"start":{"line":34,"column":12},"end":{"line":34,"column":37}},"type":"binary-expr","locations":[{"start":{"line":34,"column":12},"end":{"line":34,"column":22}},{"start":{"line":34,"column":26},"end":{"line":34,"column":37}}],"line":34},"10":{"loc":{"start":{"line":35,"column":2},"end":{"line":35,"column":29}},"type":"if","locations":[{"start":{"line":35,"column":2},"end":{"line":35,"column":29}},{"start":{},"end":{}}],"line":35},"11":{"loc":{"start":{"line":36,"column":12},"end":{"line":36,"column":49}},"type":"cond-expr","locations":[{"start":{"line":36,"column":36},"end":{"line":36,"column":37}},{"start":{"line":36,"column":40},"end":{"line":36,"column":49}}],"line":36},"12":{"loc":{"start":{"line":37,"column":9},"end":{"line":37,"column":38}},"type":"cond-expr","locations":[{"start":{"line":37,"column":30},"end":{"line":37,"column":31}},{"start":{"line":37,"column":34},"end":{"line":37,"column":38}}],"line":37},"13":{"loc":{"start":{"line":42,"column":13},"end":{"line":42,"column":22}},"type":"binary-expr","locations":[{"start":{"line":42,"column":13},"end":{"line":42,"column":16}},{"start":{"line":42,"column":20},"end":{"line":42,"column":22}}],"line":42},"14":{"loc":{"start":{"line":64,"column":15},"end":{"line":64,"column":75}},"type":"binary-expr","locations":[{"start":{"line":64,"column":15},"end":{"line":64,"column":62}},{"start":{"line":64,"column":66},"end":{"line":64,"column":75}}],"line":64},"15":{"loc":{"start":{"line":65,"column":19},"end":{"line":65,"column":87}},"type":"binary-expr","locations":[{"start":{"line":65,"column":19},"end":{"line":65,"column":74}},{"start":{"line":65,"column":78},"end":{"line":65,"column":87}}],"line":65},"16":{"loc":{"start":{"line":80,"column":13},"end":{"line":80,"column":22}},"type":"binary-expr","locations":[{"start":{"line":80,"column":13},"end":{"line":80,"column":16}},{"start":{"line":80,"column":20},"end":{"line":80,"column":22}}],"line":80},"17":{"loc":{"start":{"line":81,"column":14},"end":{"line":81,"column":36}},"type":"binary-expr","locations":[{"start":{"line":81,"column":14},"end":{"line":81,"column":23}},{"start":{"line":81,"column":27},"end":{"line":81,"column":36}}],"line":81},"18":{"loc":{"start":{"line":82,"column":9},"end":{"line":82,"column":39}},"type":"cond-expr","locations":[{"start":{"line":82,"column":23},"end":{"line":82,"column":25}},{"start":{"line":82,"column":28},"end":{"line":82,"column":39}}],"line":82},"19":{"loc":{"start":{"line":86,"column":13},"end":{"line":86,"column":22}},"type":"binary-expr","locations":[{"start":{"line":86,"column":13},"end":{"line":86,"column":16}},{"start":{"line":86,"column":20},"end":{"line":86,"column":22}}],"line":86},"20":{"loc":{"start":{"line":87,"column":12},"end":{"line":87,"column":34}},"type":"binary-expr","locations":[{"start":{"line":87,"column":12},"end":{"line":87,"column":21}},{"start":{"line":87,"column":25},"end":{"line":87,"column":34}}],"line":87},"21":{"loc":{"start":{"line":88,"column":2},"end":{"line":88,"column":29}},"type":"if","locations":[{"start":{"line":88,"column":2},"end":{"line":88,"column":29}},{"start":{},"end":{}}],"line":88},"22":{"loc":{"start":{"line":90,"column":9},"end":{"line":90,"column":28}},"type":"cond-expr","locations":[{"start":{"line":90,"column":20},"end":{"line":90,"column":21}},{"start":{"line":90,"column":24},"end":{"line":90,"column":28}}],"line":90},"23":{"loc":{"start":{"line":94,"column":13},"end":{"line":94,"column":22}},"type":"binary-expr","locations":[{"start":{"line":94,"column":13},"end":{"line":94,"column":16}},{"start":{"line":94,"column":20},"end":{"line":94,"column":22}}],"line":94},"24":{"loc":{"start":{"line":95,"column":9},"end":{"line":95,"column":47}},"type":"binary-expr","locations":[{"start":{"line":95,"column":9},"end":{"line":95,"column":26}},{"start":{"line":95,"column":30},"end":{"line":95,"column":47}}],"line":95}},"s":{"0":0,"1":0,"2":0,"3":0,"4":0,"5":0,"6":0,"7":0,"8":0,"9":0,"10":0,"11":0,"12":0,"13":0,"14":0,"15":0,"16":0,"17":0,"18":0,"19":0,"20":0,"21":0,"22":0,"23":0,"24":0,"25":0,"26":0,"27":0,"28":0,"29":0},"f":{"0":0,"1":0,"2":0,"3":0,"4":0,"5":0,"6":0,"7":0,"8":0,"9":0},"b":{"0":[0,0],"1":[0,0],"2":[0,0],"3":[0,0],"4":[0,0],"5":[0,0],"6":[0,0],"7":[0,0],"8":[0,0],"9":[0,0],"10":[0,0],"11":[0,0],"12":[0,0],"13":[0,0],"14":[0,0],"15":[0,0],"16":[0,0],"17":[0,0],"18":[0,0],"19":[0,0],"20":[0,0],"21":[0,0],"22":[0,0],"23":[0,0],"24":[0,0]}}
,"D:\\Project\\Android\\src\\api\\normalizeProperty.ts": {"path":"D:\\Project\\Android\\src\\api\\normalizeProperty.ts","statementMap":{"0":{"start":{"line":5,"column":17},"end":{"line":5,"column":41}},"1":{"start":{"line":6,"column":2},"end":{"line":10,"column":4}},"2":{"start":{"line":14,"column":2},"end":{"line":14,"column":37}}},"fnMap":{"0":{"name":"normalizeProperty","decl":{"start":{"line":4,"column":16},"end":{"line":4,"column":33}},"loc":{"start":{"line":4,"column":73},"end":{"line":11,"column":1}},"line":4},"1":{"name":"normalizeProperties","decl":{"start":{"line":13,"column":16},"end":{"line":13,"column":35}},"loc":{"start":{"line":13,"column":82},"end":{"line":15,"column":1}},"line":13}},"branchMap":{},"s":{"0":0,"1":0,"2":0},"f":{"0":0,"1":0},"b":{}}
,"D:\\Project\\Android\\src\\api\\ownerTypes.ts": {"path":"D:\\Project\\Android\\src\\api\\ownerTypes.ts","statementMap":{},"fnMap":{},"branchMap":{},"s":{},"f":{},"b":{}}
,"D:\\Project\\Android\\src\\api\\paymentHistoryTypes.ts": {"path":"D:\\Project\\Android\\src\\api\\paymentHistoryTypes.ts","statementMap":{},"fnMap":{},"branchMap":{},"s":{},"f":{},"b":{}}
,"D:\\Project\\Android\\src\\api\\paymentReturnUrls.ts": {"path":"D:\\Project\\Android\\src\\api\\paymentReturnUrls.ts","statementMap":{"0":{"start":{"line":4,"column":29},"end":{"line":4,"column":41}},"1":{"start":{"line":8,"column":15},"end":{"line":8,"column":47}},"2":{"start":{"line":9,"column":15},"end":{"line":9,"column":50}},"3":{"start":{"line":10,"column":2},"end":{"line":10,"column":101}},"4":{"start":{"line":14,"column":15},"end":{"line":14,"column":47}},"5":{"start":{"line":15,"column":2},"end":{"line":15,"column":96}},"6":{"start":{"line":19,"column":15},"end":{"line":19,"column":47}},"7":{"start":{"line":20,"column":15},"end":{"line":20,"column":50}},"8":{"start":{"line":21,"column":2},"end":{"line":21,"column":107}},"9":{"start":{"line":25,"column":15},"end":{"line":25,"column":47}},"10":{"start":{"line":26,"column":14},"end":{"line":26,"column":52}},"11":{"start":{"line":27,"column":2},"end":{"line":27,"column":104}},"12":{"start":{"line":31,"column":15},"end":{"line":31,"column":47}},"13":{"start":{"line":32,"column":15},"end":{"line":32,"column":50}},"14":{"start":{"line":33,"column":2},"end":{"line":33,"column":104}},"15":{"start":{"line":37,"column":15},"end":{"line":37,"column":47}},"16":{"start":{"line":38,"column":14},"end":{"line":38,"column":52}},"17":{"start":{"line":39,"column":2},"end":{"line":39,"column":100}},"18":{"start":{"line":47,"column":2},"end":{"line":63,"column":3}},"19":{"start":{"line":49,"column":6},"end":{"line":49,"column":86}},"20":{"start":{"line":49,"column":21},"end":{"line":49,"column":86}},"21":{"start":{"line":50,"column":6},"end":{"line":50,"column":42}},"22":{"start":{"line":52,"column":6},"end":{"line":52,"column":36}},"23":{"start":{"line":54,"column":6},"end":{"line":54,"column":67}},"24":{"start":{"line":56,"column":6},"end":{"line":56,"column":63}},"25":{"start":{"line":58,"column":6},"end":{"line":58,"column":61}},"26":{"start":{"line":60,"column":6},"end":{"line":60,"column":61}},"27":{"start":{"line":62,"column":6},"end":{"line":62,"column":36}},"28":{"start":{"line":67,"column":2},"end":{"line":67,"column":77}},"29":{"start":{"line":71,"column":12},"end":{"line":71,"column":34}},"30":{"start":{"line":72,"column":2},"end":{"line":72,"column":75}},"31":{"start":{"line":72,"column":63},"end":{"line":72,"column":75}},"32":{"start":{"line":73,"column":2},"end":{"line":78,"column":3}},"33":{"start":{"line":74,"column":20},"end":{"line":74,"column":64}},"34":{"start":{"line":75,"column":4},"end":{"line":75,"column":25}},"35":{"start":{"line":77,"column":4},"end":{"line":77,"column":17}},"36":{"start":{"line":83,"column":2},"end":{"line":83,"column":50}},"37":{"start":{"line":83,"column":37},"end":{"line":83,"column":50}},"38":{"start":{"line":85,"column":2},"end":{"line":85,"column":68}},"39":{"start":{"line":85,"column":56},"end":{"line":85,"column":68}},"40":{"start":{"line":87,"column":16},"end":{"line":87,"column":33}},"41":{"start":{"line":89,"column":2},"end":{"line":94,"column":3}},"42":{"start":{"line":93,"column":4},"end":{"line":93,"column":16}},"43":{"start":{"line":96,"column":2},"end":{"line":102,"column":3}},"44":{"start":{"line":97,"column":4},"end":{"line":101,"column":6}},"45":{"start":{"line":104,"column":2},"end":{"line":106,"column":3}},"46":{"start":{"line":105,"column":4},"end":{"line":105,"column":69}},"47":{"start":{"line":108,"column":2},"end":{"line":110,"column":3}},"48":{"start":{"line":109,"column":4},"end":{"line":109,"column":69}},"49":{"start":{"line":112,"column":2},"end":{"line":114,"column":3}},"50":{"start":{"line":113,"column":4},"end":{"line":113,"column":69}},"51":{"start":{"line":116,"column":2},"end":{"line":118,"column":3}},"52":{"start":{"line":117,"column":4},"end":{"line":117,"column":69}},"53":{"start":{"line":120,"column":2},"end":{"line":144,"column":3}},"54":{"start":{"line":121,"column":14},"end":{"line":121,"column":26}},"55":{"start":{"line":122,"column":4},"end":{"line":122,"column":52}},"56":{"start":{"line":122,"column":39},"end":{"line":122,"column":52}},"57":{"start":{"line":123,"column":17},"end":{"line":123,"column":41}},"58":{"start":{"line":124,"column":4},"end":{"line":126,"column":5}},"59":{"start":{"line":125,"column":6},"end":{"line":125,"column":18}},"60":{"start":{"line":127,"column":4},"end":{"line":133,"column":5}},"61":{"start":{"line":128,"column":6},"end":{"line":132,"column":8}},"62":{"start":{"line":134,"column":4},"end":{"line":141,"column":5}},"63":{"start":{"line":140,"column":6},"end":{"line":140,"column":77}},"64":{"start":{"line":146,"column":2},"end":{"line":146,"column":15}},"65":{"start":{"line":156,"column":2},"end":{"line":161,"column":4}},"66":{"start":{"line":166,"column":2},"end":{"line":166,"column":52}},"67":{"start":{"line":166,"column":40},"end":{"line":166,"column":52}},"68":{"start":{"line":168,"column":2},"end":{"line":180,"column":3}},"69":{"start":{"line":169,"column":4},"end":{"line":179,"column":5}},"70":{"start":{"line":170,"column":16},"end":{"line":170,"column":28}},"71":{"start":{"line":171,"column":6},"end":{"line":176,"column":8}},"72":{"start":{"line":178,"column":6},"end":{"line":178,"column":16}},"73":{"start":{"line":182,"column":2},"end":{"line":213,"column":3}},"74":{"start":{"line":183,"column":14},"end":{"line":183,"column":26}},"75":{"start":{"line":184,"column":17},"end":{"line":184,"column":41}},"76":{"start":{"line":186,"column":6},"end":{"line":186,"column":82}},"77":{"start":{"line":187,"column":21},"end":{"line":187,"column":37}},"78":{"start":{"line":190,"column":4},"end":{"line":208,"column":5}},"79":{"start":{"line":194,"column":6},"end":{"line":194,"column":28}},"80":{"start":{"line":195,"column":11},"end":{"line":208,"column":5}},"81":{"start":{"line":199,"column":6},"end":{"line":199,"column":31}},"82":{"start":{"line":200,"column":11},"end":{"line":208,"column":5}},"83":{"start":{"line":201,"column":6},"end":{"line":201,"column":33}},"84":{"start":{"line":202,"column":11},"end":{"line":208,"column":5}},"85":{"start":{"line":203,"column":6},"end":{"line":203,"column":32}},"86":{"start":{"line":204,"column":11},"end":{"line":208,"column":5}},"87":{"start":{"line":205,"column":6},"end":{"line":205,"column":32}},"88":{"start":{"line":206,"column":11},"end":{"line":208,"column":5}},"89":{"start":{"line":207,"column":6},"end":{"line":207,"column":30}},"90":{"start":{"line":210,"column":4},"end":{"line":210,"column":87}},"91":{"start":{"line":212,"column":4},"end":{"line":212,"column":14}}},"fnMap":{"0":{"name":"essentialReturnUrl","decl":{"start":{"line":7,"column":16},"end":{"line":7,"column":34}},"loc":{"start":{"line":7,"column":61},"end":{"line":11,"column":1}},"line":7},"1":{"name":"contactPackReturnUrl","decl":{"start":{"line":13,"column":16},"end":{"line":13,"column":36}},"loc":{"start":{"line":13,"column":47},"end":{"line":16,"column":1}},"line":13},"2":{"name":"builderProjectUploadReturnUrl","decl":{"start":{"line":18,"column":16},"end":{"line":18,"column":45}},"loc":{"start":{"line":18,"column":72},"end":{"line":22,"column":1}},"line":18},"3":{"name":"builderLeadCreditsReturnUrl","decl":{"start":{"line":24,"column":16},"end":{"line":24,"column":43}},"loc":{"start":{"line":24,"column":73},"end":{"line":28,"column":1}},"line":24},"4":{"name":"agentListingPublishReturnUrl","decl":{"start":{"line":30,"column":16},"end":{"line":30,"column":44}},"loc":{"start":{"line":30,"column":71},"end":{"line":34,"column":1}},"line":30},"5":{"name":"agentLeadCreditsReturnUrl","decl":{"start":{"line":36,"column":16},"end":{"line":36,"column":41}},"loc":{"start":{"line":36,"column":71},"end":{"line":40,"column":1}},"line":36},"6":{"name":"cashfreeReturnUrlForProduct","decl":{"start":{"line":43,"column":16},"end":{"line":43,"column":43}},"loc":{"start":{"line":46,"column":10},"end":{"line":64,"column":1}},"line":46},"7":{"name":"resolveReturnUrl","decl":{"start":{"line":66,"column":16},"end":{"line":66,"column":32}},"loc":{"start":{"line":66,"column":76},"end":{"line":68,"column":1}},"line":66},"8":{"name":"isThaneflatsHost","decl":{"start":{"line":70,"column":9},"end":{"line":70,"column":25}},"loc":{"start":{"line":70,"column":53},"end":{"line":79,"column":1}},"line":70},"9":{"name":"isCashfreeReturnNavigation","decl":{"start":{"line":82,"column":16},"end":{"line":82,"column":42}},"loc":{"start":{"line":82,"column":65},"end":{"line":147,"column":1}},"line":82},"10":{"name":"tierFromQuery","decl":{"start":{"line":155,"column":9},"end":{"line":155,"column":22}},"loc":{"start":{"line":155,"column":51},"end":{"line":162,"column":1}},"line":155},"11":{"name":"parseCashfreeReturnUrl","decl":{"start":{"line":165,"column":16},"end":{"line":165,"column":38}},"loc":{"start":{"line":165,"column":81},"end":{"line":214,"column":1}},"line":165}},"branchMap":{"0":{"loc":{"start":{"line":47,"column":2},"end":{"line":63,"column":3}},"type":"switch","locations":[{"start":{"line":48,"column":4},"end":{"line":50,"column":42}},{"start":{"line":51,"column":4},"end":{"line":52,"column":36}},{"start":{"line":53,"column":4},"end":{"line":54,"column":67}},{"start":{"line":55,"column":4},"end":{"line":56,"column":63}},{"start":{"line":57,"column":4},"end":{"line":58,"column":61}},{"start":{"line":59,"column":4},"end":{"line":60,"column":61}},{"start":{"line":61,"column":4},"end":{"line":62,"column":36}}],"line":47},"1":{"loc":{"start":{"line":49,"column":6},"end":{"line":49,"column":86}},"type":"if","locations":[{"start":{"line":49,"column":6},"end":{"line":49,"column":86}},{"start":{},"end":{}}],"line":49},"2":{"loc":{"start":{"line":54,"column":43},"end":{"line":54,"column":65}},"type":"binary-expr","locations":[{"start":{"line":54,"column":43},"end":{"line":54,"column":51}},{"start":{"line":54,"column":55},"end":{"line":54,"column":65}}],"line":54},"3":{"loc":{"start":{"line":56,"column":41},"end":{"line":56,"column":61}},"type":"binary-expr","locations":[{"start":{"line":56,"column":41},"end":{"line":56,"column":49}},{"start":{"line":56,"column":53},"end":{"line":56,"column":61}}],"line":56},"4":{"loc":{"start":{"line":58,"column":42},"end":{"line":58,"column":59}},"type":"binary-expr","locations":[{"start":{"line":58,"column":42},"end":{"line":58,"column":50}},{"start":{"line":58,"column":54},"end":{"line":58,"column":59}}],"line":58},"5":{"loc":{"start":{"line":60,"column":39},"end":{"line":60,"column":59}},"type":"binary-expr","locations":[{"start":{"line":60,"column":39},"end":{"line":60,"column":47}},{"start":{"line":60,"column":51},"end":{"line":60,"column":59}}],"line":60},"6":{"loc":{"start":{"line":72,"column":2},"end":{"line":72,"column":75}},"type":"if","locations":[{"start":{"line":72,"column":2},"end":{"line":72,"column":75}},{"start":{},"end":{}}],"line":72},"7":{"loc":{"start":{"line":72,"column":6},"end":{"line":72,"column":61}},"type":"binary-expr","locations":[{"start":{"line":72,"column":6},"end":{"line":72,"column":28}},{"start":{"line":72,"column":32},"end":{"line":72,"column":61}}],"line":72},"8":{"loc":{"start":{"line":83,"column":2},"end":{"line":83,"column":50}},"type":"if","locations":[{"start":{"line":83,"column":2},"end":{"line":83,"column":50}},{"start":{},"end":{}}],"line":83},"9":{"loc":{"start":{"line":83,"column":6},"end":{"line":83,"column":35}},"type":"binary-expr","locations":[{"start":{"line":83,"column":6},"end":{"line":83,"column":10}},{"start":{"line":83,"column":14},"end":{"line":83,"column":35}}],"line":83},"10":{"loc":{"start":{"line":85,"column":2},"end":{"line":85,"column":68}},"type":"if","locations":[{"start":{"line":85,"column":2},"end":{"line":85,"column":68}},{"start":{},"end":{}}],"line":85},"11":{"loc":{"start":{"line":89,"column":2},"end":{"line":94,"column":3}},"type":"if","locations":[{"start":{"line":89,"column":2},"end":{"line":94,"column":3}},{"start":{},"end":{}}],"line":89},"12":{"loc":{"start":{"line":90,"column":4},"end":{"line":91,"column":45}},"type":"binary-expr","locations":[{"start":{"line":90,"column":4},"end":{"line":90,"column":44}},{"start":{"line":91,"column":4},"end":{"line":91,"column":45}}],"line":90},"13":{"loc":{"start":{"line":96,"column":2},"end":{"line":102,"column":3}},"type":"if","locations":[{"start":{"line":96,"column":2},"end":{"line":102,"column":3}},{"start":{},"end":{}}],"line":96},"14":{"loc":{"start":{"line":98,"column":6},"end":{"line":100,"column":38}},"type":"binary-expr","locations":[{"start":{"line":98,"column":6},"end":{"line":98,"column":33}},{"start":{"line":99,"column":6},"end":{"line":99,"column":32}},{"start":{"line":100,"column":6},"end":{"line":100,"column":38}}],"line":98},"15":{"loc":{"start":{"line":104,"column":2},"end":{"line":106,"column":3}},"type":"if","locations":[{"start":{"line":104,"column":2},"end":{"line":106,"column":3}},{"start":{},"end":{}}],"line":104},"16":{"loc":{"start":{"line":105,"column":11},"end":{"line":105,"column":68}},"type":"binary-expr","locations":[{"start":{"line":105,"column":11},"end":{"line":105,"column":38}},{"start":{"line":105,"column":42},"end":{"line":105,"column":68}}],"line":105},"17":{"loc":{"start":{"line":108,"column":2},"end":{"line":110,"column":3}},"type":"if","locations":[{"start":{"line":108,"column":2},"end":{"line":110,"column":3}},{"start":{},"end":{}}],"line":108},"18":{"loc":{"start":{"line":109,"column":11},"end":{"line":109,"column":68}},"type":"binary-expr","locations":[{"start":{"line":109,"column":11},"end":{"line":109,"column":38}},{"start":{"line":109,"column":42},"end":{"line":109,"column":68}}],"line":109},"19":{"loc":{"start":{"line":112,"column":2},"end":{"line":114,"column":3}},"type":"if","locations":[{"start":{"line":112,"column":2},"end":{"line":114,"column":3}},{"start":{},"end":{}}],"line":112},"20":{"loc":{"start":{"line":113,"column":11},"end":{"line":113,"column":68}},"type":"binary-expr","locations":[{"start":{"line":113,"column":11},"end":{"line":113,"column":38}},{"start":{"line":113,"column":42},"end":{"line":113,"column":68}}],"line":113},"21":{"loc":{"start":{"line":116,"column":2},"end":{"line":118,"column":3}},"type":"if","locations":[{"start":{"line":116,"column":2},"end":{"line":118,"column":3}},{"start":{},"end":{}}],"line":116},"22":{"loc":{"start":{"line":117,"column":11},"end":{"line":117,"column":68}},"type":"binary-expr","locations":[{"start":{"line":117,"column":11},"end":{"line":117,"column":38}},{"start":{"line":117,"column":42},"end":{"line":117,"column":68}}],"line":117},"23":{"loc":{"start":{"line":122,"column":4},"end":{"line":122,"column":52}},"type":"if","locations":[{"start":{"line":122,"column":4},"end":{"line":122,"column":52}},{"start":{},"end":{}}],"line":122},"24":{"loc":{"start":{"line":124,"column":4},"end":{"line":126,"column":5}},"type":"if","locations":[{"start":{"line":124,"column":4},"end":{"line":126,"column":5}},{"start":{},"end":{}}],"line":124},"25":{"loc":{"start":{"line":124,"column":8},"end":{"line":124,"column":91}},"type":"binary-expr","locations":[{"start":{"line":124,"column":8},"end":{"line":124,"column":47}},{"start":{"line":124,"column":51},"end":{"line":124,"column":91}}],"line":124},"26":{"loc":{"start":{"line":127,"column":4},"end":{"line":133,"column":5}},"type":"if","locations":[{"start":{"line":127,"column":4},"end":{"line":133,"column":5}},{"start":{},"end":{}}],"line":127},"27":{"loc":{"start":{"line":129,"column":8},"end":{"line":131,"column":50}},"type":"binary-expr","locations":[{"start":{"line":129,"column":8},"end":{"line":129,"column":38}},{"start":{"line":130,"column":8},"end":{"line":130,"column":37}},{"start":{"line":131,"column":8},"end":{"line":131,"column":50}}],"line":129},"28":{"loc":{"start":{"line":134,"column":4},"end":{"line":141,"column":5}},"type":"if","locations":[{"start":{"line":134,"column":4},"end":{"line":141,"column":5}},{"start":{},"end":{}}],"line":134},"29":{"loc":{"start":{"line":135,"column":6},"end":{"line":138,"column":45}},"type":"binary-expr","locations":[{"start":{"line":135,"column":6},"end":{"line":135,"column":49}},{"start":{"line":136,"column":6},"end":{"line":136,"column":47}},{"start":{"line":137,"column":6},"end":{"line":137,"column":48}},{"start":{"line":138,"column":6},"end":{"line":138,"column":45}}],"line":135},"30":{"loc":{"start":{"line":140,"column":13},"end":{"line":140,"column":76}},"type":"binary-expr","locations":[{"start":{"line":140,"column":13},"end":{"line":140,"column":43}},{"start":{"line":140,"column":47},"end":{"line":140,"column":76}}],"line":140},"31":{"loc":{"start":{"line":157,"column":4},"end":{"line":160,"column":13}},"type":"binary-expr","locations":[{"start":{"line":157,"column":4},"end":{"line":157,"column":34}},{"start":{"line":158,"column":4},"end":{"line":158,"column":37}},{"start":{"line":159,"column":4},"end":{"line":159,"column":37}},{"start":{"line":160,"column":4},"end":{"line":160,"column":13}}],"line":157},"32":{"loc":{"start":{"line":166,"column":2},"end":{"line":166,"column":52}},"type":"if","locations":[{"start":{"line":166,"column":2},"end":{"line":166,"column":52}},{"start":{},"end":{}}],"line":166},"33":{"loc":{"start":{"line":168,"column":2},"end":{"line":180,"column":3}},"type":"if","locations":[{"start":{"line":168,"column":2},"end":{"line":180,"column":3}},{"start":{},"end":{}}],"line":168},"34":{"loc":{"start":{"line":173,"column":10},"end":{"line":175,"column":19}},"type":"binary-expr","locations":[{"start":{"line":173,"column":10},"end":{"line":173,"column":40}},{"start":{"line":174,"column":10},"end":{"line":174,"column":39}},{"start":{"line":175,"column":10},"end":{"line":175,"column":19}}],"line":173},"35":{"loc":{"start":{"line":186,"column":6},"end":{"line":186,"column":82}},"type":"binary-expr","locations":[{"start":{"line":186,"column":6},"end":{"line":186,"column":36}},{"start":{"line":186,"column":40},"end":{"line":186,"column":69}},{"start":{"line":186,"column":73},"end":{"line":186,"column":82}}],"line":186},"36":{"loc":{"start":{"line":190,"column":4},"end":{"line":208,"column":5}},"type":"if","locations":[{"start":{"line":190,"column":4},"end":{"line":208,"column":5}},{"start":{"line":195,"column":11},"end":{"line":208,"column":5}}],"line":190},"37":{"loc":{"start":{"line":191,"column":6},"end":{"line":192,"column":46}},"type":"binary-expr","locations":[{"start":{"line":191,"column":6},"end":{"line":191,"column":45}},{"start":{"line":192,"column":6},"end":{"line":192,"column":46}}],"line":191},"38":{"loc":{"start":{"line":195,"column":11},"end":{"line":208,"column":5}},"type":"if","locations":[{"start":{"line":195,"column":11},"end":{"line":208,"column":5}},{"start":{"line":200,"column":11},"end":{"line":208,"column":5}}],"line":195},"39":{"loc":{"start":{"line":196,"column":6},"end":{"line":197,"column":48}},"type":"binary-expr","locations":[{"start":{"line":196,"column":6},"end":{"line":196,"column":42}},{"start":{"line":197,"column":6},"end":{"line":197,"column":48}}],"line":196},"40":{"loc":{"start":{"line":200,"column":11},"end":{"line":208,"column":5}},"type":"if","locations":[{"start":{"line":200,"column":11},"end":{"line":208,"column":5}},{"start":{"line":202,"column":11},"end":{"line":208,"column":5}}],"line":200},"41":{"loc":{"start":{"line":202,"column":11},"end":{"line":208,"column":5}},"type":"if","locations":[{"start":{"line":202,"column":11},"end":{"line":208,"column":5}},{"start":{"line":204,"column":11},"end":{"line":208,"column":5}}],"line":202},"42":{"loc":{"start":{"line":204,"column":11},"end":{"line":208,"column":5}},"type":"if","locations":[{"start":{"line":204,"column":11},"end":{"line":208,"column":5}},{"start":{"line":206,"column":11},"end":{"line":208,"column":5}}],"line":204},"43":{"loc":{"start":{"line":206,"column":11},"end":{"line":208,"column":5}},"type":"if","locations":[{"start":{"line":206,"column":11},"end":{"line":208,"column":5}},{"start":{},"end":{}}],"line":206},"44":{"loc":{"start":{"line":210,"column":22},"end":{"line":210,"column":42}},"type":"binary-expr","locations":[{"start":{"line":210,"column":22},"end":{"line":210,"column":29}},{"start":{"line":210,"column":33},"end":{"line":210,"column":42}}],"line":210},"45":{"loc":{"start":{"line":210,"column":54},"end":{"line":210,"column":75}},"type":"binary-expr","locations":[{"start":{"line":210,"column":54},"end":{"line":210,"column":62}},{"start":{"line":210,"column":66},"end":{"line":210,"column":75}}],"line":210}},"s":{"0":0,"1":0,"2":0,"3":0,"4":0,"5":0,"6":0,"7":0,"8":0,"9":0,"10":0,"11":0,"12":0,"13":0,"14":0,"15":0,"16":0,"17":0,"18":0,"19":0,"20":0,"21":0,"22":0,"23":0,"24":0,"25":0,"26":0,"27":0,"28":0,"29":0,"30":0,"31":0,"32":0,"33":0,"34":0,"35":0,"36":0,"37":0,"38":0,"39":0,"40":0,"41":0,"42":0,"43":0,"44":0,"45":0,"46":0,"47":0,"48":0,"49":0,"50":0,"51":0,"52":0,"53":0,"54":0,"55":0,"56":0,"57":0,"58":0,"59":0,"60":0,"61":0,"62":0,"63":0,"64":0,"65":0,"66":0,"67":0,"68":0,"69":0,"70":0,"71":0,"72":0,"73":0,"74":0,"75":0,"76":0,"77":0,"78":0,"79":0,"80":0,"81":0,"82":0,"83":0,"84":0,"85":0,"86":0,"87":0,"88":0,"89":0,"90":0,"91":0},"f":{"0":0,"1":0,"2":0,"3":0,"4":0,"5":0,"6":0,"7":0,"8":0,"9":0,"10":0,"11":0},"b":{"0":[0,0,0,0,0,0,0],"1":[0,0],"2":[0,0],"3":[0,0],"4":[0,0],"5":[0,0],"6":[0,0],"7":[0,0],"8":[0,0],"9":[0,0],"10":[0,0],"11":[0,0],"12":[0,0],"13":[0,0],"14":[0,0,0],"15":[0,0],"16":[0,0],"17":[0,0],"18":[0,0],"19":[0,0],"20":[0,0],"21":[0,0],"22":[0,0],"23":[0,0],"24":[0,0],"25":[0,0],"26":[0,0],"27":[0,0,0],"28":[0,0],"29":[0,0,0,0],"30":[0,0],"31":[0,0,0,0],"32":[0,0],"33":[0,0],"34":[0,0,0],"35":[0,0,0],"36":[0,0],"37":[0,0],"38":[0,0],"39":[0,0],"40":[0,0],"41":[0,0],"42":[0,0],"43":[0,0],"44":[0,0],"45":[0,0]}}
,"D:\\Project\\Android\\src\\api\\paymentTypes.ts": {"path":"D:\\Project\\Android\\src\\api\\paymentTypes.ts","statementMap":{},"fnMap":{},"branchMap":{},"s":{},"f":{},"b":{}}
,"D:\\Project\\Android\\src\\api\\payments.ts": {"path":"D:\\Project\\Android\\src\\api\\payments.ts","statementMap":{"0":{"start":{"line":23,"column":2},"end":{"line":180,"column":4}},"1":{"start":{"line":25,"column":6},"end":{"line":25,"column":73}},"2":{"start":{"line":29,"column":6},"end":{"line":29,"column":72}},"3":{"start":{"line":33,"column":6},"end":{"line":33,"column":70}},"4":{"start":{"line":37,"column":6},"end":{"line":37,"column":84}},"5":{"start":{"line":41,"column":6},"end":{"line":44,"column":8}},"6":{"start":{"line":48,"column":6},"end":{"line":51,"column":8}},"7":{"start":{"line":59,"column":6},"end":{"line":64,"column":9}},"8":{"start":{"line":68,"column":6},"end":{"line":75,"column":8}},"9":{"start":{"line":79,"column":6},"end":{"line":79,"column":66}},"10":{"start":{"line":83,"column":6},"end":{"line":83,"column":82}},"11":{"start":{"line":87,"column":6},"end":{"line":87,"column":84}},"12":{"start":{"line":91,"column":6},"end":{"line":94,"column":8}},"13":{"start":{"line":98,"column":6},"end":{"line":101,"column":8}},"14":{"start":{"line":114,"column":23},"end":{"line":114,"column":96}},"15":{"start":{"line":115,"column":6},"end":{"line":123,"column":8}},"16":{"start":{"line":127,"column":6},"end":{"line":130,"column":8}},"17":{"start":{"line":134,"column":6},"end":{"line":142,"column":8}},"18":{"start":{"line":146,"column":6},"end":{"line":154,"column":8}},"19":{"start":{"line":158,"column":6},"end":{"line":166,"column":8}},"20":{"start":{"line":170,"column":6},"end":{"line":178,"column":8}}},"fnMap":{"0":{"name":"createPaymentsApi","decl":{"start":{"line":22,"column":16},"end":{"line":22,"column":33}},"loc":{"start":{"line":22,"column":78},"end":{"line":181,"column":1}},"line":22},"1":{"name":"(anonymous_1)","decl":{"start":{"line":24,"column":4},"end":{"line":24,"column":5}},"loc":{"start":{"line":24,"column":17},"end":{"line":26,"column":5}},"line":24},"2":{"name":"(anonymous_2)","decl":{"start":{"line":28,"column":4},"end":{"line":28,"column":5}},"loc":{"start":{"line":28,"column":25},"end":{"line":30,"column":5}},"line":28},"3":{"name":"(anonymous_3)","decl":{"start":{"line":32,"column":4},"end":{"line":32,"column":5}},"loc":{"start":{"line":32,"column":24},"end":{"line":34,"column":5}},"line":32},"4":{"name":"(anonymous_4)","decl":{"start":{"line":36,"column":4},"end":{"line":36,"column":5}},"loc":{"start":{"line":36,"column":29},"end":{"line":38,"column":5}},"line":36},"5":{"name":"(anonymous_5)","decl":{"start":{"line":40,"column":4},"end":{"line":40,"column":5}},"loc":{"start":{"line":40,"column":43},"end":{"line":45,"column":5}},"line":40},"6":{"name":"(anonymous_6)","decl":{"start":{"line":47,"column":4},"end":{"line":47,"column":5}},"loc":{"start":{"line":47,"column":29},"end":{"line":52,"column":5}},"line":47},"7":{"name":"(anonymous_7)","decl":{"start":{"line":54,"column":4},"end":{"line":54,"column":5}},"loc":{"start":{"line":58,"column":6},"end":{"line":65,"column":5}},"line":58},"8":{"name":"(anonymous_8)","decl":{"start":{"line":67,"column":4},"end":{"line":67,"column":5}},"loc":{"start":{"line":67,"column":60},"end":{"line":76,"column":5}},"line":67},"9":{"name":"(anonymous_9)","decl":{"start":{"line":78,"column":4},"end":{"line":78,"column":5}},"loc":{"start":{"line":78,"column":24},"end":{"line":80,"column":5}},"line":78},"10":{"name":"(anonymous_10)","decl":{"start":{"line":82,"column":4},"end":{"line":82,"column":5}},"loc":{"start":{"line":82,"column":24},"end":{"line":84,"column":5}},"line":82},"11":{"name":"(anonymous_11)","decl":{"start":{"line":86,"column":4},"end":{"line":86,"column":5}},"loc":{"start":{"line":86,"column":22},"end":{"line":88,"column":5}},"line":86},"12":{"name":"(anonymous_12)","decl":{"start":{"line":90,"column":4},"end":{"line":90,"column":5}},"loc":{"start":{"line":90,"column":54},"end":{"line":95,"column":5}},"line":90},"13":{"name":"(anonymous_13)","decl":{"start":{"line":97,"column":4},"end":{"line":97,"column":5}},"loc":{"start":{"line":97,"column":55},"end":{"line":102,"column":5}},"line":97},"14":{"name":"(anonymous_14)","decl":{"start":{"line":109,"column":4},"end":{"line":109,"column":5}},"loc":{"start":{"line":113,"column":7},"end":{"line":124,"column":5}},"line":113},"15":{"name":"(anonymous_15)","decl":{"start":{"line":126,"column":4},"end":{"line":126,"column":5}},"loc":{"start":{"line":126,"column":53},"end":{"line":131,"column":5}},"line":126},"16":{"name":"(anonymous_16)","decl":{"start":{"line":133,"column":4},"end":{"line":133,"column":5}},"loc":{"start":{"line":133,"column":87},"end":{"line":143,"column":5}},"line":133},"17":{"name":"(anonymous_17)","decl
[...]
rt":{"line":142,"column":2},"end":{"line":151,"column":3}},"type":"switch","locations":[{"start":{"line":143,"column":4},"end":{"line":144,"column":23}},{"start":{"line":145,"column":4},"end":{"line":146,"column":23}},{"start":{"line":147,"column":4},"end":{"line":148,"column":24}},{"start":{"line":149,"column":4},"end":{"line":150,"column":22}}],"line":142},"35":{"loc":{"start":{"line":155,"column":2},"end":{"line":155,"column":46}},"type":"if","locations":[{"start":{"line":155,"column":2},"end":{"line":155,"column":46}},{"start":{},"end":{}}],"line":155},"36":{"loc":{"start":{"line":156,"column":2},"end":{"line":156,"column":49}},"type":"if","locations":[{"start":{"line":156,"column":2},"end":{"line":156,"column":49}},{"start":{},"end":{}}],"line":156},"37":{"loc":{"start":{"line":157,"column":2},"end":{"line":157,"column":51}},"type":"if","locations":[{"start":{"line":157,"column":2},"end":{"line":157,"column":51}},{"start":{},"end":{}}],"line":157}},"s":{"0":0,"1":0,"2":0,"3":0,"4":0,"5":0,"6":0,"7":0,"8":0,"9":0,"10":0,"11":0,"12":0,"13":0,"14":0,"15":0,"16":0,"17":0,"18":0,"19":0,"20":0,"21":0,"22":0,"23":0,"24":0,"25":0,"26":0,"27":0,"28":0,"29":0,"30":0,"31":0,"32":0,"33":0,"34":0,"35":0,"36":0,"37":0,"38":0,"39":0,"40":0,"41":0,"42":0,"43":0,"44":0,"45":0,"46":0,"47":0,"48":0,"49":0,"50":0,"51":0,"52":0,"53":0,"54":0,"55":0,"56":0,"57":0,"58":0,"59":0,"60":0,"61":0,"62":0,"63":0,"64":0,"65":0,"66":0,"67":0,"68":0,"69":0,"70":0,"71":0,"72":0,"73":0,"74":0,"75":0,"76":0,"77":0,"78":0,"79":0,"80":0},"f":{"0":0,"1":0,"2":0,"3":0,"4":0,"5":0,"6":0,"7":0,"8":0,"9":0,"10":0,"11":0,"12":0,"13":0,"14":0},"b":{"0":[0,0],"1":[0,0],"2":[0,0],"3":[0,0],"4":[0,0],"5":[0,0],"6":[0,0],"7":[0,0],"8":[0,0],"9":[0,0],"10":[0,0],"11":[0,0],"12":[0,0],"13":[0,0],"14":[0,0],"15":[0,0],"16":[0,0],"17":[0,0],"18":[0,0],"19":[0,0],"20":[0,0,0,0,0,0],"21":[0,0],"22":[0,0],"23":[0,0],"24":[0,0],"25":[0,0],"26":[0,0,0,0,0,0],"27":[0,0],"28":[0,0],"29":[0,0],"30":[0,0],"31":[0,0],"32":[0,0],"33":[0,0],"34":[0,0,0,0],"35":[0,0],"36":[0,0],"37":[0,0]}}
,"D:\\Project\\Android\\src\\utils\\responsive.ts": {"path":"D:\\Project\\Android\\src\\utils\\responsive.ts","statementMap":{"0":{"start":{"line":5,"column":19},"end":{"line":5,"column":22}},"1":{"start":{"line":6,"column":20},"end":{"line":6,"column":23}},"2":{"start":{"line":9,"column":2},"end":{"line":9,"column":45}},"3":{"start":{"line":9,"column":28},"end":{"line":9,"column":45}},"4":{"start":{"line":10,"column":2},"end":{"line":10,"column":43}},"5":{"start":{"line":10,"column":27},"end":{"line":10,"column":43}},"6":{"start":{"line":11,"column":2},"end":{"line":11,"column":17}},"7":{"start":{"line":16,"column":2},"end":{"line":16,"column":37}},"8":{"start":{"line":16,"column":28},"end":{"line":16,"column":37}},"9":{"start":{"line":17,"column":2},"end":{"line":17,"column":36}},"10":{"start":{"line":17,"column":27},"end":{"line":17,"column":36}},"11":{"start":{"line":18,"column":2},"end":{"line":18,"column":11}},"12":{"start":{"line":22,"column":28},"end":{"line":22,"column":49}},"13":{"start":{"line":23,"column":15},"end":{"line":23,"column":35}},"14":{"start":{"line":24,"column":2},"end":{"line":34,"column":4}}},"fnMap":{"0":{"name":"getDeviceSize","decl":{"start":{"line":8,"column":16},"end":{"line":8,"column":29}},"loc":{"start":{"line":8,"column":57},"end":{"line":12,"column":1}},"line":8},"1":{"name":"listingColumnCount","decl":{"start":{"line":15,"column":16},"end":{"line":15,"column":34}},"loc":{"start":{"line":15,"column":58},"end":{"line":19,"column":1}},"line":15},"2":{"name":"useResponsiveLayout","decl":{"start":{"line":21,"column":16},"end":{"line":21,"column":35}},"loc":{"start":{"line":21,"column":38},"end":{"line":35,"column":1}},"line":21}},"branchMap":{"0":{"loc":{"start":{"line":9,"column":2},"end":{"line":9,"column":45}},"type":"if","locations":[{"start":{"line":9,"column":2},"end":{"line":9,"column":45}},{"start":{},"end":{}}],"line":9},"1":{"loc":{"start":{"line":10,"column":2},"end":{"line":10,"column":43}},"type":"if","locations":[{"start":{"line":10,"column":2},"end":{"line":10,"column":43}},{"start":{},"end":{}}],"line":10},"2":{"loc":{"start":{"line":16,"column":2},"end":{"line":16,"column":37}},"type":"if","locations":[{"start":{"line":16,"column":2},"end":{"line":16,"column":37}},{"start":{},"end":{}}],"line":16},"3":{"loc":{"start":{"line":17,"column":2},"end":{"line":17,"column":36}},"type":"if","locations":[{"start":{"line":17,"column":2},"end":{"line":17,"column":36}},{"start":{},"end":{}}],"line":17},"4":{"loc":{"start":{"line":32,"column":21},"end":{"line":32,"column":74}},"type":"cond-expr","locations":[{"start":{"line":32,"column":40},"end":{"line":32,"column":45}},{"start":{"line":32,"column":48},"end":{"line":32,"column":74}}],"line":32},"5":{"loc":{"start":{"line":33,"column":19},"end":{"line":33,"column":70}},"type":"cond-expr","locations":[{"start":{"line":33,"column":38},"end":{"line":33,"column":40}},{"start":{"line":33,"column":43},"end":{"line":33,"column":70}}],"line":33},"6":{"loc":{"start":{"line":33,"column":43},"end":{"line":33,"column":70}},"type":"cond-expr","locations":[{"start":{"line":33,"column":63},"end":{"line":33,"column":65}},{"start":{"line":33,"column":68},"end":{"line":33,"column":70}}],"line":33}},"s":{"0":0,"1":0,"2":0,"3":0,"4":0,"5":0,"6":0,"7":0,"8":0,"9":0,"10":0,"11":0,"12":0,"13":0,"14":0},"f":{"0":0,"1":0,"2":0},"b":{"0":[0,0],"1":[0,0],"2":[0,0],"3":[0,0],"4":[0,0],"5":[0,0],"6":[0,0]}}
,"D:\\Project\\Android\\src\\utils\\roles.ts": {"path":"D:\\Project\\Android\\src\\utils\\roles.ts","statementMap":{"0":{"start":{"line":3,"column":2},"end":{"line":3,"column":48}},"1":{"start":{"line":7,"column":2},"end":{"line":7,"column":47}},"2":{"start":{"line":11,"column":2},"end":{"line":11,"column":50}},"3":{"start":{"line":15,"column":2},"end":{"line":15,"column":48}}},"fnMap":{"0":{"name":"isOwnerRole","decl":{"start":{"line":2,"column":16},"end":{"line":2,"column":27}},"loc":{"start":{"line":2,"column":70},"end":{"line":4,"column":1}},"line":2},"1":{"name":"isUserRole","decl":{"start":{"line":6,"column":16},"end":{"line":6,"column":26}},"loc":{"start":{"line":6,"column":69},"end":{"line":8,"column":1}},"line":6},"2":{"name":"isBuilderRole","decl":{"start":{"line":10,"column":16},"end":{"line":10,"column":29}},"loc":{"start":{"line":10,"column":72},"end":{"line":12,"column":1}},"line":10},"3":{"name":"isAgentRole","decl":{"start":{"line":14,"column":16},"end":{"line":14,"column":27}},"loc":{"start":{"line":14,"column":70},"end":{"line":16,"column":1}},"line":14}},"branchMap":{},"s":{"0":2,"1":1,"2":1,"3":3},"f":{"0":2,"1":1,"2":1,"3":3},"b":{},"_coverageSchema":"1a1c01bbd47fc00a2c39e90264f33305004495a9","hash":"5ae7a9d0d91ef52f0df344da47e0cab711da8677"}
,"D:\\Project\\Android\\src\\utils\\scrollChromeMotion.ts": {"path":"D:\\Project\\Android\\src\\utils\\scrollChromeMotion.ts","statementMap":{"0":{"start":{"line":7,"column":18},"end":{"line":11,"column":4}},"1":{"start":{"line":13,"column":21},"end":{"line":17,"column":4}},"2":{"start":{"line":19,"column":17},"end":{"line":23,"column":4}},"3":{"start":{"line":25,"column":2},"end":{"line":25,"column":41}},"4":{"start":{"line":30,"column":2},"end":{"line":30,"column":37}},"5":{"start":{"line":35,"column":16},"end":{"line":35,"column":46}},"6":{"start":{"line":36,"column":14},"end":{"line":36,"column":44}},"7":{"start":{"line":38,"column":18},"end":{"line":42,"column":4}},"8":{"start":{"line":44,"column":21},"end":{"line":48,"column":4}},"9":{"start":{"line":50,"column":2},"end":{"line":50,"column":33}}},"fnMap":{"0":{"name":"headerExtraMotion","decl":{"start":{"line":6,"column":16},"end":{"line":6,"column":33}},"loc":{"start":{"line":6,"column":62},"end":{"line":26,"column":1}},"line":6},"1":{"name":"stickyBarRevealStart","decl":{"start":{"line":29,"column":16},"end":{"line":29,"column":36}},"loc":{"start":{"line":29,"column":63},"end":{"line":31,"column":1}},"line":29},"2":{"name":"stickyBarMotion","decl":{"start":{"line":34,"column":16},"end":{"line":34,"column":31}},"loc":{"start":{"line":34,"column":75},"end":{"line":51,"column":1}},"line":34}},"branchMap":{},"s":{"0":0,"1":0,"2":0,"3":0,"4":0,"5":0,"6":0,"7":0,"8":0,"9":0},"f":{"0":0,"1":0,"2":0},"b":{}}
,"D:\\Project\\Android\\src\\utils\\username.ts": {"path":"D:\\Project\\Android\\src\\utils\\username.ts","statementMap":{"0":{"start":{"line":3,"column":2},"end":{"line":9,"column":31}},"1":{"start":{"line":14,"column":16},"end":{"line":19,"column":20}},"2":{"start":{"line":18,"column":16},"end":{"line":18,"column":43}},"3":{"start":{"line":21,"column":2},"end":{"line":21,"column":36}},"4":{"start":{"line":21,"column":26},"end":{"line":21,"column":36}},"5":{"start":{"line":23,"column":16},"end":{"line":23,"column":24}},"6":{"start":{"line":24,"column":15},"end":{"line":24,"column":62}},"7":{"start":{"line":26,"column":31},"end":{"line":26,"column":33}},"8":{"start":{"line":27,"column":2},"end":{"line":29,"column":3}},"9":{"start":{"line":28,"column":4},"end":{"line":28,"column":79}},"10":{"start":{"line":30,"column":2},"end":{"line":32,"column":3}},"11":{"start":{"line":31,"column":4},"end":{"line":31,"column":27}},"12":{"start":{"line":34,"column":2},"end":{"line":34,"column":85}},"13":{"start":{"line":34,"column":68},"end":{"line":34,"column":81}}},"fnMap":{"0":{"name":"sanitizeUsername","decl":{"start":{"line":2,"column":16},"end":{"line":2,"column":32}},"loc":{"start":{"line":2,"column":54},"end":{"line":10,"column":1}},"line":2},"1":{"name":"buildUsernameCandidatesFromFullName","decl":{"start":{"line":13,"column":16},"end":{"line":13,"column":51}},"loc":{"start":{"line":13,"column":80},"end":{"line":35,"column":1}},"line":13},"2":{"name":"(anonymous_2)","decl":{"start":{"line":18,"column":9},"end":{"line":18,"column":10}},"loc":{"start":{"line":18,"column":16},"end":{"line":18,"column":43}},"line":18},"3":{"name":"(anonymous_3)","decl":{"start":{"line":34,"column":61},"end":{"line":34,"column":62}},"loc":{"start":{"line":34,"column":68},"end":{"line":34,"column":81}},"line":34}},"branchMap":{"0":{"loc":{"start":{"line":21,"column":2},"end":{"line":21,"column":36}},"type":"if","locations":[{"start":{"line":21,"column":2},"end":{"line":21,"column":36}},{"start":{},"end":{}}],"line":21},"1":{"loc":{"start":{"line":24,"column":15},"end":{"line":24,"column":62}},"type":"cond-expr","locations":[{"start":{"line":24,"column":34},"end":{"line":24,"column":57}},{"start":{"line":24,"column":60},"end":{"line":24,"column":62}}],"line":24},"2":{"loc":{"start":{"line":27,"column":2},"end":{"line":29,"column":3}},"type":"if","locations":[{"start":{"line":27,"column":2},"end":{"line":29,"column":3}},{"start":{},"end":{}}],"line":27},"3":{"loc":{"start":{"line":27,"column":6},"end":{"line":27,"column":37}},"type":"binary-expr","locations":[{"start":{"line":27,"column":6},"end":{"line":27,"column":11}},{"start":{"line":27,"column":15},"end":{"line":27,"column":19}},{"start":{"line":27,"column":23},"end":{"line":27,"column":37}}],"line":27},"4":{"loc":{"start":{"line":30,"column":2},"end":{"line":32,"column":3}},"type":"if","locations":[{"start":{"line":30,"column":2},"end":{"line":32,"column":3}},{"start":{},"end":{}}],"line":30}},"s":{"0":7,"1":2,"2":3,"3":2,"4":1,"5":1,"6":1,"7":1,"8":1,"9":1,"10":1,"11":1,"12":1,"13":4},"f":{"0":7,"1":2,"2":3,"3":4},"b":{"0":[1,1],"1":[1,0],"2":[1,0],"3":[1,1,1],"4":[1,0]},"_coverageSchema":"1a1c01bbd47fc00a2c39e90264f33305004495a9","hash":"9e618596fdd2489428b3f363355f96306d391871"}
,"D:\\Project\\Android\\src\\utils\\youtubeEmbed.ts": {"path":"D:\\Project\\Android\\src\\utils\\youtubeEmbed.ts","statementMap":{"0":{"start":{"line":4,"column":18},"end":{"line":4,"column":28}},"1":{"start":{"line":5,"column":2},"end":{"line":5,"column":28}},"2":{"start":{"line":5,"column":16},"end":{"line":5,"column":28}},"3":{"start":{"line":6,"column":2},"end":{"line":14,"column":3}},"4":{"start":{"line":7,"column":4},"end":{"line":7,"column":28}},"5":{"start":{"line":9,"column":4},"end":{"line":13,"column":5}},"6":{"start":{"line":10,"column":6},"end":{"line":10,"column":63}},"7":{"start":{"line":12,"column":6},"end":{"line":12,"column":18}},"8":{"start":{"line":18,"column":2},"end":{"line":18,"column":32}},"9":{"start":{"line":18,"column":20},"end":{"line":18,"column":32}},"10":{"start":{"line":20,"column":14},"end":{"line":20,"column":32}},"11":{"start":{"line":21,"column":2},"end":{"line":21,"column":24}},"12":{"start":{"line":21,"column":12},"end":{"line":21,"column":24}},"13":{"start":{"line":23,"column":15},"end":{"line":23,"column":63}},"14":{"start":{"line":24,"column":31},"end":{"line":24,"column":35}},"15":{"start":{"line":26,"column":2},"end":{"line":39,"column":3}},"16":{"start":{"line":27,"column":4},"end":{"line":27,"column":69}},"17":{"start":{"line":28,"column":9},"end":{"line":39,"column":3}},"18":{"start":{"line":29,"column":18},"end":{"line":29,"column":77}},"19":{"start":{"line":30,"column":4},"end":{"line":35,"column":5}},"20":{"start":{"line":31,"column":19},"end":{"line":31,"column":27}},"21":{"start":{"line":32,"column":6},"end":{"line":34,"column":7}},"22":{"start":{"line":33,"column":8},"end":{"line":33,"column":27}},"23":{"start":{"line":36,"column":4},"end":{"line":38,"column":5}},"24":{"start":{"line":37,"column":6},"end":{"line":37,"column":42}},"25":{"start":{"line":41,"column":2},"end":{"line":41,"column":36}},"26":{"start":{"line":41,"column":24},"end":{"line":41,"column":36}},"27":{"start":{"line":42,"column":18},"end":{"line":42,"column":56}},"28":{"start":{"line":43,"column":2},"end":{"line":43,"column":47}},"29":{"start":{"line":47,"column":13},"end":{"line":47,"column":35}},"30":{"start":{"line":48,"column":2},"end":{"line":48,"column":88}},"31":{"start":{"line":52,"column":13},"end":{"line":52,"column":35}},"32":{"start":{"line":53,"column":2},"end":{"line":53,"column":76}},"33":{"start":{"line":57,"column":13},"end":{"line":57,"column":35}},"34":{"start":{"line":58,"column":2},"end":{"line":58,"column":70}},"35":{"start":{"line":62,"column":2},"end":{"line":62,"column":40}},"36":{"start":{"line":66,"column":18},"end":{"line":66,"column":50}},"37":{"start":{"line":67,"column":2},"end":{"line":86,"column":9}}},"fnMap":{"0":{"name":"parseMediaUrl","decl":{"start":{"line":3,"column":9},"end":{"line":3,"column":22}},"loc":{"start":{"line":3,"column":48},"end":{"line":15,"column":1}},"line":3},"1":{"name":"getYouTubeVideoId","decl":{"start":{"line":17,"column":16},"end":{"line":17,"column":33}},"loc":{"start":{"line":17,"column":81},"end":{"line":44,"column":1}},"line":17},"2":{"name":"getYouTubeEmbedUrl","decl":{"start":{"line":46,"column":16},"end":{"line":46,"column":34}},"loc":{"start":{"line":46,"column":82},"end":{"line":49,"column":1}},"line":46},"3":{"name":"getYouTubeWatchUrl","decl":{"start":{"line":51,"column":16},"end":{"line":51,"column":34}},"loc":{"start":{"line":51,"column":82},"end":{"line":54,"column":1}},"line":51},"4":{"name":"getYouTubeThumbnailUrl","decl":{"start":{"line":56,"column":16},"end":{"line":56,"column":38}},"loc":{"start":{"line":56,"column":86},"end":{"line":59,"column":1}},"line":56},"5":{"name":"isYouTubeUrl","decl":{"start":{"line":61,"column":16},"end":{"line":61,"column":28}},"loc":{"start":{"line":61,"column":70},"end":{"line":63,"column":1}},"line":61},"6":{"name":"buildYouTubeEmbedHtml","decl":{"start":{"line":65,"column":16},"end":{"line":65,"column":37}},"loc":{"start":{"line":65,"column":64},"end":{"line":87,"column":1}},"line":65}},"branchMap":{"0":{"loc":{"start":{"line":5,"column":2},"end":{"line":5,"column":28}},"type":"if","locations":[{"start":{"line":5,"column":2},"end":{"line":5,"column":28}},{"start":{},"end":{}}],"line":5},"1":{"loc":{"start":{"line":18,"column":2},"end":{"line":18,"column":32}},"type":"if","locations":[{"start":{"line":18,"column":2},"end":{"line":18,"column":32}},{"start":{},"end":{}}],"line":18},"2":{"loc":{"start":{"line":21,"column":2},"end":{"line":21,"column":24}},"type":"if","locations":[{"start":{"line":21,"column":2},"end":{"line":21,"column":24}},{"start":{},"end":{}}],"line":21},"3":{"loc":{"start":{"line":26,"column":2},"end":{"line":39,"column":3}},"type":"if","locations":[{"start":{"line":26,"column":2},"end":{"line":39,"column":3}},{"start":{"line":28,"column":9},"end":{"line":39,"column":3}}],"line":26},"4":{"loc":{"start":{"line":27,"column":14},"end":{"line":27,"column":68}},"type":"binary-expr","locations":[{"start":{"line":27,"column":14},"end":{"line":27,"column":60}},{"start":{"line":27,"column":64},"end":{"line":27,"column":68}}],"line":27},"5":{"loc":{"start":{"line":28,"column":9},"end":{"line":39,"column":3}},"type":"if","locations":[{"start":{"line":28,"column":9},"end":{"line":39,"column":3}},{"start":{},"end":{}}],"line":28},"6":{"loc":{"start":{"line":28,"column":13},"end":{"line":28,"column":98}},"type":"binary-expr","locations":[{"start":{"line":28,"column":13},"end":{"line":28,"column":35}},{"start":{"line":28,"column":39},"end":{"line":28,"column":63}},{"start":{"line":28,"column":67},"end":{"line":28,"column":98}}],"line":28},"7":{"loc":{"start":{"line":30,"column":4},"end":{"line":35,"column":5}},"type":"if","locations":[{"start":{"line":30,"column":4},"end":{"line":35,"column":5}},{"start":{},"end":{}}],"line":30},"8":{"loc":{"start":{"line":32,"column":6},"end":{"line":34,"column":7}},"type":"if","locations":[{"start":{"line":32,"column":6},"end":{"line":34,"column":7}},{"start":{},"end":{}}],"line":32},"9":{"loc":{"start":{"line":32,"column":10},"end":{"line":32,"column":82}},"type":"binary-expr","locations":[{"start":{"line":32,"column":10},"end":{"line":32,"column":26}},{"start":{"line":32,"column":30},"end":{"line":32,"column":47}},{"start":{"line":32,"column":51},"end":{"line":32,"column":66}},{"start":{"line":32,"column":70},"end":{"line":32,"column":82}}],"line":32},"10":{"loc":{"start":{"line":36,"column":4},"end":{"line":38,"column":5}},"type":"if","locations":[{"start":{"line":36,"column":4},"end":{"line":38,"column":5}},{"start":{},"end":{}}],"line":36},"11":{"loc":{"start":{"line":41,"column":2},"end":{"line":41,"column":36}},"type":"if","locations":[{"start":{"line":41,"column":2},"end":{"line":41,"column":36}},{"start":{},"end":{}}],"line":41},"12":{"loc":{"start":{"line":43,"column":9},"end":{"line":43,"column":46}},"type":"cond-expr","locations":[{"start":{"line":43,"column":32},"end":{"line":43,"column":36}},{"start":{"line":43,"column":39},"end":{"line":43,"column":46}}],"line":43},"13":{"loc":{"start":{"line":48,"column":9},"end":{"line":48,"column":87}},"type":"cond-expr","locations":[{"start":{"line":48,"column":14},"end":{"line":48,"column":80}},{"start":{"line":48,"column":83},"end":{"line":48,"column":87}}],"line":48},"14":{"loc":{"start":{"line":53,"column":9},"end":{"line":53,"column":75}},"type":"cond-expr","locations":[{"start":{"line":53,"column":14},"end":{"line":53,"column":53}},{"start":{"line":53,"column":56},"end":{"line":53,"column":75}}],"line":53},"15":{"loc":{"start":{"line":53,"column":56},"end":{"line":53,"column":75}},"type":"binary-expr","locations":[{"start":{"line":53,"column":56},"end":{"line":53,"column":67}},{"start":{"line":53,"column":71},"end":{"line":53,"column":75}}],"line":53},"16":{"loc":{"start":{"line":58,"column":9},"end":{"line":58,"column":69}},"type":"cond-expr","locations":[{"start":{"line":58,"column":14},"end":{"line":58,"column":62}},{"start":{"line":58,"column":65},"end":{"line":58,"column":69}}],"line":58}},"s":{"0":0,"1":0,"2":0,"3":0,"4":0,"5":0,"6":0,"7":0,"8":0,"9":0,"10":0,"11":0,"12":0,"13":0,"14":0,"15":0,"16":0,"17":0,"18":0,"19":0,"20":0,"21":0,"22":0,"23":0,"24":0,"25":0,"26":0,"27":0,"28":0,"29":0,"30":0,"31":0,"32":0,"33":0,"34":0,"35":0,"36":0,"37":0},"f":{"0":0,"1":0,"2":0,"3":0,"4":0,"5":0,"6":0},"b":{"0":[0,0],"1":[0,0],"2":[0,0],"3":[0,0],"4":[0,0],"5":[0,0],"6":[0,0,0],"7":[0,0],"8":[0,0],"9":[0,0,0,0],"10":[0,0],"11":[0,0],"12":[0,0],"13":[0,0],"14":[0,0],"15":[0,0],"16":[0,0]}}
}
