TN:
SF:src\api\agentLeads.ts
FN:4,createAgentLeadsApi
FN:6,(anonymous_1)
FNF:2
FNH:0
FNDA:0,createAgentLeadsApi
FNDA:0,(anonymous_1)
DA:5,0
DA:7,0
LF:2
LH:0
BRF:0
BRH:0
end_of_record
TN:
SF:src\api\agentListings.ts
FN:20,toListings
FN:29,createAgentListingsApi
FN:31,(anonymous_2)
FN:63,(anonymous_3)
FN:74,(anonymous_4)
FN:78,(anonymous_5)
FN:83,(anonymous_6)
FN:88,(anonymous_7)
FN:95,(anonymous_8)
FNF:9
FNH:0
FNDA:0,toListings
FNDA:0,createAgentListingsApi
FNDA:0,(anonymous_2)
FNDA:0,(anonymous_3)
FNDA:0,(anonymous_4)
FNDA:0,(anonymous_5)
FNDA:0,(anonymous_6)
FNDA:0,(anonymous_7)
FNDA:0,(anonymous_8)
DA:21,0
DA:22,0
DA:23,0
DA:24,0
DA:25,0
DA:26,0
DA:30,0
DA:34,0
DA:41,0
DA:42,0
DA:43,0
DA:44,0
DA:46,0
DA:48,0
DA:49,0
DA:51,0
DA:55,0
DA:56,0
DA:64,0
DA:65,0
DA:66,0
DA:67,0
DA:68,0
DA:75,0
DA:79,0
DA:84,0
DA:89,0
DA:96,0
DA:97,0
DA:99,0
DA:100,0
DA:104,0
LF:32
LH:0
BRDA:21,0,0,0
BRDA:21,0,1,0
BRDA:22,1,0,0
BRDA:22,1,1,0
BRDA:23,2,0,0
BRDA:23,2,1,0
BRDA:24,3,0,0
BRDA:24,3,1,0
BRDA:25,4,0,0
BRDA:25,4,1,0
BRDA:48,5,0,0
BRDA:48,5,1,0
BRDA:48,6,0,0
BRDA:48,6,1,0
BRDA:55,7,0,0
BRDA:55,7,1,0
BRDA:65,8,0,0
BRDA:65,8,1,0
BRDA:66,9,0,0
BRDA:66,9,1,0
BRDA:99,10,0,0
BRDA:99,10,1,0
BRDA:99,11,0,0
BRDA:99,11,1,0
BRDA:99,11,2,0
BRDA:99,11,3,0
BRF:26
BRH:0
end_of_record
TN:
SF:src\api\agentProfiles.ts
FN:4,createAgentProfilesApi
FN:6,(anonymous_1)
FN:10,(anonymous_2)
FN:14,(anonymous_3)
FNF:4
FNH:0
FNDA:0,createAgentProfilesApi
FNDA:0,(anonymous_1)
FNDA:0,(anonymous_2)
FNDA:0,(anonymous_3)
DA:5,0
DA:7,0
DA:11,0
DA:15,0
LF:4
LH:0
BRF:0
BRH:0
end_of_record
TN:
SF:src\api\agentTypes.ts
FNF:0
FNH:0
LF:0
LH:0
BRF:0
BRH:0
end_of_record
TN:
SF:src\api\ai.ts
FN:28,createAiApi
FN:30,(anonymous_1)
FN:38,(anonymous_2)
FN:45,(anonymous_3)
FN:53,(anonymous_4)
FN:61,(anonymous_5)
FN:67,(anonymous_6)
FN:70,(anonymous_7)
FN:78,(anonymous_8)
FN:82,(anonymous_9)
FN:89,(anonymous_10)
FN:96,(anonymous_11)
FN:100,(anonymous_12)
FN:106,(anonymous_13)
FN:110,(anonymous_14)
FN:117,(anonymous_15)
FN:121,(anonymous_16)
FN:125,(anonymous_17)
FN:129,(anonymous_18)
FNF:19
FNH:0
FNDA:0,createAiApi
FNDA:0,(anonymous_1)
FNDA:0,(anonymous_2)
FNDA:0,(anonymous_3)
FNDA:0,(anonymous_4)
FNDA:0,(anonymous_5)
FNDA:0,(anonymous_6)
FNDA:0,(anonymous_7)
FNDA:0,(anonymous_8)
FNDA:0,(anonymous_9)
FNDA:0,(anonymous_10)
FNDA:0,(anonymous_11)
FNDA:0,(anonymous_12)
FNDA:0,(anonymous_13)
FNDA:0,(anonymous_14)
FNDA:0,(anonymous_15)
FNDA:0,(anonymous_16)
FNDA:0,(anonymous_17)
FNDA:0,(anonymous_18)
DA:29,0
DA:31,0
DA:32,0
DA:39,0
DA:46,0
DA:54,0
DA:62,0
DA:67,0
DA:71,0
DA:79,0
DA:83,0
DA:84,0
DA:85,0
DA:86,0
DA:90,0
DA:97,0
DA:101,0
DA:107,0
DA:111,0
DA:112,0
DA:118,0
DA:122,0
DA:126,0
DA:130,0
LF:24
LH:0
BRDA:31,0,0,0
BRDA:31,0,1,0
BRDA:67,1,0,0
BRDA:67,1,1,0
BRDA:84,2,0,0
BRDA:84,2,1,0
BRDA:85,3,0,0
BRDA:85,3,1,0
BRDA:110,4,0,0
BRF:9
BRH:0
end_of_record
TN:
SF:src\api\aiTypes.ts
FNF:0
FNH:0
LF:0
LH:0
BRF:0
BRH:0
end_of_record
TN:
SF:src\api\auth.ts
FN:11,createAuthApi
FN:13,(anonymous_1)
FN:17,(anonymous_2)
FN:25,(anonymous_3)
FN:33,(anonymous_4)
FN:41,(anonymous_5)
FN:50,(anonymous_6)
FN:58,(anonymous_7)
FNF:8
FNH:0
FNDA:0,createAuthApi
FNDA:0,(anonymous_1)
FNDA:0,(anonymous_2)
FNDA:0,(anonymous_3)
FNDA:0,(anonymous_4)
FNDA:0,(anonymous_5)
FNDA:0,(anonymous_6)
FNDA:0,(anonymous_7)
DA:12,0
DA:14,0
DA:18,0
DA:26,0
DA:27,0
DA:34,0
DA:35,0
DA:47,0
DA:51,0
DA:59,0
LF:10
LH:0
BRF:0
BRH:0
end_of_record
TN:
SF:src\api\builderProjects.ts
FN:22,queryString
FN:32,mapPagedItems
FN:34,(anonymous_2)
FN:37,createBuilderProjectsApi
FN:39,(anonymous_4)
FN:48,(anonymous_5)
FN:59,(anonymous_6)
FN:63,(anonymous_7)
FN:71,(anonymous_8)
FN:79,(anonymous_9)
FN:83,(anonymous_10)
FN:87,(anonymous_11)
FNF:12
FNH:0
FNDA:0,queryString
FNDA:0,mapPagedItems
FNDA:0,(anonymous_2)
FNDA:0,createBuilderProjectsApi
FNDA:0,(anonymous_4)
FNDA:0,(anonymous_5)
FNDA:0,(anonymous_6)
FNDA:0,(anonymous_7)
FNDA:0,(anonymous_8)
FNDA:0,(anonymous_9)
FNDA:0,(anonymous_10)
FNDA:0,(anonymous_11)
DA:23,0
DA:24,0
DA:25,0
DA:26,0
DA:27,0
DA:28,0
DA:29,0
DA:33,0
DA:34,0
DA:38,0
DA:40,0
DA:44,0
DA:49,0
DA:50,0
DA:51,0
DA:52,0
DA:53,0
DA:56,0
DA:60,0
DA:64,0
DA:68,0
DA:72,0
DA:80,0
DA:84,0
DA:88,0
LF:25
LH:0
BRDA:23,0,0,0
BRDA:23,0,1,0
BRDA:25,1,0,0
BRDA:25,1,1,0
BRDA:26,2,0,0
BRDA:26,2,1,0
BRDA:27,3,0,0
BRDA:27,3,1,0
BRDA:29,4,0,0
BRDA:29,4,1,0
BRDA:33,5,0,0
BRDA:33,5,1,0
BRDA:33,6,0,0
BRDA:33,6,1,0
BRDA:50,7,0,0
BRDA:50,7,1,0
BRDA:51,8,0,0
BRDA:51,8,1,0
BRDA:54,9,0,0
BRDA:54,9,1,0
BRF:20
BRH:0
end_of_record
TN:
SF:src\api\builderTypes.ts
FNF:0
FNH:0
LF:0
LH:0
BRF:0
BRH:0
end_of_record
TN:
SF:src\api\client.ts
FN:10,joinUrl
FN:20,createApiClient
FN:21,request
FN:82,(anonymous_3)
FN:84,(anonymous_4)
FN:95,(anonymous_5)
FN:106,(anonymous_6)
FN:112,(anonymous_7)
FNF:8
FNH:1
FNDA:0,joinUrl
FNDA:0,createApiClient
FNDA:0,request
FNDA:0,(anonymous_3)
FNDA:0,(anonymous_4)
FNDA:0,(anonymous_5)
FNDA:0,(anonymous_6)
FNDA:2,(anonymous_7)
DA:11,0
DA:12,0
DA:13,0
DA:22,0
DA:23,0
DA:24,0
DA:25,0
DA:27,0
DA:28,0
DA:31,0
DA:32,0
DA:33,0
DA:34,0
DA:35,0
DA:40,0
DA:41,0
DA:43,0
DA:48,0
DA:49,0
DA:52,0
DA:53,0
DA:54,0
DA:56,0
DA:57,0
DA:58,0
DA:59,0
DA:60,0
DA:61,0
DA:66,0
DA:69,0
DA:70,0
DA:73,0
DA:74,0
DA:77,0
DA:80,0
DA:83,0
DA:85,0
DA:96,0
DA:107,0
DA:117,2
DA:118,2
LF:41
LH:2
BRDA:12,0,0,0
BRDA:12,0,1,0
BRDA:21,1,0,0
BRDA:24,2,0,0
BRDA:24,2,1,0
BRDA:24,3,0,0
BRDA:24,3,1,0
BRDA:24,3,2,0
BRDA:27,4,0,0
BRDA:27,4,1,0
BRDA:32,5,0,0
BRDA:32,5,1,0
BRDA:34,6,0,0
BRDA:34,6,1,0
BRDA:48,7,0,0
BRDA:48,7,1,0
BRDA:53,8,0,0
BRDA:53,8,1,0
BRDA:54,9,0,0
BRDA:54,9,1,0
BRDA:56,10,0,0
BRDA:56,10,1,0
BRDA:57,11,0,0
BRDA:57,11,1,0
BRDA:58,12,0,0
BRDA:58,12,1,0
BRDA:61,13,0,0
BRDA:61,13,1,0
BRDA:61,13,2,0
BRDA:69,14,0,0
BRDA:69,14,1,0
BRDA:73,15,0,0
BRDA:73,15,1,0
BRDA:89,16,0,0
BRDA:89,16,1,0
BRDA:91,17,0,0
BRDA:91,17,1,0
BRDA:100,18,0,0
BRDA:100,18,1,0
BRDA:102,19,0,0
BRDA:102,19,1,0
BRF:41
BRH:0
end_of_record
TN:
SF:src\api\createPropertyTypes.ts
FNF:0
FNH:0
LF:0
LH:0
BRF:0
BRH:0
end_of_record
TN:
SF:src\api\favoriteTypes.ts
FNF:0
FNH:0
LF:0
LH:0
BRF:0
BRH:0
end_of_record
TN:
SF:src\api\favorites.ts
FN:9,createFavoritesApi
FN:11,(anonymous_1)
FN:15,(anonymous_2)
FN:21,(anonymous_3)
FNF:4
FNH:0
FNDA:0,createFavoritesApi
FNDA:0,(anonymous_1)
FNDA:0,(anonymous_2)
FNDA:0,(anonymous_3)
DA:10,0
DA:12,0
DA:16,0
DA:22,0
LF:4
LH:0
BRF:0
BRH:0
end_of_record
TN:
SF:src\api\health.ts
FN:10,checkApiHealth
FNF:1
FNH:0
FNDA:0,checkApiHealth
DA:11,0
DA:12,0
DA:14,0
DA:15,0
DA:16,0
DA:17,0
DA:18,0
DA:20,0
DA:26,0
DA:27,0
LF:10
LH:0
BRDA:17,0,0,0
BRDA:17,0,1,0
BRDA:17,1,0,0
BRDA:17,1,1,0
BRDA:17,1,2,0
BRDA:23,2,0,0
BRDA:23,2,1,0
BRDA:26,3,0,0
BRDA:26,3,1,0
BRF:9
BRH:0
end_of_record
TN:
SF:src\api\inquiryTypes.ts
FNF:0
FNH:0
LF:0
LH:0
BRF:0
BRH:0
end_of_record
TN:
SF:src\api\invoices.ts
FN:3,createInvoicesApi
FN:6,(anonymous_1)
FNF:2
FNH:0
FNDA:0,createInvoicesApi
FNDA:0,(anonymous_1)
DA:4,0
DA:7,0
LF:2
LH:0
BRF:0
BRH:0
end_of_record
TN:
SF:src\api\localeHeader.ts
FN:6,setApiCulture
FN:10,getAppLocale
FN:14,getAcceptLanguageHeader
FN:19,getGooglePlacesLanguage
FNF:4
FNH:0
FNDA:0,setApiCulture
FNDA:0,getAppLocale
FNDA:0,getAcceptLanguageHeader
FNDA:0,getGooglePlacesLanguage
DA:4,2
DA:7,0
DA:11,0
DA:15,0
DA:20,0
LF:5
LH:1
BRDA:20,0,0,0
BRDA:20,0,1,0
BRF:2
BRH:0
end_of_record
TN:
SF:src\api\normalizeOwnerDashboard.ts
FN:3,readString
FN:8,readNullableString
FN:19,readBool
FN:24,readNumber
FN:29,readNullableNumber
FN:41,normalizeOwnerDashboardItem
FN:75,normalizeOwnerDashboard
FN:79,readApiMessage
FN:85,readApiOutcome
FN:93,readApiHidden
FNF:10
FNH:0
FNDA:0,readString
FNDA:0,readNullableString
FNDA:0,readBool
FNDA:0,readNumber
FNDA:0,readNullableNumber
FNDA:0,normalizeOwnerDashboardItem
FNDA:0,normalizeOwnerDashboard
FNDA:0,readApiMessage
FNDA:0,readApiOutcome
FNDA:0,readApiHidden
DA:4,0
DA:5,0
DA:13,0
DA:14,0
DA:15,0
DA:16,0
DA:20,0
DA:21,0
DA:25,0
DA:26,0
DA:34,0
DA:35,0
DA:36,0
DA:37,0
DA:42,0
DA:43,0
DA:76,0
DA:80,0
DA:81,0
DA:82,0
DA:86,0
DA:87,0
DA:88,0
DA:89,0
DA:90,0
DA:94,0
DA:95,0
LF:27
LH:0
BRDA:4,0,0,0
BRDA:4,0,1,0
BRDA:5,1,0,0
BRDA:5,1,1,0
BRDA:13,2,0,0
BRDA:13,2,1,0
BRDA:14,3,0,0
BRDA:14,3,1,0
BRDA:16,4,0,0
BRDA:16,4,1,0
BRDA:20,5,0,0
BRDA:20,5,1,0
BRDA:25,6,0,0
BRDA:25,6,1,0
BRDA:26,7,0,0
BRDA:26,7,1,0
BRDA:26,8,0,0
BRDA:26,8,1,0
BRDA:34,9,0,0
BRDA:34,9,1,0
BRDA:35,10,0,0
BRDA:35,10,1,0
BRDA:36,11,0,0
BRDA:36,11,1,0
BRDA:37,12,0,0
BRDA:37,12,1,0
BRDA:42,13,0,0
BRDA:42,13,1,0
BRDA:64,14,0,0
BRDA:64,14,1,0
BRDA:65,15,0,0
BRDA:65,15,1,0
BRDA:80,16,0,0
BRDA:80,16,1,0
BRDA:81,17,0,0
BRDA:81,17,1,0
BRDA:82,18,0,0
BRDA:82,18,1,0
BRDA:86,19,0,0
BRDA:86,19,1,0
BRDA:87,20,0,0
BRDA:87,20,1,0
BRDA:88,21,0,0
BRDA:88,21,1,0
BRDA:90,22,0,0
BRDA:90,22,1,0
BRDA:94,23,0,0
BRDA:94,23,1,0
BRDA:95,24,0,0
BRDA:95,24,1,0
BRF:50
BRH:0
end_of_record
TN:
SF:src\api\normalizeProperty.ts
FN:4,normalizeProperty
FN:13,normalizeProperties
FNF:2
FNH:0
FNDA:0,normalizeProperty
FNDA:0,normalizeProperties
DA:5,0
DA:6,0
DA:14,0
LF:3
LH:0
BRF:0
BRH:0
end_of_record
TN:
SF:src\api\ownerTypes.ts
FNF:0
FNH:0
LF:0
LH:0
BRF:0
BRH:0
end_of_record
TN:
SF:src\api\paymentHistoryTypes.ts
FNF:0
FNH:0
LF:0
LH:0
BRF:0
BRH:0
end_of_record
TN:
SF:src\api\paymentReturnUrls.ts
FN:7,essentialReturnUrl
FN:13,contactPackReturnUrl
FN:18,builderProjectUploadReturnUrl
FN:24,builderLeadCreditsReturnUrl
FN:30,agentListingPublishReturnUrl
FN:36,agentLeadCreditsReturnUrl
FN:43,cashfreeReturnUrlForProduct
FN:66,resolveReturnUrl
FN:70,isThaneflatsHost
FN:82,isCashfreeReturnNavigation
FN:155,tierFromQuery
FN:165,parseCashfreeReturnUrl
FNF:12
FNH:0
FNDA:0,essentialReturnUrl
FNDA:0,contactPackReturnUrl
FNDA:0,builderProjectUploadReturnUrl
FNDA:0,builderLeadCreditsReturnUrl
FNDA:0,agentListingPublishReturnUrl
FNDA:0,agentLeadCreditsReturnUrl
FNDA:0,cashfreeReturnUrlForProduct
FNDA:0,resolveReturnUrl
FNDA:0,isThaneflatsHost
FNDA:0,isCashfreeReturnNavigation
FNDA:0,tierFromQuery
FNDA:0,parseCashfreeReturnUrl
DA:4,0
DA:8,0
DA:9,0
DA:10,0
DA:14,0
DA:15,0
DA:19,0
DA:20,0
DA:21,0
DA:25,0
DA:26,0
DA:27,0
DA:31,0
DA:32,0
DA:33,0
DA:37,0
DA:38,0
DA:39,0
DA:47,0
DA:49,0
DA:50,0
DA:52,0
DA:54,0
DA:56,0
DA:58,0
DA:60,0
DA:62,0
DA:67,0
DA:71,0
DA:72,0
DA:73,0
DA:74,0
DA:75,0
DA:77,0
DA:83,0
DA:85,0
DA:87,0
DA:89,0
DA:93,0
DA:96,0
DA:97,0
DA:104,0
DA:105,0
DA:108,0
DA:109,0
DA:112,0
DA:113,0
DA:116,0
DA:117,0
DA:120,0
DA:121,0
DA:122,0
DA:123,0
DA:124,0
DA:125,0
DA:127,0
DA:128,0
DA:134,0
DA:140,0
DA:146,0
DA:156,0
DA:166,0
DA:168,0
DA:169,0
DA:170,0
DA:171,0
DA:178,0
DA:182,0
DA:183,0
DA:184,0
DA:186,0
DA:187,0
DA:190,0
DA:194,0
DA:195,0
DA:199,0
DA:200,0
DA:201,0
DA:202,0
DA:203,0
DA:204,0
DA:205,0
DA:206,0
DA:207,0
DA:210,0
DA:212,0
LF:86
LH:0
BRDA:47,0,0,0
BRDA:47,0,1,0
BRDA:47,0,2,0
BRDA:47,0,3,0
BRDA:47,0,4,0
BRDA:47,0,5,0
BRDA:47,0,6,0
BRDA:49,1,0,0
BRDA:49,1,1,0
BRDA:54,2,0,0
BRDA:54,2,1,0
BRDA:56,3,0,0
BRDA:56,3,1,0
BRDA:58,4,0,0
BRDA:58,4,1,0
BRDA:60,5,0,0
BRDA:60,5,1,0
BRDA:72,6,0,0
BRDA:72,6,1,0
BRDA:72,7,0,0
BRDA:72,7,1,0
BRDA:83,8,0,0
BRDA:83,8,1,0
BRDA:83,9,0,0
BRDA:83,9,1,0
BRDA:85,10,0,0
BRDA:85,10,1,0
BRDA:89,11,0,0
BRDA:89,11,1,0
BRDA:90,12,0,0
BRDA:90,12,1,0
BRDA:96,13,0,0
BRDA:96,13,1,0
BRDA:98,14,0,0
BRDA:98,14,1,0
BRDA:98,14,2,0
BRDA:104,15,0,0
BRDA:104,15,1,0
BRDA:105,16,0,0
BRDA:105,16,1,0
BRDA:108,17,0,0
BRDA:108,17,1,0
BRDA:109,18,0,0
BRDA:109,18,1,0
BRDA:112,19,0,0
BRDA:112,19,1,0
BRDA:113,20,0,0
BRDA:113,20,1,0
BRDA:116,21,0,0
BRDA:116,21,1,0
BRDA:117,22,0,0
BRDA:117,22,1,0
BRDA:122,23,0,0
BRDA:122,23,1,0
BRDA:124,24,0,0
BRDA:124,24,1,0
BRDA:124,25,0,0
BRDA:124,25,1,0
BRDA:127,26,0,0
BRDA:127,26,1,0
BRDA:129,27,0,0
BRDA:129,27,1,0
BRDA:129,27,2,0
BRDA:134,28,0,0
BRDA:134,28,1,0
BRDA:135,29,0,0
BRDA:135,29,1,0
BRDA:135,29,2,0
BRDA:135,29,3,0
BRDA:140,30,0,0
BRDA:140,30,1,0
BRDA:157,31,0,0
BRDA:157,31,1,0
BRDA:157,31,2,0
BRDA:157,31,3,0
BRDA:166,32,0,0
BRDA:166,32,1,0
BRDA:168,33,0,0
BRDA:168,33,1,0
BRDA:173,34,0,0
BRDA:173,34,1,0
BRDA:173,34,2,0
BRDA:186,35,0,0
BRDA:186,35,1,0
BRDA:186,35,2,0
BRDA:190,36,0,0
BRDA:190,36,1,0
BRDA:191,37,0,0
BRDA:191,37,1,0
BRDA:195,38,0,0
BRDA:195,38,1,0
BRDA:196,39,0,0
BRDA:196,39,1,0
BRDA:200,40,0,0
BRDA:200,40,1,0
BRDA:202,41,0,0
BRDA:202,41,1,0
BRDA:204,42,0,0
BRDA:204,42,1,0
BRDA:206,43,0,0
BRDA:206,43,1,0
BRDA:210,44,0,0
BRDA:210,44,1,0
BRDA:210,45,0,0
BRDA:210,45,1,0
BRF:105
BRH:0
end_of_record
TN:
SF:src\api\paymentTypes.ts
FNF:0
FNH:0
LF:0
LH:0
BRF:0
BRH:0
end_of_record
TN:
SF:src\api\payments.ts
FN:22,createPaymentsApi
FN:24,(anonymous_1)
FN:28,(anonymous_2)
FN:32,(anonymous_3)
FN:36,(anonymous_4)
FN:40,(anonymous_5)
FN:47,(anonymous_6)
FN:54,(anonymous_7)
FN:67,(anonymous_8)
FN:78,(anonymous_9)
FN:82,(anonymous_10)
FN:86,(anonymous_11)
FN:90,(anonymous_12)
FN:97,(anonymous_13)
FN:109,(anonymous_14)
FN:126,(anonymous_15)
FN:133,(anonymous_16)
FN:145,(anonymous_17)
FN:157,(anonymous_18)
FN:169,(anonymous_19)
FNF:20
FNH:0
FNDA:0,createPaymentsApi
FNDA:0,(anonymous_1)
FNDA:0,(anonymous_2)
FNDA:0,(anonymous_3)
FNDA:0,(anonymous_4)
FNDA:0,(anonymous_5)
FNDA:0,(anonymous_6)
FNDA:0,(anonymous_7)
FNDA:0,(anonymous_8)
FNDA:0,(anonymous_9)
FNDA:0,(anonymous_10)
FNDA:0,(anonymous_11)
FNDA:0,(anonymous_12)
FNDA:0,(anonymous_13)
FNDA:0,(anonymous_14)
FNDA:0,(anonymous_15)
FNDA:0,(anonymous_16)
FNDA:0,(anonymous_17)
FNDA:0,(anonymous_18)
FNDA:0,(anonymous_19)
DA:23,0
DA:25,0
DA:29,0
DA:33,0
DA:37,0
DA:41,0
DA:48,0
DA:59,0
DA:68,0
DA:79,0
DA:83,0
DA:87,0
DA:91,0
DA:98,0
DA:114,0
DA:115,0
DA:127,0
DA:134,0
DA:146,0
DA:158,0
DA:170,0
LF:21
LH:0
BRF:0
BRH:0
end_of_record
TN:
SF:src\api\properties.ts
FN:25,appendFile
FN:36,createPropertiesApi
FN:39,(anonymous_2)
FN:52,(anonymous_3)
FN:69,(anonymous_4)
FN:77,(anonymous_5)
FN:83,(anonymous_6)
FN:88,(anonymous_7)
FN:95,(anonymous_8)
FN:103,(anonymous_9)
FN:107,(anonymous_10)
FN:114,(anonymous_11)
FN:121,(anonymous_12)
FN:127,(anonymous_13)
FN:133,(anonymous_14)
FN:144,(anonymous_15)
FN:152,(anonymous_16)
FN:159,(anonymous_17)
FN:163,(anonymous_18)
FN:167,(anonymous_19)
FN:173,(anonymous_20)
FN:184,(anonymous_21)
FN:191,(anonymous_22)
FN:198,(anonymous_23)
FN:205,(anonymous_24)
FN:211,(anonymous_25)
FNF:26
FNH:0
FNDA:0,appendFile
FNDA:0,createPropertiesApi
FNDA:0,(anonymous_2)
FNDA:0,(anonymous_3)
FNDA:0,(anonymous_4)
FNDA:0,(anonymous_5)
FNDA:0,(anonymous_6)
FNDA:0,(anonymous_7)
FNDA:0,(anonymous_8)
FNDA:0,(anonymous_9)
FNDA:0,(anonymous_10)
FNDA:0,(anonymous_11)
FNDA:0,(anonymous_12)
FNDA:0,(anonymous_13)
FNDA:0,(anonymous_14)
FNDA:0,(anonymous_15)
FNDA:0,(anonymous_16)
FNDA:0,(anonymous_17)
FNDA:0,(anonymous_18)
FNDA:0,(anonymous_19)
FNDA:0,(anonymous_20)
FNDA:0,(anonymous_21)
FNDA:0,(anonymous_22)
FNDA:0,(anonymous_23)
FNDA:0,(anonymous_24)
FNDA:0,(anonymous_25)
DA:30,0
DA:31,0
DA:32,0
DA:37,0
DA:40,0
DA:41,0
DA:42,0
DA:43,0
DA:44,0
DA:45,0
DA:49,0
DA:57,0
DA:58,0
DA:59,0
DA:60,0
DA:61,0
DA:62,0
DA:66,0
DA:70,0
DA:73,0
DA:78,0
DA:79,0
DA:84,0
DA:89,0
DA:90,0
DA:91,0
DA:96,0
DA:97,0
DA:98,0
DA:100,0
DA:104,0
DA:108,0
DA:115,0
DA:122,0
DA:128,0
DA:138,0
DA:145,0
DA:153,0
DA:160,0
DA:164,0
DA:168,0
DA:178,0
DA:185,0
DA:192,0
DA:199,0
DA:206,0
DA:212,0
LF:47
LH:0
BRDA:30,0,0,0
BRDA:30,0,1,0
BRDA:31,1,0,0
BRDA:31,1,1,0
BRDA:41,2,0,0
BRDA:41,2,1,0
BRDA:42,3,0,0
BRDA:42,3,1,0
BRDA:43,4,0,0
BRDA:43,4,1,0
BRDA:46,5,0,0
BRDA:46,5,1,0
BRDA:58,6,0,0
BRDA:58,6,1,0
BRDA:59,7,0,0
BRDA:59,7,1,0
BRDA:60,8,0,0
BRDA:60,8,1,0
BRDA:63,9,0,0
BRDA:63,9,1,0
BRDA:79,10,0,0
BRDA:79,10,1,0
BRDA:117,11,0,0
BRDA:117,11,1,0
BRDA:140,12,0,0
BRDA:140,12,1,0
BRDA:194,13,0,0
BRDA:194,13,1,0
BRF:28
BRH:0
end_of_record
TN:
SF:src\api\ratingTypes.ts
FNF:0
FNH:0
LF:0
LH:0
BRF:0
BRH:0
end_of_record
TN:
SF:src\api\singleton.ts
FNF:0
FNH:0
DA:16,0
DA:17,0
DA:18,0
DA:19,0
DA:20,0
DA:21,0
DA:22,0
DA:23,0
DA:24,0
DA:25,0
DA:26,0
DA:27,0
DA:28,0
LF:13
LH:0
BRF:0
BRH:0
end_of_record
TN:
SF:src\api\support.ts
FN:8,createSupportApi
FN:10,(anonymous_1)
FN:14,(anonymous_2)
FN:18,(anonymous_3)
FN:25,(anonymous_4)
FNF:5
FNH:0
FNDA:0,createSupportApi
FNDA:0,(anonymous_1)
FNDA:0,(anonymous_2)
FNDA:0,(anonymous_3)
FNDA:0,(anonymous_4)
DA:9,0
DA:11,0
DA:15,0
DA:19,0
DA:26,0
LF:5
LH:0
BRF:0
BRH:0
end_of_record
TN:
SF:src\api\supportTypes.ts
FNF:0
FNH:0
LF:0
LH:0
BRF:0
BRH:0
end_of_record
TN:
SF:src\api\types.ts
FNF:0
FNH:0
LF:0
LH:0
BRF:0
BRH:0
end_of_record
TN:
SF:src\api\userTypes.ts
FNF:0
FNH:0
LF:0
LH:0
BRF:0
BRH:0
end_of_record
TN:
SF:src\api\users.ts
FN:13,createUsersApi
FN:15,(anonymous_1)
FN:19,(anonymous_2)
FNF:3
FNH:0
FNDA:0,createUsersApi
FNDA:0,(anonymous_1)
FNDA:0,(anonymous_2)
DA:14,0
DA:16,0
DA:20,0
LF:3
LH:0
BRF:0
BRH:0
end_of_record
TN:
SF:src\api\visitTypes.ts
FNF:0
FNH:0
LF:0
LH:0
BRF:0
BRH:0
end_of_record
TN:
SF:src\services\cultureSync.ts
FN:5,syncWebCulture
FNF:1
FNH:0
FNDA:0,syncWebCulture
DA:6,0
DA:7,0
DA:8,0
LF:3
LH:0
BRF:0
BRH:0
end_of_record
TN:
SF:src\services\googlePlaces.ts
FN:62,extractAreaFromComponents
FN:71,(anonymous_1)
FN:77,extractPincodeFromComponents
FN:78,(anonymous_3)
FN:82,mapsError
FN:93,fetchPlacePredictions
FN:122,(anonymous_6)
FN:126,(anonymous_7)
FN:134,fetchPlaceDetails
FNF:9
FNH:0
FNDA:0,extractAreaFromComponents
FNDA:0,(anonymous_1)
FNDA:0,extractPincodeFromComponents
FNDA:0,(anonymous_3)
FNDA:0,mapsError
FNDA:0,fetchPlacePredictions
FNDA:0,(anonymous_6)
FNDA:0,(anonymous_7)
FNDA:0,fetchPlaceDetails
DA:10,0
DA:63,0
DA:70,0
DA:71,0
DA:72,0
DA:74,0
DA:78,0
DA:79,0
DA:83,0
DA:84,0
DA:89,0
DA:96,0
DA:97,0
DA:98,0
DA:100,0
DA:112,0
DA:115,0
DA:117,0
DA:118,0
DA:121,0
DA:123,0
DA:124,0
DA:126,0
DA:135,0
DA:136,0
DA:139,0
DA:146,0
DA:149,0
DA:151,0
DA:152,0
DA:155,0
DA:156,0
DA:157,0
DA:159,0
DA:160,0
DA:165,0
DA:167,0
DA:168,0
DA:169,0
DA:171,0
LF:40
LH:0
BRDA:72,0,0,0
BRDA:72,0,1,0
BRDA:79,1,0,0
BRDA:79,1,1,0
BRDA:83,2,0,0
BRDA:83,2,1,0
BRDA:85,3,0,0
BRDA:85,3,1,0
BRDA:89,4,0,0
BRDA:89,4,1,0
BRDA:96,5,0,0
BRDA:96,5,1,0
BRDA:98,6,0,0
BRDA:98,6,1,0
BRDA:117,7,0,0
BRDA:117,7,1,0
BRDA:117,8,0,0
BRDA:117,8,1,0
BRDA:121,9,0,0
BRDA:121,9,1,0
BRDA:123,10,0,0
BRDA:123,10,1,0
BRDA:124,11,0,0
BRDA:124,11,1,0
BRDA:129,12,0,0
BRDA:129,12,1,0
BRDA:130,13,0,0
BRDA:130,13,1,0
BRDA:135,14,0,0
BRDA:135,14,1,0
BRDA:151,15,0,0
BRDA:151,15,1,0
BRDA:151,16,0,0
BRDA:151,16,1,0
BRDA:156,17,0,0
BRDA:156,17,1,0
BRDA:156,18,0,0
BRDA:156,18,1,0
BRDA:159,19,0,0
BRDA:159,19,1,0
BRDA:165,20,0,0
BRDA:165,20,1,0
BRDA:167,21,0,0
BRDA:167,21,1,0
BRDA:167,21,2,0
BRF:45
BRH:0
end_of_record
TN:
SF:src\services\paymentActivation.ts
FN:12,(anonymous_0)
FN:12,(anonymous_1)
FN:14,activateCashfreeOrder
FNF:3
FNH:3
FNDA:1,(anonymous_0)
FNDA:1,(anonymous_1)
FNDA:6,activateCashfreeOrder
DA:12,1
DA:21,6
DA:23,6
DA:24,7
DA:25,7
DA:26,1
DA:27,1
DA:28,1
DA:30,6
DA:31,1
DA:32,1
DA:34,5
DA:35,0
DA:36,0
DA:41,0
DA:43,5
DA:44,0
DA:45,0
DA:50,0
DA:52,5
DA:53,4
DA:54,3
DA:59,2
DA:61,1
DA:62,1
DA:63,1
DA:68,0
DA:70,0
DA:72,3
DA:73,3
DA:75,3
DA:77,3
DA:78,2
DA:80,1
DA:84,0
LF:35
LH:26
BRDA:19,0,0,3
BRDA:25,1,0,1
BRDA:25,1,1,6
BRDA:26,2,0,0
BRDA:26,2,1,1
BRDA:30,3,0,1
BRDA:30,3,1,5
BRDA:34,4,0,0
BRDA:34,4,1,5
BRDA:35,5,0,0
BRDA:35,5,1,0
BRDA:43,6,0,0
BRDA:43,6,1,5
BRDA:44,7,0,0
BRDA:44,7,1,0
BRDA:52,8,0,4
BRDA:52,8,1,1
BRDA:53,9,0,1
BRDA:53,9,1,3
BRDA:61,10,0,1
BRDA:61,10,1,0
BRDA:62,11,0,0
BRDA:62,11,1,1
BRDA:72,12,0,2
BRDA:72,12,1,1
BRDA:72,13,0,1
BRDA:72,13,1,0
BRDA:75,14,0,3
BRDA:75,14,1,2
BRDA:77,15,0,2
BRDA:77,15,1,1
BRDA:77,16,0,3
BRDA:77,16,1,1
BRF:33
BRH:23
end_of_record
TN:
SF:src\services\userLocation.ts
FN:12,thaneFallback
FN:22,resolveUserGeoPoint
FNF:2
FNH:0
FNDA:0,thaneFallback
FNDA:0,resolveUserGeoPoint
DA:13,0
DA:23,0
DA:24,0
DA:25,0
DA:26,0
DA:29,0
DA:30,0
DA:31,0
DA:34,0
DA:38,0
DA:39,0
DA:40,0
DA:43,0
DA:44,0
DA:47,0
DA:54,0
LF:16
LH:0
BRDA:25,0,0,0
BRDA:25,0,1,0
BRDA:30,1,0,0
BRDA:30,1,1,0
BRDA:39,2,0,0
BRDA:39,2,1,0
BRDA:39,3,0,0
BRDA:39,3,1,0
BRDA:43,4,0,0
BRDA:43,4,1,0
BRF:10
BRH:0
end_of_record
TN:
SF:src\utils\agentApproval.ts
FN:2,isAgentProfileApproved
FN:6,isAgentProfileRejected
FN:14,agentProfileNeedsClarification
FN:24,canResubmitAgentProfile
FN:30,agentApprovalStatusLabel
FNF:5
FNH:5
FNDA:3,isAgentProfileApproved
FNDA:6,isAgentProfileRejected
FNDA:7,agentProfileNeedsClarification
FNDA:5,canResubmitAgentProfile
FNDA:4,agentApprovalStatusLabel
DA:3,3
DA:7,6
DA:17,7
DA:27,5
DA:31,4
DA:33,0
DA:35,1
DA:37,1
DA:39,1
DA:41,0
DA:43,0
DA:45,0
DA:47,1
LF:13
LH:9
BRDA:3,0,0,3
BRDA:3,0,1,2
BRDA:27,1,0,5
BRDA:27,1,1,4
BRDA:31,2,0,0
BRDA:31,2,1,1
BRDA:31,2,2,1
BRDA:31,2,3,1
BRDA:31,2,4,0
BRDA:31,2,5,0
BRDA:31,2,6,0
BRDA:31,2,7,1
BRF:12
BRH:8
end_of_record
TN:
SF:src\utils\agentPlanPricing.ts
FN:16,clampToStep
FN:26,computeListingSubtotal
FN:36,computeLeadSubtotal
FNF:3
FNH:3
FNDA:9,clampToStep
FNDA:3,computeListingSubtotal
FNDA:2,computeLeadSubtotal
DA:4,2
DA:17,9
DA:18,9
DA:31,3
DA:32,3
DA:40,2
DA:41,1
DA:42,1
LF:8
LH:8
BRDA:16,0,0,0
BRDA:31,1,0,3
BRDA:31,1,1,0
BRDA:40,2,0,1
BRDA:40,2,1,1
BRDA:41,3,0,1
BRDA:41,3,1,0
BRF:7
BRH:4
end_of_record
TN:
SF:src\utils\animation.ts
FNF:0
FNH:0
DA:7,0
LF:1
LH:0
BRF:0
BRH:0
end_of_record
TN:
SF:src\utils\apiErrorMessage.ts
FN:2,parseApiErrorMessage
FNF:1
FNH:0
FNDA:0,parseApiErrorMessage
DA:3,0
DA:4,0
DA:5,0
DA:10,0
DA:11,0
DA:16,0
DA:17,0
DA:18,0
DA:19,0
DA:21,0
DA:26,0
DA:27,0
DA:30,0
LF:13
LH:0
BRDA:4,0,0,0
BRDA:4,0,1,0
BRDA:5,1,0,0
BRDA:5,1,1,0
BRDA:16,2,0,0
BRDA:16,2,1,0
BRDA:17,3,0,0
BRDA:17,3,1,0
BRDA:17,4,0,0
BRDA:17,4,1,0
BRDA:19,5,0,0
BRDA:19,5,1,0
BRDA:21,6,0,0
BRDA:21,6,1,0
BRDA:26,7,0,0
BRDA:26,7,1,0
BRDA:27,8,0,0
BRDA:27,8,1,0
BRDA:30,9,0,0
BRDA:30,9,1,0
BRF:20
BRH:0
end_of_record
TN:
SF:src\utils\builderFormat.ts
FN:3,formatBuilderPrice
FN:8,formatPossessionDate
FN:20,formatSqft
FN:25,parseAmenities
FN:29,(anonymous_4)
FN:36,shouldShowBuilderRera
FNF:6
FNH:0
FNDA:0,formatBuilderPrice
FNDA:0,formatPossessionDate
FNDA:0,formatSqft
FNDA:0,parseAmenities
FNDA:0,(anonymous_4)
FNDA:0,shouldShowBuilderRera
DA:4,0
DA:5,0
DA:9,0
DA:10,0
DA:11,0
DA:16,0
DA:21,0
DA:22,0
DA:26,0
DA:27,0
DA:29,0
DA:34,0
DA:37,0
DA:38,0
LF:14
LH:0
BRDA:4,0,0,0
BRDA:4,0,1,0
BRDA:4,1,0,0
BRDA:4,1,1,0
BRDA:4,1,2,0
BRDA:9,2,0,0
BRDA:9,2,1,0
BRDA:21,3,0,0
BRDA:21,3,1,0
BRDA:21,4,0,0
BRDA:21,4,1,0
BRDA:26,5,0,0
BRDA:26,5,1,0
BRDA:38,6,0,0
BRDA:38,6,1,0
BRF:15
BRH:0
end_of_record
TN:
SF:src\utils\builderMedia.ts
FN:5,mediaTypeKey
FN:9,normalizeVideoUrl
FN:16,isVideoMediaType
FN:20,isVideoUrl
FN:25,extractRawBuilderMedia
FN:31,normalizeBuilderMedia
FN:95,splitBuilderMedia
FN:115,isLikelyImageUrl
FNF:8
FNH:0
FNDA:0,mediaTypeKey
FNDA:0,normalizeVideoUrl
FNDA:0,isVideoMediaType
FNDA:0,isVideoUrl
FNDA:0,extractRawBuilderMedia
FNDA:0,normalizeBuilderMedia
FNDA:0,splitBuilderMedia
FNDA:0,isLikelyImageUrl
DA:6,0
DA:10,0
DA:11,0
DA:12,0
DA:13,0
DA:17,0
DA:21,0
DA:26,0
DA:27,0
DA:28,0
DA:32,0
DA:34,0
DA:35,0
DA:36,0
DA:37,0
DA:38,0
DA:39,0
DA:47,0
DA:50,0
DA:51,0
DA:52,0
DA:54,0
DA:59,0
DA:60,0
DA:61,0
DA:62,0
DA:65,0
DA:67,0
DA:92,0
DA:96,0
DA:97,0
DA:98,0
DA:100,0
DA:101,0
DA:102,0
DA:103,0
DA:104,0
DA:105,0
DA:107,0
DA:108,0
DA:109,0
DA:112,0
DA:116,0
LF:43
LH:0
BRDA:6,0,0,0
BRDA:6,0,1,0
BRDA:11,1,0,0
BRDA:11,1,1,0
BRDA:12,2,0,0
BRDA:12,2,1,0
BRDA:17,3,0,0
BRDA:17,3,1,0
BRDA:21,4,0,0
BRDA:21,4,1,0
BRDA:21,4,2,0
BRDA:26,5,0,0
BRDA:26,5,1,0
BRDA:26,6,0,0
BRDA:26,6,1,0
BRDA:28,7,0,0
BRDA:28,7,1,0
BRDA:28,7,2,0
BRDA:32,8,0,0
BRDA:32,8,1,0
BRDA:36,9,0,0
BRDA:36,9,1,0
BRDA:38,10,0,0
BRDA:38,10,1,0
BRDA:50,11,0,0
BRDA:50,11,1,0
BRDA:50,12,0,0
BRDA:50,12,1,0
BRDA:52,13,0,0
BRDA:52,13,1,0
BRDA:52,14,0,0
BRDA:52,14,1,0
BRDA:54,15,0,0
BRDA:54,15,1,0
BRDA:56,16,0,0
BRDA:56,16,1,0
BRDA:61,17,0,0
BRDA:61,17,1,0
BRDA:62,18,0,0
BRDA:62,18,1,0
BRDA:64,19,0,0
BRDA:64,19,1,0
BRDA:65,20,0,0
BRDA:65,20,1,0
BRDA:68,21,0,0
BRDA:68,21,1,0
BRDA:68,22,0,0
BRDA:68,22,1,0
BRDA:69,23,0,0
BRDA:69,23,1,0
BRDA:69,24,0,0
BRDA:69,24,1,0
BRDA:72,25,0,0
BRDA:72,25,1,0
BRDA:74,26,0,0
BRDA:74,26,1,0
BRDA:78,27,0,0
BRDA:78,27,1,0
BRDA:80,28,0,0
BRDA:80,28,1,0
BRDA:84,29,0,0
BRDA:84,29,1,0
BRDA:86,30,0,0
BRDA:86,30,1,0
BRDA:102,31,0,0
BRDA:102,31,1,0
BRDA:104,32,0,0
BRDA:104,32,1,0
BRDA:104,33,0,0
BRDA:104,33,1,0
BRDA:107,34,0,0
BRDA:107,34,1,0
BRDA:108,35,0,0
BRDA:108,35,1,0
BRDA:108,36,0,0
BRDA:108,36,1,0
BRDA:109,37,0,0
BRDA:109,37,1,0
BRDA:109,38,0,0
BRDA:109,38,1,0
BRF:80
BRH:0
end_of_record
TN:
SF:src\utils\builderProject.ts
FN:9,isAvailableUnit
FN:14,enrichBuilderProject
FN:28,(anonymous_2)
FN:29,(anonymous_3)
FN:31,(anonymous_4)
FN:31,(anonymous_5)
FN:40,(anonymous_6)
FN:56,enrichBuilderProjectDetail
FNF:8
FNH:0
FNDA:0,isAvailableUnit
FNDA:0,enrichBuilderProject
FNDA:0,(anonymous_2)
FNDA:0,(anonymous_3)
FNDA:0,(anonymous_4)
FNDA:0,(anonymous_5)
FNDA:0,(anonymous_6)
FNDA:0,enrichBuilderProjectDetail
DA:10,0
DA:17,0
DA:18,0
DA:19,0
DA:21,0
DA:22,0
DA:25,0
DA:26,0
DA:28,0
DA:29,0
DA:30,0
DA:31,0
DA:32,0
DA:34,0
DA:38,0
DA:39,0
DA:40,0
DA:43,0
DA:48,0
DA:59,0
DA:60,0
LF:21
LH:0
BRDA:17,0,0,0
BRDA:17,0,1,0
BRDA:21,1,0,0
BRDA:21,1,1,0
BRDA:21,2,0,0
BRDA:21,2,1,0
BRDA:25,3,0,0
BRDA:25,3,1,0
BRDA:25,4,0,0
BRDA:25,4,1,0
BRDA:29,5,0,0
BRDA:29,5,1,0
BRDA:30,6,0,0
BRDA:30,6,1,0
BRDA:31,7,0,0
BRDA:31,7,1,0
BRDA:32,8,0,0
BRDA:32,8,1,0
BRDA:40,9,0,0
BRDA:40,9,1,0
BRDA:43,10,0,0
BRDA:43,10,1,0
BRDA:43,10,2,0
BRDA:43,10,3,0
BRF:24
BRH:0
end_of_record
TN:
SF:src\utils\builderProjectForm.ts
FN:34,initialBuilderProjectForm
FN:58,builderProjectFormFromDetail
FN:97,parseIntField
FN:103,validateBuilderProjectForm
FN:126,buildUpsertBuilderProjectRequest
FNF:5
FNH:0
FNDA:0,initialBuilderProjectForm
FNDA:0,builderProjectFormFromDetail
FNDA:0,parseIntField
FNDA:0,validateBuilderProjectForm
FNDA:0,buildUpsertBuilderProjectRequest
DA:5,0
DA:35,0
DA:62,0
DA:66,0
DA:98,0
DA:99,0
DA:100,0
DA:104,0
DA:105,0
DA:106,0
DA:107,0
DA:108,0
DA:109,0
DA:110,0
DA:111,0
DA:113,0
DA:114,0
DA:116,0
DA:117,0
DA:118,0
DA:119,0
DA:120,0
DA:121,0
DA:123,0
DA:130,0
DA:131,0
DA:133,0
LF:27
LH:0
BRDA:34,0,0,0
BRDA:62,1,0,0
BRDA:62,1,1,0
BRDA:62,2,0,0
BRDA:62,2,1,0
BRDA:67,3,0,0
BRDA:67,3,1,0
BRDA:68,4,0,0
BRDA:68,4,1,0
BRDA:69,5,0,0
BRDA:69,5,1,0
BRDA:70,6,0,0
BRDA:70,6,1,0
BRDA:71,7,0,0
BRDA:71,7,1,0
BRDA:72,8,0,0
BRDA:72,8,1,0
BRDA:73,9,0,0
BRDA:73,9,1,0
BRDA:74,10,0,0
BRDA:74,10,1,0
BRDA:76,11,0,0
BRDA:76,11,1,0
BRDA:79,12,0,0
BRDA:79,12,1,0
BRDA:80,13,0,0
BRDA:80,13,1,0
BRDA:81,14,0,0
BRDA:81,14,1,0
BRDA:82,15,0,0
BRDA:82,15,1,0
BRDA:86,16,0,0
BRDA:86,16,1,0
BRDA:93,17,0,0
BRDA:93,17,1,0
BRDA:99,18,0,0
BRDA:99,18,1,0
BRDA:99,19,0,0
BRDA:99,19,1,0
BRDA:104,20,0,0
BRDA:104,20,1,0
BRDA:105,21,0,0
BRDA:105,21,1,0
BRDA:106,22,0,0
BRDA:106,22,1,0
BRDA:107,23,0,0
BRDA:107,23,1,0
BRDA:108,24,0,0
BRDA:108,24,1,0
BRDA:109,25,0,0
BRDA:109,25,1,0
BRDA:110,26,0,0
BRDA:110,26,1,0
BRDA:110,27,0,0
BRDA:110,27,1,0
BRDA:113,28,0,0
BRDA:113,28,1,0
BRDA:113,29,0,0
BRDA:113,29,1,0
BRDA:117,30,0,0
BRDA:117,30,1,0
BRDA:117,31,0,0
BRDA:117,31,1,0
BRDA:119,32,0,0
BRDA:119,32,1,0
BRDA:119,33,0,0
BRDA:119,33,1,0
BRDA:120,34,0,0
BRDA:120,34,1,0
BRDA:120,35,0,0
BRDA:120,35,1,0
BRDA:130,36,0,0
BRDA:130,36,1,0
BRDA:131,37,0,0
BRDA:131,37,1,0
BRDA:141,38,0,0
BRDA:141,38,1,0
BRDA:142,39,0,0
BRDA:142,39,1,0
BRDA:144,40,0,0
BRDA:144,40,1,0
BRDA:148,41,0,0
BRDA:148,41,1,0
BRDA:149,42,0,0
BRDA:149,42,1,0
BRDA:150,43,0,0
BRDA:150,43,1,0
BRDA:151,44,0,0
BRDA:151,44,1,0
BRDA:151,44,2,0
BRF:90
BRH:0
end_of_record
TN:
SF:src\utils\emailVerificationSession.ts
FN:3,resetEmailVerificationToastSession
FN:7,markEmailVerificationToastShown
FN:11,wasEmailVerificationToastShown
FNF:3
FNH:0
FNDA:0,resetEmailVerificationToastSession
FNDA:0,markEmailVerificationToastShown
FNDA:0,wasEmailVerificationToastShown
DA:1,0
DA:4,0
DA:8,0
DA:12,0
LF:4
LH:0
BRF:0
BRH:0
end_of_record
TN:
SF:src\utils\gstNumber.ts
FN:4,normalizeGst
FN:8,isValidOptionalGst
FNF:2
FNH:2
FNDA:7,normalizeGst
FNDA:6,isValidOptionalGst
DA:2,1
DA:5,7
DA:9,6
DA:10,6
DA:11,4
LF:5
LH:5
BRDA:10,0,0,2
BRDA:10,0,1,4
BRF:2
BRH:2
end_of_record
TN:
SF:src\utils\imageUrl.ts
FN:11,resolveImageUrl
FN:45,resolveImageUrls
FN:61,resolvePropertyImages
FNF:3
FNH:0
FNDA:0,resolveImageUrl
FNDA:0,resolveImageUrls
FNDA:0,resolvePropertyImages
DA:5,0
DA:12,0
DA:14,0
DA:15,0
DA:16,0
DA:19,0
DA:21,0
DA:22,0
DA:25,0
DA:26,0
DA:29,0
DA:30,0
DA:31,0
DA:32,0
DA:34,0
DA:38,0
DA:39,0
DA:42,0
DA:48,0
DA:49,0
DA:50,0
DA:51,0
DA:52,0
DA:53,0
DA:54,0
DA:55,0
DA:58,0
DA:65,0
DA:67,0
DA:69,0
DA:76,0
LF:31
LH:0
BRDA:12,0,0,0
BRDA:12,0,1,0
BRDA:15,1,0,0
BRDA:15,1,1,0
BRDA:21,2,0,0
BRDA:21,2,1,0
BRDA:25,3,0,0
BRDA:25,3,1,0
BRDA:29,4,0,0
BRDA:29,4,1,0
BRDA:38,5,0,0
BRDA:38,5,1,0
BRDA:48,6,0,0
BRDA:48,6,1,0
BRDA:53,7,0,0
BRDA:53,7,1,0
BRDA:53,8,0,0
BRDA:53,8,1,0
BRDA:67,9,0,0
BRDA:67,9,1,0
BRDA:67,9,2,0
BRDA:69,10,0,0
BRDA:69,10,1,0
BRDA:69,11,0,0
BRDA:69,11,1,0
BRDA:71,12,0,0
BRDA:71,12,1,0
BRDA:73,13,0,0
BRDA:73,13,1,0
BRF:29
BRH:0
end_of_record
TN:
SF:src\utils\indiaTime.ts
FN:2,formatIndiaDate
FNF:1
FNH:0
FNDA:0,formatIndiaDate
DA:3,0
LF:1
LH:0
BRDA:2,0,0,0
BRF:1
BRH:0
end_of_record
TN:
SF:src\utils\listingGeo.ts
FN:12,resolveListingGeoAnchor
FN:42,listingGeoQuery
FN:50,listingGeoBannerText
FNF:3
FNH:0
FNDA:0,resolveListingGeoAnchor
FNDA:0,listingGeoQuery
FNDA:0,listingGeoBannerText
DA:16,0
DA:17,0
DA:25,0
DA:26,0
DA:34,0
DA:43,0
DA:51,0
LF:7
LH:0
BRDA:16,0,0,0
BRDA:16,0,1,0
BRDA:25,1,0,0
BRDA:25,1,1,0
BRDA:30,2,0,0
BRDA:30,2,1,0
BRF:6
BRH:0
end_of_record
TN:
SF:src\utils\listingRera.ts
FN:7,isNewListing
FN:13,resolveListingRera
FN:28,shouldShowListingRera
FN:38,shouldShowBuilderRera
FNF:4
FNH:0
FNDA:0,isNewListing
FNDA:0,resolveListingRera
FNDA:0,shouldShowListingRera
FNDA:0,shouldShowBuilderRera
DA:4,0
DA:5,0
DA:8,0
DA:9,0
DA:17,0
DA:18,0
DA:20,0
DA:21,0
DA:22,0
DA:24,0
DA:29,0
DA:30,0
DA:31,0
DA:39,0
DA:40,0
LF:15
LH:0
BRDA:8,0,0,0
BRDA:8,0,1,0
BRDA:18,1,0,0
BRDA:18,1,1,0
BRDA:18,2,0,0
BRDA:18,2,1,0
BRDA:22,3,0,0
BRDA:22,3,1,0
BRDA:30,4,0,0
BRDA:30,4,1,0
BRDA:32,5,0,0
BRDA:32,5,1,0
BRDA:32,5,2,0
BRDA:40,6,0,0
BRDA:40,6,1,0
BRF:15
BRH:0
end_of_record
TN:
SF:src\utils\mapHelpers.ts
FN:12,isWithinThaneBounds
FN:21,clampCoordinate
FN:35,clampMapRegion
FN:78,getThaneDefaultRegion
FN:87,hasValidPropertyCoordinates
FN:95,propertiesWithCoordinates
FN:99,getMapInitialRegion
FN:124,(anonymous_7)
FN:125,(anonymous_8)
FN:142,mapFitCoordinates
FN:147,(anonymous_10)
FN:177,regionsDiffer
FNF:12
FNH:0
FNDA:0,isWithinThaneBounds
FNDA:0,clampCoordinate
FNDA:0,clampMapRegion
FNDA:0,getThaneDefaultRegion
FNDA:0,hasValidPropertyCoordinates
FNDA:0,propertiesWithCoordinates
FNDA:0,getMapInitialRegion
FNDA:0,(anonymous_7)
FNDA:0,(anonymous_8)
FNDA:0,mapFitCoordinates
FNDA:0,(anonymous_10)
FNDA:0,regionsDiffer
DA:13,0
DA:22,0
DA:36,0
DA:40,0
DA:45,0
DA:46,0
DA:48,0
DA:49,0
DA:51,0
DA:52,0
DA:53,0
DA:54,0
DA:56,0
DA:57,0
DA:59,0
DA:60,0
DA:63,0
DA:64,0
DA:66,0
DA:67,0
DA:70,0
DA:79,0
DA:88,0
DA:89,0
DA:90,0
DA:91,0
DA:92,0
DA:96,0
DA:104,0
DA:105,0
DA:113,0
DA:114,0
DA:122,0
DA:123,0
DA:124,0
DA:125,0
DA:126,0
DA:127,0
DA:128,0
DA:129,0
DA:130,0
DA:131,0
DA:139,0
DA:147,0
DA:151,0
DA:155,0
DA:159,0
DA:163,0
DA:168,0
DA:169,0
DA:174,0
DA:178,0
LF:52
LH:0
BRDA:14,0,0,0
BRDA:14,0,1,0
BRDA:14,0,2,0
BRDA:14,0,3,0
BRDA:56,1,0,0
BRDA:56,1,1,0
BRDA:63,2,0,0
BRDA:63,2,1,0
BRDA:89,3,0,0
BRDA:89,3,1,0
BRDA:89,4,0,0
BRDA:89,4,1,0
BRDA:90,5,0,0
BRDA:90,5,1,0
BRDA:90,6,0,0
BRDA:90,6,1,0
BRDA:91,7,0,0
BRDA:91,7,1,0
BRDA:92,8,0,0
BRDA:92,8,1,0
BRDA:104,9,0,0
BRDA:104,9,1,0
BRDA:104,10,0,0
BRDA:104,10,1,0
BRDA:113,11,0,0
BRDA:113,11,1,0
BRDA:113,12,0,0
BRDA:113,12,1,0
BRDA:123,13,0,0
BRDA:123,13,1,0
BRDA:151,14,0,0
BRDA:151,14,1,0
BRDA:152,15,0,0
BRDA:152,15,1,0
BRDA:159,16,0,0
BRDA:159,16,1,0
BRDA:160,17,0,0
BRDA:160,17,1,0
BRDA:168,18,0,0
BRDA:168,18,1,0
BRDA:177,19,0,0
BRDA:179,20,0,0
BRDA:179,20,1,0
BRDA:179,20,2,0
BRDA:179,20,3,0
BRF:45
BRH:0
end_of_record
TN:
SF:src\utils\normalizeAgentListing.ts
FN:5,categoryFlags
FN:15,normalizeAgentListing
FNF:2
FNH:0
FNDA:0,categoryFlags
FNDA:0,normalizeAgentListing
DA:6,0
DA:7,0
DA:16,0
DA:18,0
DA:24,0
LF:5
LH:0
BRDA:8,0,0,0
BRDA:8,0,1,0
BRDA:18,1,0,0
BRDA:18,1,1,0
BRDA:20,2,0,0
BRDA:20,2,1,0
BRDA:29,3,0,0
BRDA:29,3,1,0
BRDA:33,4,0,0
BRDA:33,4,1,0
BRDA:33,4,2,0
BRDA:52,5,0,0
BRDA:52,5,1,0
BRF:13
BRH:0
end_of_record
TN:
SF:src\utils\normalizeAuthResponse.ts
FN:4,normalizeAuthResponse
FNF:1
FNH:1
FNDA:3,normalizeAuthResponse
DA:5,3
DA:6,3
LF:2
LH:2
BRDA:5,0,0,3
BRDA:5,0,1,1
BRDA:7,1,0,3
BRDA:7,1,1,2
BRDA:7,1,2,1
BRDA:8,2,0,3
BRDA:8,2,1,2
BRDA:8,2,2,2
BRDA:9,3,0,3
BRDA:9,3,1,2
BRDA:9,3,2,2
BRDA:10,4,0,3
BRDA:10,4,1,2
BRDA:10,4,2,2
BRDA:11,5,0,3
BRDA:11,5,1,2
BRDA:11,5,2,2
BRDA:12,6,0,3
BRDA:12,6,1,2
BRDA:12,6,2,1
BRDA:13,7,0,3
BRDA:13,7,1,2
BRDA:13,7,2,2
BRF:23
BRH:23
end_of_record
TN:
SF:src\utils\ownerDashboard.ts
FN:5,reviewStatusTone
FN:13,formatDaysRemaining
FN:20,listingVisibilityProgress
FN:41,computeOwnerStats
FN:44,(anonymous_4)
FN:45,(anonymous_5)
FN:47,(anonymous_6)
FN:48,(anonymous_7)
FN:73,isOwnerClosedOutcome
FN:80,isOwnerListingExpired
FN:90,ownerListingFilterTags
FN:114,filterOwnerListings
FN:119,(anonymous_12)
FN:123,canResubmitListing
FN:128,ownerOutcomeLabel
FNF:15
FNH:0
FNDA:0,reviewStatusTone
FNDA:0,formatDaysRemaining
FNDA:0,listingVisibilityProgress
FNDA:0,computeOwnerStats
FNDA:0,(anonymous_4)
FNDA:0,(anonymous_5)
FNDA:0,(anonymous_6)
FNDA:0,(anonymous_7)
FNDA:0,isOwnerClosedOutcome
FNDA:0,isOwnerListingExpired
FNDA:0,ownerListingFilterTags
FNDA:0,filterOwnerListings
FNDA:0,(anonymous_12)
FNDA:0,canResubmitListing
FNDA:0,ownerOutcomeLabel
DA:6,0
DA:7,0
DA:8,0
DA:9,0
DA:10,0
DA:14,0
DA:15,0
DA:16,0
DA:17,0
DA:23,0
DA:24,0
DA:26,0
DA:30,0
DA:42,0
DA:44,0
DA:45,0
DA:47,0
DA:48,0
DA:62,0
DA:76,0
DA:77,0
DA:81,0
DA:82,0
DA:83,0
DA:91,0
DA:92,0
DA:94,0
DA:95,0
DA:96,0
DA:97,0
DA:98,0
DA:99,0
DA:102,0
DA:103,0
DA:106,0
DA:107,0
DA:108,0
DA:109,0
DA:111,0
DA:118,0
DA:119,0
DA:124,0
DA:125,0
DA:129,0
DA:130,0
DA:131,0
LF:46
LH:0
BRDA:7,0,0,0
BRDA:7,0,1,0
BRDA:8,1,0,0
BRDA:8,1,1,0
BRDA:8,2,0,0
BRDA:8,2,1,0
BRDA:9,3,0,0
BRDA:9,3,1,0
BRDA:9,4,0,0
BRDA:9,4,1,0
BRDA:14,5,0,0
BRDA:14,5,1,0
BRDA:15,6,0,0
BRDA:15,6,1,0
BRDA:16,7,0,0
BRDA:16,7,1,0
BRDA:23,8,0,0
BRDA:23,8,1,0
BRDA:23,9,0,0
BRDA:23,9,1,0
BRDA:76,10,0,0
BRDA:76,10,1,0
BRDA:77,11,0,0
BRDA:77,11,1,0
BRDA:81,12,0,0
BRDA:81,12,1,0
BRDA:82,13,0,0
BRDA:82,13,1,0
BRDA:84,14,0,0
BRDA:84,14,1,0
BRDA:84,14,2,0
BRDA:92,15,0,0
BRDA:92,15,1,0
BRDA:94,16,0,0
BRDA:94,16,1,0
BRDA:94,17,0,0
BRDA:94,17,1,0
BRDA:96,18,0,0
BRDA:96,18,1,0
BRDA:96,19,0,0
BRDA:96,19,1,0
BRDA:96,19,2,0
BRDA:98,20,0,0
BRDA:98,20,1,0
BRDA:98,21,0,0
BRDA:98,21,1,0
BRDA:102,22,0,0
BRDA:102,22,1,0
BRDA:106,23,0,0
BRDA:106,23,1,0
BRDA:107,24,0,0
BRDA:107,24,1,0
BRDA:108,25,0,0
BRDA:108,25,1,0
BRDA:109,26,0,0
BRDA:109,26,1,0
BRDA:118,27,0,0
BRDA:118,27,1,0
BRDA:124,28,0,0
BRDA:124,28,1,0
BRDA:125,29,0,0
BRDA:125,29,1,0
BRDA:125,29,2,0
BRDA:129,30,0,0
BRDA:129,30,1,0
BRDA:130,31,0,0
BRDA:130,31,1,0
BRF:67
BRH:0
end_of_record
TN:
SF:src\utils\paymentDisplay.ts
FN:13,paymentProductLabel
FN:17,formatPaymentAmount
FN:24,formatPaymentDate
FN:39,paymentStatusTone
FN:64,paymentInvoiceEligible
FN:72,showInvoiceDownload
FN:79,filterEssentialPayments
FN:81,(anonymous_7)
FN:85,filterAgentPayments
FN:86,(anonymous_9)
FNF:10
FNH:9
FNDA:3,paymentProductLabel
FNDA:2,formatPaymentAmount
FNDA:0,formatPaymentDate
FNDA:8,paymentStatusTone
FNDA:3,paymentInvoiceEligible
FNDA:2,showInvoiceDownload
FNDA:1,filterEssentialPayments
FNDA:4,(anonymous_7)
FNDA:1,filterAgentPayments
FNDA:4,(anonymous_9)
DA:3,1
DA:14,3
DA:18,2
DA:19,1
DA:21,1
DA:25,0
DA:26,0
DA:27,0
DA:35,0
DA:42,8
DA:43,8
DA:44,3
DA:46,5
DA:47,2
DA:49,3
DA:50,2
DA:52,1
DA:55,1
DA:65,3
DA:66,3
DA:67,1
DA:69,2
DA:73,2
DA:74,2
DA:76,0
DA:80,1
DA:81,4
DA:86,1
DA:87,4
DA:88,4
LF:30
LH:25
BRDA:14,0,0,3
BRDA:14,0,1,1
BRDA:18,1,0,1
BRDA:18,1,1,1
BRDA:18,2,0,2
BRDA:18,2,1,1
BRDA:25,3,0,0
BRDA:25,3,1,0
BRDA:43,4,0,3
BRDA:43,4,1,5
BRDA:43,5,0,8
BRDA:43,5,1,6
BRDA:43,5,2,6
BRDA:46,6,0,2
BRDA:46,6,1,3
BRDA:46,7,0,5
BRDA:46,7,1,3
BRDA:49,8,0,2
BRDA:49,8,1,1
BRDA:49,9,0,3
BRDA:49,9,1,2
BRDA:65,10,0,3
BRDA:65,10,1,0
BRDA:66,11,0,1
BRDA:66,11,1,2
BRDA:73,12,0,2
BRDA:73,12,1,0
BRDA:73,13,0,2
BRDA:73,13,1,1
BRDA:87,14,0,4
BRDA:87,14,1,0
BRDA:88,15,0,4
BRDA:88,15,1,3
BRF:33
BRH:28
end_of_record
TN:
SF:src\utils\phoneNumber.ts
FN:2,normalizeIndianMobile
FN:18,formatIndianMobileInput
FNF:2
FNH:2
FNDA:8,normalizeIndianMobile
FNDA:2,formatIndianMobileInput
DA:3,8
DA:4,6
DA:5,6
DA:6,2
DA:8,6
DA:9,1
DA:11,6
DA:12,4
DA:14,2
DA:19,2
DA:20,2
DA:21,1
DA:23,2
DA:24,0
DA:26,2
LF:15
LH:14
BRDA:3,0,0,2
BRDA:3,0,1,6
BRDA:5,1,0,2
BRDA:5,1,1,4
BRDA:5,2,0,6
BRDA:5,2,1,2
BRDA:8,3,0,1
BRDA:8,3,1,5
BRDA:8,4,0,6
BRDA:8,4,1,1
BRDA:11,5,0,4
BRDA:11,5,1,2
BRDA:11,6,0,6
BRDA:11,6,1,5
BRDA:20,7,0,1
BRDA:20,7,1,1
BRDA:20,8,0,2
BRDA:20,8,1,1
BRDA:23,9,0,0
BRDA:23,9,1,2
BRDA:23,10,0,2
BRDA:23,10,1,0
BRF:22
BRH:20
end_of_record
TN:
SF:src\utils\planDisplay.ts
FN:3,normalizeEssentialUsage
FN:37,formatPlanEndDate
FN:50,getEssentialStatusLabel
FN:67,hasActiveEssentialPlan
FN:80,canPurchaseEssentialPlan
FN:84,findCurrentPlanCode
FN:90,(anonymous_6)
FNF:7
FNH:3
FNDA:9,normalizeEssentialUsage
FNDA:0,formatPlanEndDate
FNDA:5,getEssentialStatusLabel
FNDA:3,hasActiveEssentialPlan
FNDA:0,canPurchaseEssentialPlan
FNDA:0,findCurrentPlanCode
FNDA:0,(anonymous_6)
DA:4,9
DA:5,9
DA:8,9
DA:13,9
DA:14,0
DA:17,9
DA:18,3
DA:21,6
DA:22,6
DA:29,0
DA:30,0
DA:38,0
DA:39,0
DA:40,0
DA:41,0
DA:54,5
DA:56,4
DA:58,4
DA:59,3
DA:61,2
DA:63,1
DA:68,3
DA:69,3
DA:71,2
DA:72,2
DA:74,1
DA:75,1
DA:77,1
DA:81,0
DA:88,0
DA:89,0
DA:90,0
DA:91,0
LF:33
LH:21
BRDA:10,0,0,7
BRDA:10,0,1,2
BRDA:10,1,0,2
BRDA:10,1,1,0
BRDA:13,2,0,0
BRDA:13,2,1,9
BRDA:17,3,0,3
BRDA:17,3,1,6
BRDA:21,4,0,6
BRDA:21,4,1,0
BRDA:38,5,0,0
BRDA:38,5,1,0
BRDA:40,6,0,0
BRDA:40,6,1,0
BRDA:54,7,0,1
BRDA:54,7,1,4
BRDA:58,8,0,1
BRDA:58,8,1,3
BRDA:59,9,0,1
BRDA:59,9,1,2
BRDA:61,10,0,1
BRDA:61,10,1,1
BRDA:68,11,0,0
BRDA:68,11,1,3
BRDA:69,12,0,1
BRDA:69,12,1,2
BRDA:71,13,0,2
BRDA:71,13,1,0
BRDA:72,14,0,1
BRDA:72,14,1,1
BRDA:74,15,0,1
BRDA:74,15,1,0
BRDA:75,16,0,0
BRDA:75,16,1,1
BRDA:75,17,0,1
BRDA:75,17,1,1
BRDA:88,18,0,0
BRDA:88,18,1,0
BRDA:91,19,0,0
BRDA:91,19,1,0
BRF:40
BRH:25
end_of_record
TN:
SF:src\utils\planUsage.ts
FN:22,isEssentialPlanExpired
FN:29,getPlanHeaderDisplay
FN:56,planHeaderPalette
FN:66,resolveEssentialCreditsLevel
FN:111,essentialCreditsLevelStyles
FN:140,hasActivePlanCredits
FN:150,canRevealOwnerContact
FN:155,formatPlanCredits
FN:162,formatPlanUsedPercent
FN:172,alertPlanRequired
FN:193,(anonymous_10)
FN:201,alertNoCreditsLeft
FN:212,(anonymous_12)
FN:221,handlePlanUsageError
FNF:14
FNH:4
FNDA:0,isEssentialPlanExpired
FNDA:0,getPlanHeaderDisplay
FNDA:0,planHeaderPalette
FNDA:3,resolveEssentialCreditsLevel
FNDA:0,essentialCreditsLevelStyles
FNDA:4,hasActivePlanCredits
FNDA:4,canRevealOwnerContact
FNDA:0,formatPlanCredits
FNDA:2,formatPlanUsedPercent
FNDA:0,alertPlanRequired
FNDA:0,(anonymous_10)
FNDA:0,alertNoCreditsLeft
FNDA:0,(anonymous_12)
FNDA:0,handlePlanUsageError
DA:23,0
DA:24,0
DA:25,0
DA:30,0
DA:32,0
DA:33,0
DA:40,0
DA:41,0
DA:48,0
DA:49,0
DA:57,0
DA:58,0
DA:60,0
DA:61,0
DA:63,0
DA:71,3
DA:72,3
DA:73,3
DA:74,2
DA:79,3
DA:80,1
DA:82,2
DA:83,0
DA:85,2
DA:86,1
DA:94,1
DA:95,0
DA:97,1
DA:103,0
DA:106,0
DA:108,1
DA:112,0
DA:114,0
DA:122,0
DA:130,0
DA:141,4
DA:142,2
DA:143,2
DA:151,4
DA:152,3
DA:156,0
DA:157,0
DA:158,0
DA:163,2
DA:164,1
DA:165,1
DA:166,1
DA:170,1
DA:178,0
DA:181,0
DA:185,0
DA:189,0
DA:194,0
DA:205,0
DA:213,0
DA:226,0
DA:227,0
DA:228,0
DA:229,0
DA:231,0
LF:60
LH:22
BRDA:23,0,0,0
BRDA:23,0,1,0
BRDA:25,1,0,0
BRDA:25,1,1,0
BRDA:32,2,0,0
BRDA:32,2,1,0
BRDA:40,3,0,0
BRDA:40,3,1,0
BRDA:57,4,0,0
BRDA:57,4,1,0
BRDA:60,5,0,0
BRDA:60,5,1,0
BRDA:71,6,0,3
BRDA:71,6,1,0
BRDA:73,7,0,2
BRDA:73,7,1,1
BRDA:79,8,0,1
BRDA:79,8,1,2
BRDA:82,9,0,0
BRDA:82,9,1,2
BRDA:82,10,0,2
BRDA:82,10,1,2
BRDA:85,11,0,1
BRDA:85,11,1,1
BRDA:85,12,0,2
BRDA:85,12,1,2
BRDA:89,13,0,1
BRDA:89,13,1,0
BRDA:94,14,0,0
BRDA:94,14,1,1
BRDA:94,15,0,1
BRDA:94,15,1,1
BRDA:97,16,0,0
BRDA:97,16,1,1
BRDA:98,17,0,1
BRDA:98,17,1,1
BRDA:98,17,2,1
BRDA:98,17,3,1
BRDA:103,18,0,0
BRDA:103,18,1,0
BRDA:103,19,0,0
BRDA:103,19,1,0
BRDA:103,19,2,0
BRDA:112,20,0,0
BRDA:112,20,1,0
BRDA:112,20,2,0
BRDA:141,21,0,2
BRDA:141,21,1,2
BRDA:151,22,0,1
BRDA:151,22,1,3
BRDA:152,23,0,3
BRDA:152,23,1,2
BRDA:152,24,0,2
BRDA:152,24,1,1
BRDA:156,25,0,0
BRDA:156,25,1,0
BRDA:163,26,0,1
BRDA:163,26,1,1
BRDA:165,27,0,0
BRDA:165,27,1,1
BRDA:178,28,0,0
BRDA:178,28,1,0
BRDA:179,29,0,0
BRDA:179,29,1,0
BRDA:180,30,0,0
BRDA:180,30,1,0
BRDA:181,31,0,0
BRDA:181,31,1,0
BRDA:182,32,0,0
BRDA:182,32,1,0
BRDA:185,33,0,0
BRDA:185,33,1,0
BRDA:186,34,0,0
BRDA:186,34,1,0
BRDA:187,35,0,0
BRDA:187,35,1,0
BRDA:190,36,0,0
BRDA:190,36,1,0
BRDA:226,37,0,0
BRDA:226,37,1,0
BRDA:227,38,0,0
BRDA:227,38,1,0
BRDA:227,39,0,0
BRDA:227,39,1,0
BRF:84
BRH:32
end_of_record
TN:
SF:src\utils\platform.ts
FN:4,isNativeMobile
FNF:1
FNH:0
FNDA:0,isNativeMobile
DA:5,0
LF:1
LH:0
BRDA:5,0,0,0
BRDA:5,0,1,0
BRF:2
BRH:0
end_of_record
TN:
SF:src\utils\postPropertyForm.ts
FN:51,(anonymous_0)
FN:92,parseDecimal
FN:109,listingCategoryToFlags
FN:124,extendedFieldsFromRichMetadataJson
FN:151,(anonymous_4)
FN:158,agentListingFormFromDetail
FN:196,applyAiListingDraft
FN:279,splitCommaList
FN:282,(anonymous_8)
FN:286,parsePlacesNearbyLines
FN:289,(anonymous_10)
FN:291,(anonymous_11)
FN:292,(anonymous_12)
FN:299,buildRichMetadataJson
FN:339,(anonymous_14)
FN:343,validatePostPropertyStep
FN:415,validatePostPropertyForm
FN:430,formatInr
FN:440,listingTypeSummary
FN:448,deriveListingCategory
FN:455,listingDurationFromTier
FN:462,buildCreateAgentListingRequest
FN:479,(anonymous_22)
FN:510,buildCreatePropertyRequest
FNF:24
FNH:0
FNDA:0,(anonymous_0)
FNDA:0,parseDecimal
FNDA:0,listingCategoryToFlags
FNDA:0,extendedFieldsFromRichMetadataJson
FNDA:0,(anonymous_4)
FNDA:0,agentListingFormFromDetail
FNDA:0,applyAiListingDraft
FNDA:0,splitCommaList
FNDA:0,(anonymous_8)
FNDA:0,parsePlacesNearbyLines
FNDA:0,(anonymous_10)
FNDA:0,(anonymous_11)
FNDA:0,(anonymous_12)
FNDA:0,buildRichMetadataJson
FNDA:0,(anonymous_14)
FNDA:0,validatePostPropertyStep
FNDA:0,validatePostPropertyForm
FNDA:0,formatInr
FNDA:0,listingTypeSummary
FNDA:0,deriveListingCategory
FNDA:0,listingDurationFromTier
FNDA:0,buildCreateAgentListingRequest
FNDA:0,(anonymous_22)
FNDA:0,buildCreatePropertyRequest
DA:8,0
DA:51,0
DA:93,0
DA:94,0
DA:95,0
DA:96,0
DA:99,0
DA:113,0
DA:114,0
DA:115,0
DA:117,0
DA:118,0
DA:120,0
DA:125,0
DA:126,0
DA:127,0
DA:128,0
DA:151,0
DA:154,0
DA:161,0
DA:163,0
DA:167,0
DA:200,0
DA:201,0
DA:211,0
DA:280,0
DA:282,0
DA:287,0
DA:289,0
DA:292,0
DA:293,0
DA:300,0
DA:301,0
DA:302,0
DA:303,0
DA:304,0
DA:305,0
DA:307,0
DA:332,0
DA:333,0
DA:334,0
DA:335,0
DA:336,0
DA:339,0
DA:340,0
DA:348,0
DA:349,0
DA:350,0
DA:351,0
DA:352,0
DA:355,0
DA:356,0
DA:357,0
DA:359,0
DA:360,0
DA:361,0
DA:362,0
DA:363,0
DA:364,0
DA:365,0
DA:366,0
DA:367,0
DA:369,0
DA:370,0
DA:371,0
DA:374,0
DA:377,0
DA:378,0
DA:381,0
DA:382,0
DA:383,0
DA:385,0
DA:392,0
DA:394,0
DA:395,0
DA:396,0
DA:400,0
DA:402,0
DA:407,0
DA:409,0
DA:412,0
DA:419,0
DA:420,0
DA:425,0
DA:427,0
DA:431,0
DA:432,0
DA:433,0
DA:441,0
DA:442,0
DA:443,0
DA:444,0
DA:445,0
DA:449,0
DA:450,0
DA:451,0
DA:456,0
DA:457,0
DA:458,0
DA:459,0
DA:468,0
DA:469,0
DA:470,0
DA:471,0
DA:472,0
DA:474,0
DA:475,0
DA:477,0
DA:478,0
DA:479,0
DA:482,0
DA:486,0
DA:514,0
DA:515,0
DA:516,0
DA:517,0
DA:518,0
DA:520,0
DA:521,0
DA:523,0
DA:524,0
DA:527,0
DA:531,0
LF:123
LH:0
BRDA:94,0,0,0
BRDA:94,0,1,0
BRDA:96,1,0,0
BRDA:96,1,1,0
BRDA:114,2,0,0
BRDA:114,2,1,0
BRDA:117,3,0,0
BRDA:117,3,1,0
BRDA:125,4,0,0
BRDA:125,4,1,0
BRDA:129,5,0,0
BRDA:129,5,1,0
BRDA:130,6,0,0
BRDA:130,6,1,0
BRDA:131,7,0,0
BRDA:131,7,1,0
BRDA:132,8,0,0
BRDA:132,8,1,0
BRDA:133,9,0,0
BRDA:133,9,1,0
BRDA:134,10,0,0
BRDA:134,10,1,0
BRDA:135,11,0,0
BRDA:135,11,1,0
BRDA:136,12,0,0
BRDA:136,12,1,0
BRDA:137,13,0,0
BRDA:137,13,1,0
BRDA:138,14,0,0
BRDA:138,14,1,0
BRDA:139,15,0,0
BRDA:139,15,1,0
BRDA:140,16,0,0
BRDA:140,16,1,0
BRDA:141,17,0,0
BRDA:141,17,1,0
BRDA:142,18,0,0
BRDA:142,18,1,0
BRDA:143,19,0,0
BRDA:143,19,1,0
BRDA:144,20,0,0
BRDA:144,20,1,0
BRDA:145,21,0,0
BRDA:145,21,1,0
BRDA:146,22,0,0
BRDA:146,22,1,0
BRDA:147,23,0,0
BRDA:147,23,1,0
BRDA:148,24,0,0
BRDA:148,24,1,0
BRDA:149,25,0,0
BRDA:149,25,1,0
BRDA:151,26,0,0
BRDA:151,26,1,0
BRDA:151,27,0,0
BRDA:151,27,1,0
BRDA:163,28,0,0
BRDA:163,28,1,0
BRDA:163,29,0,0
BRDA:163,29,1,0
BRDA:169,30,0,0
BRDA:169,30,1,0
BRDA:170,31,0,0
BRDA:170,31,1,0
BRDA:171,32,0,0
BRDA:171,32,1,0
BRDA:173,33,0,0
BRDA:173,33,1,0
BRDA:174,34,0,0
BRDA:174,34,1,0
BRDA:175,35,0,0
BRDA:175,35,1,0
BRDA:176,36,0,0
BRDA:176,36,1,0
BRDA:177,37,0,0
BRDA:177,37,1,0
BRDA:178,38,0,0
BRDA:178,38,1,0
BRDA:181,39,0,0
BRDA:181,39,1,0
BRDA:184,40,0,0
BRDA:184,40,1,0
BRDA:220,41,0,0
BRDA:220,41,1,0
BRDA:226,42,0,0
BRDA:226,42,1,0
BRDA:227,43,0,0
BRDA:227,43,1,0
BRDA:228,44,0,0
BRDA:228,44,1,0
BRDA:229,45,0,0
BRDA:229,45,1,0
BRDA:230,46,0,0
BRDA:230,46,1,0
BRDA:231,47,0,0
BRDA:231,47,1,0
BRDA:232,48,0,0
BRDA:232,48,1,0
BRDA:233,49,0,0
BRDA:233,49,1,0
BRDA:234,50,0,0
BRDA:234,50,1,0
BRDA:235,51,0,0
BRDA:235,51,1,0
BRDA:236,52,0,0
BRDA:236,52,1,0
BRDA:237,53,0,0
BRDA:237,53,1,0
BRDA:238,54,0,0
BRDA:238,54,1,0
BRDA:239,55,0,0
BRDA:239,55,1,0
BRDA:240,56,0,0
BRDA:240,56,1,0
BRDA:241,57,0,0
BRDA:241,57,1,0
BRDA:242,58,0,0
BRDA:242,58,1,0
BRDA:243,59,0,0
BRDA:243,59,1,0
BRDA:244,60,0,0
BRDA:244,60,1,0
BRDA:245,61,0,0
BRDA:245,61,1,0
BRDA:246,62,0,0
BRDA:246,62,1,0
BRDA:247,63,0,0
BRDA:247,63,1,0
BRDA:293,64,0,0
BRDA:293,64,1,0
BRDA:293,65,0,0
BRDA:293,65,1,0
BRDA:308,66,0,0
BRDA:308,66,1,0
BRDA:309,67,0,0
BRDA:309,67,1,0
BRDA:310,68,0,0
BRDA:310,68,1,0
BRDA:311,69,0,0
BRDA:311,69,1,0
BRDA:312,70,0,0
BRDA:312,70,1,0
BRDA:313,71,0,0
BRDA:313,71,1,0
BRDA:314,72,0,0
BRDA:314,72,1,0
BRDA:315,73,0,0
BRDA:315,73,1,0
BRDA:316,74,0,0
BRDA:316,74,1,0
BRDA:317,75,0,0
BRDA:317,75,1,0
BRDA:318,76,0,0
BRDA:318,76,1,0
BRDA:319,77,0,0
BRDA:319,77,1,0
BRDA:320,78,0,0
BRDA:320,78,1,0
BRDA:321,79,0,0
BRDA:321,79,1,0
BRDA:322,80,0,0
BRDA:322,80,1,0
BRDA:323,81,0,0
BRDA:323,81,1,0
BRDA:324,82,0,0
BRDA:324,82,1,0
BRDA:325,83,0,0
BRDA:325,83,1,0
BRDA:326,84,0,0
BRDA:326,84,1,0
BRDA:327,85,0,0
BRDA:327,85,1,0
BRDA:328,86,0,0
BRDA:328,86,1,0
BRDA:329,87,0,0
BRDA:329,87,1,0
BRDA:334,88,0,0
BRDA:334,88,1,0
BRDA:334,89,0,0
BRDA:334,89,1,0
BRDA:334,89,2,0
BRDA:334,89,3,0
BRDA:340,90,0,0
BRDA:340,90,1,0
BRDA:348,91,0,0
BRDA:348,91,1,0
BRDA:349,92,0,0
BRDA:349,92,1,0
BRDA:350,93,0,0
BRDA:350,93,1,0
BRDA:351,94,0,0
BRDA:351,94,1,0
BRDA:355,95,0,0
BRDA:355,95,1,0
BRDA:356,96,0,0
BRDA:356,96,1,0
BRDA:356,97,0,0
BRDA:356,97,1,0
BRDA:356,97,2,0
BRDA:362,98,0,0
BRDA:362,98,1,0
BRDA:362,99,0,0
BRDA:362,99,1,0
BRDA:363,100,0,0
BRDA:363,100,1,0
BRDA:363,101,0,0
BRDA:363,101,1,0
BRDA:364,102,0,0
BRDA:364,102,1,0
BRDA:364,103,0,0
BRDA:364,103,1,0
BRDA:365,104,0,0
BRDA:365,104,1,0
BRDA:367,105,0,0
BRDA:367,105,1,0
BRDA:367,106,0,0
BRDA:367,106,1,0
BRDA:369,107,0,0
BRDA:369,107,1,0
BRDA:369,108,0,0
BRDA:369,108,1,0
BRDA:369,108,2,0
BRDA:370,109,0,0
BRDA:370,109,1,0
BRDA:377,110,0,0
BRDA:377,110,1,0
BRDA:381,111,0,0
BRDA:381,111,1,0
BRDA:382,112,0,0
BRDA:382,112,1,0
BRDA:382,113,0,0
BRDA:382,113,1,0
BRDA:385,114,0,0
BRDA:385,114,1,0
BRDA:386,115,0,0
BRDA:386,115,1,0
BRDA:394,116,0,0
BRDA:394,116,1,0
BRDA:395,117,0,0
BRDA:395,117,1,0
BRDA:396,118,0,0
BRDA:396,118,1,0
BRDA:397,119,0,0
BRDA:397,119,1,0
BRDA:402,120,0,0
BRDA:402,120,1,0
BRDA:403,121,0,0
BRDA:403,121,1,0
BRDA:403,121,2,0
BRDA:425,122,0,0
BRDA:425,122,1,0
BRDA:432,123,0,0
BRDA:432,123,1,0
BRDA:442,124,0,0
BRDA:442,124,1,0
BRDA:443,125,0,0
BRDA:443,125,1,0
BRDA:444,126,0,0
BRDA:444,126,1,0
BRDA:445,127,0,0
BRDA:445,127,1,0
BRDA:449,128,0,0
BRDA:449,128,1,0
BRDA:450,129,0,0
BRDA:450,129,1,0
BRDA:450,130,0,0
BRDA:450,130,1,0
BRDA:456,131,0,0
BRDA:456,131,1,0
BRDA:457,132,0,0
BRDA:457,132,1,0
BRDA:458,133,0,0
BRDA:458,133,1,0
BRDA:465,134,0,0
BRDA:472,135,0,0
BRDA:472,135,1,0
BRDA:472,136,0,0
BRDA:472,136,1,0
BRDA:474,137,0,0
BRDA:474,137,1,0
BRDA:475,138,0,0
BRDA:475,138,1,0
BRDA:478,139,0,0
BRDA:478,139,1,0
BRDA:479,140,0,0
BRDA:479,140,1,0
BRDA:482,141,0,0
BRDA:482,141,1,0
BRDA:482,142,0,0
BRDA:482,142,1,0
BRDA:482,142,2,0
BRDA:497,143,0,0
BRDA:497,143,1,0
BRDA:501,144,0,0
BRDA:501,144,1,0
BRDA:502,145,0,0
BRDA:502,145,1,0
BRDA:504,146,0,0
BRDA:504,146,1,0
BRDA:518,147,0,0
BRDA:518,147,1,0
BRDA:518,148,0,0
BRDA:518,148,1,0
BRDA:520,149,0,0
BRDA:520,149,1,0
BRDA:521,150,0,0
BRDA:521,150,1,0
BRDA:524,151,0,0
BRDA:524,151,1,0
BRDA:527,152,0,0
BRDA:527,152,1,0
BRDA:527,153,0,0
BRDA:527,153,1,0
BRDA:527,153,2,0
BRDA:542,154,0,0
BRDA:542,154,1,0
BRDA:548,155,0,0
BRDA:548,155,1,0
BRF:318
BRH:0
end_of_record
TN:
SF:src\utils\profileDisplay.ts
FN:3,getProfileInitials
FN:13,getProfileFirstName
FN:17,getRoleLabel
FNF:3
FNH:0
FNDA:0,getProfileInitials
FNDA:0,getProfileFirstName
FNDA:0,getRoleLabel
DA:4,0
DA:5,0
DA:6,0
DA:7,0
DA:8,0
DA:10,0
DA:14,0
DA:18,0
DA:19,0
DA:20,0
DA:21,0
LF:11
LH:0
BRDA:5,0,0,0
BRDA:5,0,1,0
BRDA:7,1,0,0
BRDA:7,1,1,0
BRDA:14,2,0,0
BRDA:14,2,1,0
BRDA:18,3,0,0
BRDA:18,3,1,0
BRDA:19,4,0,0
BRDA:19,4,1,0
BRDA:20,5,0,0
BRDA:20,5,1,0
BRF:12
BRH:0
end_of_record
TN:
SF:src\utils\propertyDisplay.ts
FN:4,getPrimaryPrice
FN:27,formatRating
FNF:2
FNH:0
FNDA:0,getPrimaryPrice
FNDA:0,formatRating
DA:10,0
DA:11,0
DA:12,0
DA:19,0
DA:28,0
DA:29,0
LF:6
LH:0
BRDA:10,0,0,0
BRDA:10,0,1,0
BRDA:11,1,0,0
BRDA:11,1,1,0
BRDA:11,2,0,0
BRDA:11,2,1,0
BRDA:11,2,2,0
BRDA:20,3,0,0
BRDA:20,3,1,0
BRDA:28,4,0,0
BRDA:28,4,1,0
BRF:11
BRH:0
end_of_record
TN:
SF:src\utils\propertyFormat.ts
FN:3,formatInr
FN:8,formatListingDate
FN:32,parseRichMetadata
FN:58,(anonymous_3)
FN:61,(anonymous_4)
FN:69,listingTypeChips
FNF:6
FNH:1
FNDA:2,formatInr
FNDA:0,formatListingDate
FNDA:0,parseRichMetadata
FNDA:0,(anonymous_3)
FNDA:0,(anonymous_4)
FNDA:0,listingTypeChips
DA:4,2
DA:5,1
DA:9,0
DA:10,0
DA:11,0
DA:17,0
DA:33,0
DA:34,0
DA:35,0
DA:36,0
DA:37,0
DA:38,0
DA:39,0
DA:58,0
DA:61,0
DA:65,0
DA:74,0
DA:75,0
DA:76,0
DA:77,0
DA:78,0
LF:21
LH:2
BRDA:4,0,0,1
BRDA:4,0,1,1
BRDA:4,1,0,2
BRDA:4,1,1,1
BRDA:9,2,0,0
BRDA:9,2,1,0
BRDA:33,3,0,0
BRDA:33,3,1,0
BRDA:41,4,0,0
BRDA:41,4,1,0
BRDA:43,5,0,0
BRDA:43,5,1,0
BRDA:45,6,0,0
BRDA:45,6,1,0
BRDA:47,7,0,0
BRDA:47,7,1,0
BRDA:48,8,0,0
BRDA:48,8,1,0
BRDA:51,9,0,0
BRDA:51,9,1,0
BRDA:56,10,0,0
BRDA:56,10,1,0
BRDA:57,11,0,0
BRDA:57,11,1,0
BRDA:60,12,0,0
BRDA:60,12,1,0
BRDA:75,13,0,0
BRDA:75,13,1,0
BRDA:76,14,0,0
BRDA:76,14,1,0
BRDA:77,15,0,0
BRDA:77,15,1,0
BRF:32
BRH:4
end_of_record
TN:
SF:src\utils\propertyListMeta.ts
FN:41,buildPropertyListCardMeta
FN:154,(anonymous_1)
FNF:2
FNH:0
FNDA:0,buildPropertyListCardMeta
FNDA:0,(anonymous_1)
DA:37,0
DA:38,0
DA:42,0
DA:43,0
DA:45,0
DA:46,0
DA:54,0
DA:55,0
DA:63,0
DA:64,0
DA:65,0
DA:74,0
DA:75,0
DA:76,0
DA:84,0
DA:85,0
DA:93,0
DA:94,0
DA:102,0
DA:103,0
DA:111,0
DA:112,0
DA:120,0
DA:121,0
DA:129,0
DA:130,0
DA:131,0
DA:133,0
DA:134,0
DA:139,0
DA:144,0
DA:145,0
DA:152,0
DA:153,0
DA:154,0
DA:158,0
LF:36
LH:0
BRDA:45,0,0,0
BRDA:45,0,1,0
BRDA:54,1,0,0
BRDA:54,1,1,0
BRDA:58,2,0,0
BRDA:58,2,1,0
BRDA:64,3,0,0
BRDA:64,3,1,0
BRDA:74,4,0,0
BRDA:74,4,1,0
BRDA:74,4,2,0
BRDA:75,5,0,0
BRDA:75,5,1,0
BRDA:84,6,0,0
BRDA:84,6,1,0
BRDA:93,7,0,0
BRDA:93,7,1,0
BRDA:93,8,0,0
BRDA:93,8,1,0
BRDA:93,8,2,0
BRDA:102,9,0,0
BRDA:102,9,1,0
BRDA:111,10,0,0
BRDA:111,10,1,0
BRDA:120,11,0,0
BRDA:120,11,1,0
BRDA:120,12,0,0
BRDA:120,12,1,0
BRDA:130,13,0,0
BRDA:130,13,1,0
BRDA:131,14,0,0
BRDA:131,14,1,0
BRDA:133,15,0,0
BRDA:133,15,1,0
BRDA:133,16,0,0
BRDA:133,16,1,0
BRDA:136,17,0,0
BRDA:136,17,1,0
BRDA:144,18,0,0
BRDA:144,18,1,0
BRDA:144,19,0,0
BRDA:144,19,1,0
BRDA:152,20,0,0
BRDA:152,20,1,0
BRDA:153,21,0,0
BRDA:153,21,1,0
BRF:46
BRH:0
end_of_record
TN:
SF:src\utils\propertySearchFilters.ts
FN:32,(anonymous_0)
FN:40,monthlyPrice
FN:46,matchesListingType
FN:53,matchesBhk
FN:56,(anonymous_4)
FN:59,matchesRentPreset
FN:67,(anonymous_6)
FN:78,matchesText
FN:89,countActiveFilters
FN:99,applyPropertySearch
FN:106,(anonymous_10)
FN:114,aiScoreOf
FN:120,(anonymous_12)
FN:141,sortLabel
FN:154,nextSortOption
FNF:15
FNH:0
FNDA:0,(anonymous_0)
FNDA:0,monthlyPrice
FNDA:0,matchesListingType
FNDA:0,matchesBhk
FNDA:0,(anonymous_4)
FNDA:0,matchesRentPreset
FNDA:0,(anonymous_6)
FNDA:0,matchesText
FNDA:0,countActiveFilters
FNDA:0,applyPropertySearch
FNDA:0,(anonymous_10)
FNDA:0,aiScoreOf
FNDA:0,(anonymous_12)
FNDA:0,sortLabel
FNDA:0,nextSortOption
DA:9,0
DA:16,0
DA:32,0
DA:41,0
DA:42,0
DA:43,0
DA:47,0
DA:48,0
DA:49,0
DA:50,0
DA:54,0
DA:55,0
DA:56,0
DA:64,0
DA:65,0
DA:67,0
DA:68,0
DA:71,0
DA:73,0
DA:74,0
DA:75,0
DA:79,0
DA:80,0
DA:81,0
DA:90,0
DA:91,0
DA:92,0
DA:93,0
DA:94,0
DA:95,0
DA:96,0
DA:105,0
DA:107,0
DA:115,0
DA:116,0
DA:117,0
DA:120,0
DA:121,0
DA:122,0
DA:126,0
DA:127,0
DA:128,0
DA:129,0
DA:133,0
DA:134,0
DA:135,0
DA:138,0
DA:142,0
DA:144,0
DA:146,0
DA:148,0
DA:150,0
DA:155,0
DA:156,0
DA:157,0
DA:158,0
LF:56
LH:0
BRDA:41,0,0,0
BRDA:41,0,1,0
BRDA:41,1,0,0
BRDA:41,1,1,0
BRDA:42,2,0,0
BRDA:42,2,1,0
BRDA:42,3,0,0
BRDA:42,3,1,0
BRDA:47,4,0,0
BRDA:47,4,1,0
BRDA:48,5,0,0
BRDA:48,5,1,0
BRDA:48,6,0,0
BRDA:48,6,1,0
BRDA:49,7,0,0
BRDA:49,7,1,0
BRDA:54,8,0,0
BRDA:54,8,1,0
BRDA:55,9,0,0
BRDA:55,9,1,0
BRDA:64,10,0,0
BRDA:64,10,1,0
BRDA:65,11,0,0
BRDA:65,11,1,0
BRDA:68,12,0,0
BRDA:68,12,1,0
BRDA:71,13,0,0
BRDA:71,13,1,0
BRDA:71,14,0,0
BRDA:71,14,1,0
BRDA:73,15,0,0
BRDA:73,15,1,0
BRDA:73,16,0,0
BRDA:73,16,1,0
BRDA:74,17,0,0
BRDA:74,17,1,0
BRDA:74,18,0,0
BRDA:74,18,1,0
BRDA:80,19,0,0
BRDA:80,19,1,0
BRDA:82,20,0,0
BRDA:82,20,1,0
BRDA:82,20,2,0
BRDA:82,20,3,0
BRDA:82,20,4,0
BRDA:82,20,5,0
BRDA:91,21,0,0
BRDA:91,21,1,0
BRDA:92,22,0,0
BRDA:92,22,1,0
BRDA:93,23,0,0
BRDA:93,23,1,0
BRDA:94,24,0,0
BRDA:94,24,1,0
BRDA:95,25,0,0
BRDA:95,25,1,0
BRDA:107,26,0,0
BRDA:107,26,1,0
BRDA:107,26,2,0
BRDA:107,26,3,0
BRDA:107,26,4,0
BRDA:107,26,5,0
BRDA:115,27,0,0
BRDA:115,27,1,0
BRDA:116,28,0,0
BRDA:116,28,1,0
BRDA:117,29,0,0
BRDA:117,29,1,0
BRDA:121,30,0,0
BRDA:121,30,1,0
BRDA:126,31,0,0
BRDA:126,31,1,0
BRDA:128,32,0,0
BRDA:128,32,1,0
BRDA:135,33,0,0
BRDA:135,33,1,0
BRDA:142,34,0,0
BRDA:142,34,1,0
BRDA:142,34,2,0
BRDA:142,34,3,0
BRDA:155,35,0,0
BRDA:155,35,1,0
BRDA:156,36,0,0
BRDA:156,36,1,0
BRDA:157,37,0,0
BRDA:157,37,1,0
BRF:86
BRH:0
end_of_record
TN:
SF:src\utils\responsive.ts
FN:8,getDeviceSize
FN:15,listingColumnCount
FN:21,useResponsiveLayout
FNF:3
FNH:0
FNDA:0,getDeviceSize
FNDA:0,listingColumnCount
FNDA:0,useResponsiveLayout
DA:5,0
DA:6,0
DA:9,0
DA:10,0
DA:11,0
DA:16,0
DA:17,0
DA:18,0
DA:22,0
DA:23,0
DA:24,0
LF:11
LH:0
BRDA:9,0,0,0
BRDA:9,0,1,0
BRDA:10,1,0,0
BRDA:10,1,1,0
BRDA:16,2,0,0
BRDA:16,2,1,0
BRDA:17,3,0,0
BRDA:17,3,1,0
BRDA:32,4,0,0
BRDA:32,4,1,0
BRDA:33,5,0,0
BRDA:33,5,1,0
BRDA:33,6,0,0
BRDA:33,6,1,0
BRF:14
BRH:0
end_of_record
TN:
SF:src\utils\roles.ts
FN:2,isOwnerRole
FN:6,isUserRole
FN:10,isBuilderRole
FN:14,isAgentRole
FNF:4
FNH:4
FNDA:2,isOwnerRole
FNDA:1,isUserRole
FNDA:1,isBuilderRole
FNDA:3,isAgentRole
DA:3,2
DA:7,1
DA:11,1
DA:15,3
LF:4
LH:4
BRF:0
BRH:0
end_of_record
TN:
SF:src\utils\scrollChromeMotion.ts
FN:6,headerExtraMotion
FN:29,stickyBarRevealStart
FN:34,stickyBarMotion
FNF:3
FNH:0
FNDA:0,headerExtraMotion
FNDA:0,stickyBarRevealStart
FNDA:0,stickyBarMotion
DA:7,0
DA:13,0
DA:19,0
DA:25,0
DA:30,0
DA:35,0
DA:36,0
DA:38,0
DA:44,0
DA:50,0
LF:10
LH:0
BRF:0
BRH:0
end_of_record
TN:
SF:src\utils\username.ts
FN:2,sanitizeUsername
FN:13,buildUsernameCandidatesFromFullName
FN:18,(anonymous_2)
FN:34,(anonymous_3)
FNF:4
FNH:4
FNDA:7,sanitizeUsername
FNDA:2,buildUsernameCandidatesFromFullName
FNDA:3,(anonymous_2)
FNDA:4,(anonymous_3)
DA:3,7
DA:14,2
DA:18,3
DA:21,2
DA:23,1
DA:24,1
DA:26,1
DA:27,1
DA:28,1
DA:30,1
DA:31,1
DA:34,4
LF:12
LH:12
BRDA:21,0,0,1
BRDA:21,0,1,1
BRDA:24,1,0,1
BRDA:24,1,1,0
BRDA:27,2,0,1
BRDA:27,2,1,0
BRDA:27,3,0,1
BRDA:27,3,1,1
BRDA:27,3,2,1
BRDA:30,4,0,1
BRDA:30,4,1,0
BRF:11
BRH:8
end_of_record
TN:
SF:src\utils\youtubeEmbed.ts
FN:3,parseMediaUrl
FN:17,getYouTubeVideoId
FN:46,getYouTubeEmbedUrl
FN:51,getYouTubeWatchUrl
FN:56,getYouTubeThumbnailUrl
FN:61,isYouTubeUrl
FN:65,buildYouTubeEmbedHtml
FNF:7
FNH:0
FNDA:0,parseMediaUrl
FNDA:0,getYouTubeVideoId
FNDA:0,getYouTubeEmbedUrl
FNDA:0,getYouTubeWatchUrl
FNDA:0,getYouTubeThumbnailUrl
FNDA:0,isYouTubeUrl
FNDA:0,buildYouTubeEmbedHtml
DA:4,0
DA:5,0
DA:6,0
DA:7,0
DA:9,0
DA:10,0
DA:12,0
DA:18,0
DA:20,0
DA:21,0
DA:23,0
DA:24,0
DA:26,0
DA:27,0
DA:28,0
DA:29,0
DA:30,0
DA:31,0
DA:32,0
DA:33,0
DA:36,0
DA:37,0
DA:41,0
DA:42,0
DA:43,0
DA:47,0
DA:48,0
DA:52,0
DA:53,0
DA:57,0
DA:58,0
DA:62,0
DA:66,0
DA:67,0
LF:34
LH:0
BRDA:5,0,0,0
BRDA:5,0,1,0
BRDA:18,1,0,0
BRDA:18,1,1,0
BRDA:21,2,0,0
BRDA:21,2,1,0
BRDA:26,3,0,0
BRDA:26,3,1,0
BRDA:27,4,0,0
BRDA:27,4,1,0
BRDA:28,5,0,0
BRDA:28,5,1,0
BRDA:28,6,0,0
BRDA:28,6,1,0
BRDA:28,6,2,0
BRDA:30,7,0,0
BRDA:30,7,1,0
BRDA:32,8,0,0
BRDA:32,8,1,0
BRDA:32,9,0,0
BRDA:32,9,1,0
BRDA:32,9,2,0
BRDA:32,9,3,0
BRDA:36,10,0,0
BRDA:36,10,1,0
BRDA:41,11,0,0
BRDA:41,11,1,0
BRDA:43,12,0,0
BRDA:43,12,1,0
BRDA:48,13,0,0
BRDA:48,13,1,0
BRDA:53,14,0,0
BRDA:53,14,1,0
BRDA:53,15,0,0
BRDA:53,15,1,0
BRDA:58,16,0,0
BRDA:58,16,1,0
BRF:37
BRH:0
end_of_record
